INFO: [VRFC 10-163] Analyzing VHDL file "C:/Github/FFFT/SDF_proj_v2.xpr/SDF_proj_v2/SDF_proj_v2.sim/sim_1/impl/func/xsim/tb_Axi_Stream_func_impl.vhd" into library xil_defaultlib
INFO: [VRFC 10-3107] analyzing entity 'dmem'
INFO: [VRFC 10-3107] analyzing entity 'dmem_13'
INFO: [VRFC 10-3107] analyzing entity 'ltlib_v1_0_0_bscan'
INFO: [VRFC 10-3107] analyzing entity 'ltlib_v1_0_0_generic_mux'
INFO: [VRFC 10-3107] analyzing entity 'rd_bin_cntr'
INFO: [VRFC 10-3107] analyzing entity 'rd_bin_cntr_18'
INFO: [VRFC 10-3107] analyzing entity 'rd_fwft'
INFO: [VRFC 10-3107] analyzing entity 'rd_handshaking_flags'
INFO: [VRFC 10-3107] analyzing entity '\rd_handshaking_flags__parameterized0\'
INFO: [VRFC 10-3107] analyzing entity 'rd_status_flags_as'
INFO: [VRFC 10-3107] analyzing entity 'rd_status_flags_as_17'
INFO: [VRFC 10-3107] analyzing entity 'synchronizer_ff'
INFO: [VRFC 10-3107] analyzing entity 'synchronizer_ff_1'
INFO: [VRFC 10-3107] analyzing entity 'synchronizer_ff_10'
INFO: [VRFC 10-3107] analyzing entity 'synchronizer_ff_11'
INFO: [VRFC 10-3107] analyzing entity 'synchronizer_ff_12'
INFO: [VRFC 10-3107] analyzing entity 'synchronizer_ff_2'
INFO: [VRFC 10-3107] analyzing entity 'synchronizer_ff_3'
INFO: [VRFC 10-3107] analyzing entity 'synchronizer_ff_9'
INFO: [VRFC 10-3107] analyzing entity '\synchronizer_ff__parameterized0\'
INFO: [VRFC 10-3107] analyzing entity '\synchronizer_ff__parameterized0_19\'
INFO: [VRFC 10-3107] analyzing entity '\synchronizer_ff__parameterized0_20\'
INFO: [VRFC 10-3107] analyzing entity '\synchronizer_ff__parameterized0_21\'
INFO: [VRFC 10-3107] analyzing entity '\synchronizer_ff__parameterized0_22\'
INFO: [VRFC 10-3107] analyzing entity '\synchronizer_ff__parameterized0_4\'
INFO: [VRFC 10-3107] analyzing entity '\synchronizer_ff__parameterized0_5\'
INFO: [VRFC 10-3107] analyzing entity '\synchronizer_ff__parameterized0_6\'
INFO: [VRFC 10-3107] analyzing entity 'wr_bin_cntr'
INFO: [VRFC 10-3107] analyzing entity 'wr_bin_cntr_16'
INFO: [VRFC 10-3107] analyzing entity 'wr_handshaking_flags'
INFO: [VRFC 10-3107] analyzing entity 'wr_handshaking_flags_15'
INFO: [VRFC 10-3107] analyzing entity 'wr_status_flags_as'
INFO: [VRFC 10-3107] analyzing entity 'wr_status_flags_as_14'
INFO: [VRFC 10-3107] analyzing entity 'xsdbm_v3_0_0_addr_ctl'
INFO: [VRFC 10-3107] analyzing entity 'xsdbm_v3_0_0_bscan_switch'
INFO: [VRFC 10-3107] analyzing entity 'xsdbm_v3_0_0_burst_wdlen_ctl'
INFO: [VRFC 10-3107] analyzing entity 'xsdbm_v3_0_0_bus_ctl_cnt'
INFO: [VRFC 10-3107] analyzing entity 'xsdbm_v3_0_0_bus_ctl_flg'
INFO: [VRFC 10-3107] analyzing entity '\xsdbm_v3_0_0_bus_ctl_flg__parameterized0\'
INFO: [VRFC 10-3107] analyzing entity 'xsdbm_v3_0_0_cmd_decode'
INFO: [VRFC 10-3107] analyzing entity 'xsdbm_v3_0_0_ctl_reg'
INFO: [VRFC 10-3107] analyzing entity '\xsdbm_v3_0_0_ctl_reg__parameterized0\'
INFO: [VRFC 10-3107] analyzing entity '\xsdbm_v3_0_0_ctl_reg__parameterized1\'
INFO: [VRFC 10-3107] analyzing entity '\xsdbm_v3_0_0_ctl_reg__parameterized2\'
INFO: [VRFC 10-3107] analyzing entity 'xsdbm_v3_0_0_if_static_status'
INFO: [VRFC 10-3107] analyzing entity 'xsdbm_v3_0_0_stat'
INFO: [VRFC 10-3107] analyzing entity 'xsdbm_v3_0_0_stat_reg'
INFO: [VRFC 10-3107] analyzing entity '\xsdbm_v3_0_0_stat_reg__parameterized0\'
INFO: [VRFC 10-3107] analyzing entity '\xsdbm_v3_0_0_stat_reg__parameterized0_0\'
INFO: [VRFC 10-3107] analyzing entity 'xsdbm_v3_0_0_sync'
INFO: [VRFC 10-3107] analyzing entity 'design_1_AXI4Stream_UART_0_2_UART_Engine'
INFO: [VRFC 10-3107] analyzing entity 'design_1_AXI4Stream_UART_0_2_xpm_cdc_gray'
INFO: [VRFC 10-3107] analyzing entity '\design_1_AXI4Stream_UART_0_2_xpm_cdc_gray__4\'
INFO: [VRFC 10-3107] analyzing entity '\design_1_AXI4Stream_UART_0_2_xpm_cdc_gray__5\'
INFO: [VRFC 10-3107] analyzing entity '\design_1_AXI4Stream_UART_0_2_xpm_cdc_gray__6\'
INFO: [VRFC 10-3107] analyzing entity 'design_1_AXI4Stream_UART_0_2_xpm_cdc_sync_rst'
INFO: [VRFC 10-3107] analyzing entity '\design_1_AXI4Stream_UART_0_2_xpm_cdc_sync_rst__4\'
INFO: [VRFC 10-3107] analyzing entity '\design_1_AXI4Stream_UART_0_2_xpm_cdc_sync_rst__5\'
INFO: [VRFC 10-3107] analyzing entity '\design_1_AXI4Stream_UART_0_2_xpm_cdc_sync_rst__6\'
INFO: [VRFC 10-3107] analyzing entity 'design_1_AXI4Stream_UART_0_2_xpm_counter_updn_3'
INFO: [VRFC 10-3107] analyzing entity '\design_1_AXI4Stream_UART_0_2_xpm_counter_updn__parameterized0\'
INFO: [VRFC 10-3107] analyzing entity '\design_1_AXI4Stream_UART_0_2_xpm_counter_updn__parameterized0_12\'
INFO: [VRFC 10-3107] analyzing entity '\design_1_AXI4Stream_UART_0_2_xpm_counter_updn__parameterized2\'
INFO: [VRFC 10-3107] analyzing entity '\design_1_AXI4Stream_UART_0_2_xpm_counter_updn__parameterized2_1\'
INFO: [VRFC 10-3107] analyzing entity '\design_1_AXI4Stream_UART_0_2_xpm_counter_updn__parameterized2_10\'
INFO: [VRFC 10-3107] analyzing entity '\design_1_AXI4Stream_UART_0_2_xpm_counter_updn__parameterized2_7\'
INFO: [VRFC 10-3107] analyzing entity '\design_1_AXI4Stream_UART_0_2_xpm_counter_updn__parameterized3\'
INFO: [VRFC 10-3107] analyzing entity '\design_1_AXI4Stream_UART_0_2_xpm_counter_updn__parameterized3_11\'
INFO: [VRFC 10-3107] analyzing entity '\design_1_AXI4Stream_UART_0_2_xpm_counter_updn__parameterized3_2\'
INFO: [VRFC 10-3107] analyzing entity '\design_1_AXI4Stream_UART_0_2_xpm_counter_updn__parameterized3_8\'
INFO: [VRFC 10-3107] analyzing entity 'design_1_AXI4Stream_UART_0_2_xpm_fifo_reg_bit'
INFO: [VRFC 10-3107] analyzing entity 'design_1_AXI4Stream_UART_0_2_xpm_fifo_reg_bit_9'
INFO: [VRFC 10-3107] analyzing entity 'design_1_AXI4Stream_UART_0_2_xpm_fifo_reg_vec'
INFO: [VRFC 10-3107] analyzing entity 'design_1_AXI4Stream_UART_0_2_xpm_fifo_reg_vec_0'
INFO: [VRFC 10-3107] analyzing entity 'design_1_AXI4Stream_UART_0_2_xpm_fifo_reg_vec_4'
INFO: [VRFC 10-3107] analyzing entity 'design_1_AXI4Stream_UART_0_2_xpm_fifo_reg_vec_5'
INFO: [VRFC 10-3107] analyzing entity 'design_1_AXI4Stream_UART_0_2_xpm_memory_base'
INFO: [VRFC 10-3107] analyzing entity '\design_1_AXI4Stream_UART_0_2_xpm_memory_base__2\'
INFO: [VRFC 10-3107] analyzing entity 'design_1_AXI_Input_Interface_0_1_AXI_Input_Interface'
INFO: [VRFC 10-3107] analyzing entity 'design_1_AXI_Output_Interface_0_0_AXI_Output_Interface'
INFO: [VRFC 10-3107] analyzing entity 'design_1_SDF_Top_0_0_R2_BU'
INFO: [VRFC 10-3107] analyzing entity 'design_1_SDF_Top_0_0_R2_BU_0'
INFO: [VRFC 10-3107] analyzing entity 'design_1_SDF_Top_0_0_Rotator'
INFO: [VRFC 10-3107] analyzing entity 'design_1_SDF_Top_0_0_Rotator_1'
INFO: [VRFC 10-3107] analyzing entity 'design_1_SDF_Top_0_0_SR_FIFO'
INFO: [VRFC 10-3107] analyzing entity '\design_1_SDF_Top_0_0_SR_FIFO__parameterized1\'
INFO: [VRFC 10-3107] analyzing entity 'design_1_clk_wiz_0_clk_wiz'
INFO: [VRFC 10-3107] analyzing entity 'design_1_rst_clk_wiz_100M_0_cdc_sync'
INFO: [VRFC 10-3107] analyzing entity 'design_1_rst_clk_wiz_100M_0_cdc_sync_0'
INFO: [VRFC 10-3107] analyzing entity 'design_1_rst_clk_wiz_100M_0_upcnt_n'
INFO: [VRFC 10-3107] analyzing entity 'design_1_system_ila_0_3_bd_f74c_g_inst_0'
INFO: [VRFC 10-3107] analyzing entity 'design_1_system_ila_0_3_ltlib_v1_0_0_all_typeA_slice'
INFO: [VRFC 10-3107] analyzing entity 'design_1_system_ila_0_3_ltlib_v1_0_0_all_typeA_slice_20'
INFO: [VRFC 10-3107] analyzing entity 'design_1_system_ila_0_3_ltlib_v1_0_0_all_typeA_slice_21'
INFO: [VRFC 10-3107] analyzing entity 'design_1_system_ila_0_3_ltlib_v1_0_0_all_typeA_slice_22'
INFO: [VRFC 10-3107] analyzing entity 'design_1_system_ila_0_3_ltlib_v1_0_0_all_typeA_slice_38'
INFO: [VRFC 10-3107] analyzing entity 'design_1_system_ila_0_3_ltlib_v1_0_0_all_typeA_slice_6'
INFO: [VRFC 10-3107] analyzing entity 'design_1_system_ila_0_3_ltlib_v1_0_0_all_typeA_slice_7'
INFO: [VRFC 10-3107] analyzing entity '\design_1_system_ila_0_3_ltlib_v1_0_0_all_typeA_slice__parameterized0\'
INFO: [VRFC 10-3107] analyzing entity '\design_1_system_ila_0_3_ltlib_v1_0_0_all_typeA_slice__parameterized0_11\'
INFO: [VRFC 10-3107] analyzing entity '\design_1_system_ila_0_3_ltlib_v1_0_0_all_typeA_slice__parameterized0_14\'
INFO: [VRFC 10-3107] analyzing entity '\design_1_system_ila_0_3_ltlib_v1_0_0_all_typeA_slice__parameterized0_17\'
INFO: [VRFC 10-3107] analyzing entity '\design_1_system_ila_0_3_ltlib_v1_0_0_all_typeA_slice__parameterized0_2\'
INFO: [VRFC 10-3107] analyzing entity '\design_1_system_ila_0_3_ltlib_v1_0_0_all_typeA_slice__parameterized0_23\'
INFO: [VRFC 10-3107] analyzing entity '\design_1_system_ila_0_3_ltlib_v1_0_0_all_typeA_slice__parameterized0_25\'
INFO: [VRFC 10-3107] analyzing entity '\design_1_system_ila_0_3_ltlib_v1_0_0_all_typeA_slice__parameterized0_28\'
INFO: [VRFC 10-3107] analyzing entity '\design_1_system_ila_0_3_ltlib_v1_0_0_all_typeA_slice__parameterized0_31\'
INFO: [VRFC 10-3107] analyzing entity '\design_1_system_ila_0_3_ltlib_v1_0_0_all_typeA_slice__parameterized0_34\'
INFO: [VRFC 10-3107] analyzing entity '\design_1_system_ila_0_3_ltlib_v1_0_0_all_typeA_slice__parameterized0_37\'
INFO: [VRFC 10-3107] analyzing entity '\design_1_system_ila_0_3_ltlib_v1_0_0_all_typeA_slice__parameterized0_39\'
INFO: [VRFC 10-3107] analyzing entity '\design_1_system_ila_0_3_ltlib_v1_0_0_all_typeA_slice__parameterized0_5\'
INFO: [VRFC 10-3107] analyzing entity '\design_1_system_ila_0_3_ltlib_v1_0_0_all_typeA_slice__parameterized0_8\'
INFO: [VRFC 10-3107] analyzing entity '\design_1_system_ila_0_3_ltlib_v1_0_0_all_typeA_slice__parameterized1\'
INFO: [VRFC 10-3107] analyzing entity '\design_1_system_ila_0_3_ltlib_v1_0_0_all_typeA_slice__parameterized1_59\'
INFO: [VRFC 10-3107] analyzing entity '\design_1_system_ila_0_3_ltlib_v1_0_0_all_typeA_slice__parameterized1_63\'
INFO: [VRFC 10-3107] analyzing entity '\design_1_system_ila_0_3_ltlib_v1_0_0_all_typeA_slice__parameterized2\'
INFO: [VRFC 10-3107] analyzing entity '\design_1_system_ila_0_3_ltlib_v1_0_0_all_typeA_slice__parameterized2_60\'
INFO: [VRFC 10-3107] analyzing entity '\design_1_system_ila_0_3_ltlib_v1_0_0_all_typeA_slice__parameterized2_64\'
INFO: [VRFC 10-3107] analyzing entity 'design_1_system_ila_0_3_ltlib_v1_0_0_async_edge_xfer'
INFO: [VRFC 10-3107] analyzing entity '\design_1_system_ila_0_3_ltlib_v1_0_0_async_edge_xfer__1\'
INFO: [VRFC 10-3107] analyzing entity '\design_1_system_ila_0_3_ltlib_v1_0_0_async_edge_xfer__2\'
INFO: [VRFC 10-3107] analyzing entity '\design_1_system_ila_0_3_ltlib_v1_0_0_async_edge_xfer__3\'
INFO: [VRFC 10-3107] analyzing entity 'design_1_system_ila_0_3_ltlib_v1_0_0_cfglut4'
INFO: [VRFC 10-3107] analyzing entity '\design_1_system_ila_0_3_ltlib_v1_0_0_cfglut4__1\'
INFO: [VRFC 10-3107] analyzing entity 'design_1_system_ila_0_3_ltlib_v1_0_0_cfglut5'
INFO: [VRFC 10-3107] analyzing entity '\design_1_system_ila_0_3_ltlib_v1_0_0_cfglut5__1\'
INFO: [VRFC 10-3107] analyzing entity '\design_1_system_ila_0_3_ltlib_v1_0_0_cfglut5__2\'
INFO: [VRFC 10-3107] analyzing entity 'design_1_system_ila_0_3_ltlib_v1_0_0_cfglut6'
INFO: [VRFC 10-3107] analyzing entity '\design_1_system_ila_0_3_ltlib_v1_0_0_cfglut6__1\'
INFO: [VRFC 10-3107] analyzing entity '\design_1_system_ila_0_3_ltlib_v1_0_0_cfglut6__parameterized0\'
INFO: [VRFC 10-3107] analyzing entity 'design_1_system_ila_0_3_ltlib_v1_0_0_cfglut7'
INFO: [VRFC 10-3107] analyzing entity '\design_1_system_ila_0_3_ltlib_v1_0_0_cfglut7__1\'
INFO: [VRFC 10-3107] analyzing entity 'design_1_system_ila_0_3_ltlib_v1_0_0_generic_memrd'
INFO: [VRFC 10-3107] analyzing entity 'design_1_system_ila_0_3_ltlib_v1_0_0_rising_edge_detection'
INFO: [VRFC 10-3107] analyzing entity '\design_1_system_ila_0_3_ltlib_v1_0_0_rising_edge_detection__1\'
INFO: [VRFC 10-3107] analyzing entity 'design_1_system_ila_0_3_xsdbs_v1_0_2_reg_ctl'
INFO: [VRFC 10-3107] analyzing entity 'design_1_system_ila_0_3_xsdbs_v1_0_2_reg_ctl_43'
INFO: [VRFC 10-3107] analyzing entity 'design_1_system_ila_0_3_xsdbs_v1_0_2_reg_ctl_44'
INFO: [VRFC 10-3107] analyzing entity 'design_1_system_ila_0_3_xsdbs_v1_0_2_reg_ctl_45'
INFO: [VRFC 10-3107] analyzing entity 'design_1_system_ila_0_3_xsdbs_v1_0_2_reg_ctl_46'
INFO: [VRFC 10-3107] analyzing entity 'design_1_system_ila_0_3_xsdbs_v1_0_2_reg_ctl_49'
INFO: [VRFC 10-3107] analyzing entity 'design_1_system_ila_0_3_xsdbs_v1_0_2_reg_ctl_50'
INFO: [VRFC 10-3107] analyzing entity 'design_1_system_ila_0_3_xsdbs_v1_0_2_reg_ctl_51'
INFO: [VRFC 10-3107] analyzing entity 'design_1_system_ila_0_3_xsdbs_v1_0_2_reg_ctl_52'
INFO: [VRFC 10-3107] analyzing entity 'design_1_system_ila_0_3_xsdbs_v1_0_2_reg_ctl_53'
INFO: [VRFC 10-3107] analyzing entity 'design_1_system_ila_0_3_xsdbs_v1_0_2_reg_ctl_56'
INFO: [VRFC 10-3107] analyzing entity '\design_1_system_ila_0_3_xsdbs_v1_0_2_reg_ctl__parameterized0\'
INFO: [VRFC 10-3107] analyzing entity '\design_1_system_ila_0_3_xsdbs_v1_0_2_reg_ctl__parameterized1\'
INFO: [VRFC 10-3107] analyzing entity '\design_1_system_ila_0_3_xsdbs_v1_0_2_reg_ctl__parameterized1_47\'
INFO: [VRFC 10-3107] analyzing entity '\design_1_system_ila_0_3_xsdbs_v1_0_2_reg_ctl__parameterized1_48\'
INFO: [VRFC 10-3107] analyzing entity 'design_1_system_ila_0_3_xsdbs_v1_0_2_reg_p2s'
INFO: [VRFC 10-3107] analyzing entity '\design_1_system_ila_0_3_xsdbs_v1_0_2_reg_p2s__parameterized0\'
INFO: [VRFC 10-3107] analyzing entity '\design_1_system_ila_0_3_xsdbs_v1_0_2_reg_p2s__parameterized1\'
INFO: [VRFC 10-3107] analyzing entity '\design_1_system_ila_0_3_xsdbs_v1_0_2_reg_p2s__parameterized10\'
INFO: [VRFC 10-3107] analyzing entity '\design_1_system_ila_0_3_xsdbs_v1_0_2_reg_p2s__parameterized11\'
INFO: [VRFC 10-3107] analyzing entity '\design_1_system_ila_0_3_xsdbs_v1_0_2_reg_p2s__parameterized12\'
INFO: [VRFC 10-3107] analyzing entity '\design_1_system_ila_0_3_xsdbs_v1_0_2_reg_p2s__parameterized13\'
INFO: [VRFC 10-3107] analyzing entity '\design_1_system_ila_0_3_xsdbs_v1_0_2_reg_p2s__parameterized2\'
INFO: [VRFC 10-3107] analyzing entity '\design_1_system_ila_0_3_xsdbs_v1_0_2_reg_p2s__parameterized3\'
INFO: [VRFC 10-3107] analyzing entity '\design_1_system_ila_0_3_xsdbs_v1_0_2_reg_p2s__parameterized4\'
INFO: [VRFC 10-3107] analyzing entity '\design_1_system_ila_0_3_xsdbs_v1_0_2_reg_p2s__parameterized5\'
INFO: [VRFC 10-3107] analyzing entity '\design_1_system_ila_0_3_xsdbs_v1_0_2_reg_p2s__parameterized6\'
INFO: [VRFC 10-3107] analyzing entity '\design_1_system_ila_0_3_xsdbs_v1_0_2_reg_p2s__parameterized7\'
INFO: [VRFC 10-3107] analyzing entity '\design_1_system_ila_0_3_xsdbs_v1_0_2_reg_p2s__parameterized8\'
INFO: [VRFC 10-3107] analyzing entity '\design_1_system_ila_0_3_xsdbs_v1_0_2_reg_p2s__parameterized9\'
INFO: [VRFC 10-3107] analyzing entity 'design_1_system_ila_0_3_xsdbs_v1_0_2_reg_stat'
INFO: [VRFC 10-3107] analyzing entity 'design_1_system_ila_0_3_xsdbs_v1_0_2_reg_stat_40'
INFO: [VRFC 10-3107] analyzing entity 'design_1_system_ila_0_3_xsdbs_v1_0_2_reg_stat_41'
INFO: [VRFC 10-3107] analyzing entity 'design_1_system_ila_0_3_xsdbs_v1_0_2_reg_stat_42'
INFO: [VRFC 10-3107] analyzing entity 'design_1_system_ila_0_3_xsdbs_v1_0_2_reg_stat_54'
INFO: [VRFC 10-3107] analyzing entity 'design_1_system_ila_0_3_xsdbs_v1_0_2_reg_stat_55'
INFO: [VRFC 10-3107] analyzing entity 'design_1_system_ila_0_3_xsdbs_v1_0_2_xsdbs'
INFO: [VRFC 10-3107] analyzing entity 'design_1_system_ila_0_3_blk_mem_gen_v8_4_5_blk_mem_gen_prim_wrapper'
INFO: [VRFC 10-3107] analyzing entity '\design_1_system_ila_0_3_blk_mem_gen_v8_4_5_blk_mem_gen_prim_wrapper__parameterized0\'
INFO: [VRFC 10-3107] analyzing entity '\design_1_system_ila_0_3_blk_mem_gen_v8_4_5_blk_mem_gen_prim_wrapper__parameterized1\'
INFO: [VRFC 10-3107] analyzing entity 'clk_x_pntrs'
INFO: [VRFC 10-3107] analyzing entity 'clk_x_pntrs_7'
INFO: [VRFC 10-3107] analyzing entity 'memory'
INFO: [VRFC 10-3107] analyzing entity '\memory__parameterized0\'
INFO: [VRFC 10-3107] analyzing entity 'rd_logic'
INFO: [VRFC 10-3107] analyzing entity '\rd_logic__parameterized0\'
INFO: [VRFC 10-3107] analyzing entity 'reset_blk_ramfifo'
INFO: [VRFC 10-3107] analyzing entity 'reset_blk_ramfifo_8'
INFO: [VRFC 10-3107] analyzing entity 'wr_logic'
INFO: [VRFC 10-3107] analyzing entity '\wr_logic__parameterized0\'
INFO: [VRFC 10-3107] analyzing entity 'xsdbm_v3_0_0_bus_ctl'
INFO: [VRFC 10-3107] analyzing entity 'xsdbm_v3_0_0_bus_mstr2sl_if'
INFO: [VRFC 10-3107] analyzing entity 'xsdbm_v3_0_0_icon'
INFO: [VRFC 10-3107] analyzing entity 'design_1_AXI4Stream_UART_0_2_UART_Manager'
INFO: [VRFC 10-3107] analyzing entity 'design_1_AXI4Stream_UART_0_2_xpm_fifo_rst'
INFO: [VRFC 10-3107] analyzing entity '\design_1_AXI4Stream_UART_0_2_xpm_fifo_rst__xdcDup__1\'
INFO: [VRFC 10-3107] analyzing entity 'design_1_AXI_Input_Interface_0_1'
INFO: [VRFC 10-3107] analyzing entity 'design_1_AXI_Output_Interface_0_0'
INFO: [VRFC 10-3107] analyzing entity 'design_1_SDF_Top_0_0_SDF_Stage'
INFO: [VRFC 10-3107] analyzing entity '\design_1_SDF_Top_0_0_SDF_Stage__parameterized1\'
INFO: [VRFC 10-3107] analyzing entity 'design_1_clk_wiz_0'
INFO: [VRFC 10-3107] analyzing entity 'design_1_rst_clk_wiz_100M_0_lpf'
INFO: [VRFC 10-3107] analyzing entity 'design_1_rst_clk_wiz_100M_0_sequence_psr'
INFO: [VRFC 10-3107] analyzing entity 'design_1_system_ila_0_3_ila_v6_2_12_ila_reset_ctrl'
INFO: [VRFC 10-3107] analyzing entity 'design_1_system_ila_0_3_ltlib_v1_0_0_all_typeA'
INFO: [VRFC 10-3107] analyzing entity '\design_1_system_ila_0_3_ltlib_v1_0_0_all_typeA__parameterized0\'
INFO: [VRFC 10-3107] analyzing entity '\design_1_system_ila_0_3_ltlib_v1_0_0_all_typeA__parameterized0_1\'
INFO: [VRFC 10-3107] analyzing entity '\design_1_system_ila_0_3_ltlib_v1_0_0_all_typeA__parameterized0_10\'
INFO: [VRFC 10-3107] analyzing entity '\design_1_system_ila_0_3_ltlib_v1_0_0_all_typeA__parameterized0_13\'
INFO: [VRFC 10-3107] analyzing entity '\design_1_system_ila_0_3_ltlib_v1_0_0_all_typeA__parameterized0_16\'
INFO: [VRFC 10-3107] analyzing entity '\design_1_system_ila_0_3_ltlib_v1_0_0_all_typeA__parameterized0_24\'
INFO: [VRFC 10-3107] analyzing entity '\design_1_system_ila_0_3_ltlib_v1_0_0_all_typeA__parameterized0_27\'
INFO: [VRFC 10-3107] analyzing entity '\design_1_system_ila_0_3_ltlib_v1_0_0_all_typeA__parameterized0_30\'
INFO: [VRFC 10-3107] analyzing entity '\design_1_system_ila_0_3_ltlib_v1_0_0_all_typeA__parameterized0_33\'
INFO: [VRFC 10-3107] analyzing entity '\design_1_system_ila_0_3_ltlib_v1_0_0_all_typeA__parameterized0_36\'
INFO: [VRFC 10-3107] analyzing entity '\design_1_system_ila_0_3_ltlib_v1_0_0_all_typeA__parameterized0_4\'
INFO: [VRFC 10-3107] analyzing entity '\design_1_system_ila_0_3_ltlib_v1_0_0_all_typeA__parameterized1\'
INFO: [VRFC 10-3107] analyzing entity '\design_1_system_ila_0_3_ltlib_v1_0_0_all_typeA__parameterized1_19\'
INFO: [VRFC 10-3107] analyzing entity '\design_1_system_ila_0_3_ltlib_v1_0_0_all_typeA__parameterized2\'
INFO: [VRFC 10-3107] analyzing entity '\design_1_system_ila_0_3_ltlib_v1_0_0_all_typeA__parameterized2_58\'
INFO: [VRFC 10-3107] analyzing entity '\design_1_system_ila_0_3_ltlib_v1_0_0_all_typeA__parameterized2_62\'
INFO: [VRFC 10-3107] analyzing entity '\design_1_system_ila_0_3_xsdbs_v1_0_2_reg__parameterized35\'
INFO: [VRFC 10-3107] analyzing entity '\design_1_system_ila_0_3_xsdbs_v1_0_2_reg__parameterized36\'
INFO: [VRFC 10-3107] analyzing entity '\design_1_system_ila_0_3_xsdbs_v1_0_2_reg__parameterized37\'
INFO: [VRFC 10-3107] analyzing entity '\design_1_system_ila_0_3_xsdbs_v1_0_2_reg__parameterized38\'
INFO: [VRFC 10-3107] analyzing entity '\design_1_system_ila_0_3_xsdbs_v1_0_2_reg__parameterized50\'
INFO: [VRFC 10-3107] analyzing entity '\design_1_system_ila_0_3_xsdbs_v1_0_2_reg__parameterized51\'
INFO: [VRFC 10-3107] analyzing entity '\design_1_system_ila_0_3_xsdbs_v1_0_2_reg__parameterized52\'
INFO: [VRFC 10-3107] analyzing entity '\design_1_system_ila_0_3_xsdbs_v1_0_2_reg__parameterized53\'
INFO: [VRFC 10-3107] analyzing entity '\design_1_system_ila_0_3_xsdbs_v1_0_2_reg__parameterized54\'
INFO: [VRFC 10-3107] analyzing entity '\design_1_system_ila_0_3_xsdbs_v1_0_2_reg__parameterized55\'
INFO: [VRFC 10-3107] analyzing entity '\design_1_system_ila_0_3_xsdbs_v1_0_2_reg__parameterized56\'
INFO: [VRFC 10-3107] analyzing entity '\design_1_system_ila_0_3_xsdbs_v1_0_2_reg__parameterized57\'
INFO: [VRFC 10-3107] analyzing entity '\design_1_system_ila_0_3_xsdbs_v1_0_2_reg__parameterized58\'
INFO: [VRFC 10-3107] analyzing entity '\design_1_system_ila_0_3_xsdbs_v1_0_2_reg__parameterized59\'
INFO: [VRFC 10-3107] analyzing entity '\design_1_system_ila_0_3_xsdbs_v1_0_2_reg__parameterized60\'
INFO: [VRFC 10-3107] analyzing entity '\design_1_system_ila_0_3_xsdbs_v1_0_2_reg__parameterized61\'
INFO: [VRFC 10-3107] analyzing entity '\design_1_system_ila_0_3_xsdbs_v1_0_2_reg__parameterized63\'
INFO: [VRFC 10-3107] analyzing entity '\design_1_system_ila_0_3_xsdbs_v1_0_2_reg__parameterized65\'
INFO: [VRFC 10-3107] analyzing entity '\design_1_system_ila_0_3_xsdbs_v1_0_2_reg__parameterized68\'
INFO: [VRFC 10-3107] analyzing entity 'design_1_system_ila_0_3_xsdbs_v1_0_2_reg_stream'
INFO: [VRFC 10-3107] analyzing entity '\design_1_system_ila_0_3_xsdbs_v1_0_2_reg_stream__parameterized0\'
INFO: [VRFC 10-3107] analyzing entity 'design_1_system_ila_0_3_blk_mem_gen_v8_4_5_blk_mem_gen_prim_width'
INFO: [VRFC 10-3107] analyzing entity '\design_1_system_ila_0_3_blk_mem_gen_v8_4_5_blk_mem_gen_prim_width__parameterized0\'
INFO: [VRFC 10-3107] analyzing entity '\design_1_system_ila_0_3_blk_mem_gen_v8_4_5_blk_mem_gen_prim_width__parameterized1\'
INFO: [VRFC 10-3107] analyzing entity 'fifo_generator_ramfifo'
INFO: [VRFC 10-3107] analyzing entity '\fifo_generator_ramfifo__parameterized0\'
INFO: [VRFC 10-3107] analyzing entity 'design_1_AXI4Stream_UART_0_2_xpm_fifo_base'
INFO: [VRFC 10-3107] analyzing entity '\design_1_AXI4Stream_UART_0_2_xpm_fifo_base__xdcDup__1\'
INFO: [VRFC 10-3107] analyzing entity 'design_1_SDF_Top_0_0_SDF_Top'
INFO: [VRFC 10-3107] analyzing entity 'design_1_rst_clk_wiz_100M_0_proc_sys_reset'
INFO: [VRFC 10-3107] analyzing entity 'design_1_system_ila_0_3_ila_v6_2_12_ila_register'
INFO: [VRFC 10-3107] analyzing entity 'design_1_system_ila_0_3_ltlib_v1_0_0_allx_typeA'
INFO: [VRFC 10-3107] analyzing entity '\design_1_system_ila_0_3_ltlib_v1_0_0_allx_typeA__parameterized0\'
INFO: [VRFC 10-3107] analyzing entity '\design_1_system_ila_0_3_ltlib_v1_0_0_allx_typeA__parameterized0_26\'
INFO: [VRFC 10-3107] analyzing entity '\design_1_system_ila_0_3_ltlib_v1_0_0_allx_typeA__parameterized0_32\'
INFO: [VRFC 10-3107] analyzing entity '\design_1_system_ila_0_3_ltlib_v1_0_0_allx_typeA__parameterized0_35\'
INFO: [VRFC 10-3107] analyzing entity '\design_1_system_ila_0_3_ltlib_v1_0_0_allx_typeA__parameterized1\'
INFO: [VRFC 10-3107] analyzing entity '\design_1_system_ila_0_3_ltlib_v1_0_0_allx_typeA__parameterized1_0\'
INFO: [VRFC 10-3107] analyzing entity '\design_1_system_ila_0_3_ltlib_v1_0_0_allx_typeA__parameterized1_12\'
INFO: [VRFC 10-3107] analyzing entity '\design_1_system_ila_0_3_ltlib_v1_0_0_allx_typeA__parameterized1_15\'
INFO: [VRFC 10-3107] analyzing entity '\design_1_system_ila_0_3_ltlib_v1_0_0_allx_typeA__parameterized1_29\'
INFO: [VRFC 10-3107] analyzing entity '\design_1_system_ila_0_3_ltlib_v1_0_0_allx_typeA__parameterized1_3\'
INFO: [VRFC 10-3107] analyzing entity '\design_1_system_ila_0_3_ltlib_v1_0_0_allx_typeA__parameterized1_9\'
INFO: [VRFC 10-3107] analyzing entity '\design_1_system_ila_0_3_ltlib_v1_0_0_allx_typeA__parameterized2\'
INFO: [VRFC 10-3107] analyzing entity '\design_1_system_ila_0_3_ltlib_v1_0_0_allx_typeA__parameterized2_18\'
INFO: [VRFC 10-3107] analyzing entity 'design_1_system_ila_0_3_ltlib_v1_0_0_allx_typeA_nodelay'
INFO: [VRFC 10-3107] analyzing entity 'design_1_system_ila_0_3_ltlib_v1_0_0_allx_typeA_nodelay_57'
INFO: [VRFC 10-3107] analyzing entity 'design_1_system_ila_0_3_ltlib_v1_0_0_allx_typeA_nodelay_61'
INFO: [VRFC 10-3107] analyzing entity 'design_1_system_ila_0_3_blk_mem_gen_v8_4_5_blk_mem_gen_generic_cstr'
INFO: [VRFC 10-3107] analyzing entity 'fifo_generator_top'
INFO: [VRFC 10-3107] analyzing entity '\fifo_generator_top__parameterized0\'
INFO: [VRFC 10-3107] analyzing entity 'design_1_AXI4Stream_UART_0_2_xpm_fifo_async'
INFO: [VRFC 10-3107] analyzing entity '\design_1_AXI4Stream_UART_0_2_xpm_fifo_async__xdcDup__1\'
INFO: [VRFC 10-3107] analyzing entity 'design_1_SDF_Top_0_0'
INFO: [VRFC 10-3107] analyzing entity 'design_1_rst_clk_wiz_100M_0'
INFO: [VRFC 10-3107] analyzing entity 'design_1_system_ila_0_3_ltlib_v1_0_0_match'
INFO: [VRFC 10-3107] analyzing entity '\design_1_system_ila_0_3_ltlib_v1_0_0_match__parameterized0\'
INFO: [VRFC 10-3107] analyzing entity '\design_1_system_ila_0_3_ltlib_v1_0_0_match__parameterized0__1\'
INFO: [VRFC 10-3107] analyzing entity '\design_1_system_ila_0_3_ltlib_v1_0_0_match__parameterized0__2\'
INFO: [VRFC 10-3107] analyzing entity '\design_1_system_ila_0_3_ltlib_v1_0_0_match__parameterized0__3\'
INFO: [VRFC 10-3107] analyzing entity '\design_1_system_ila_0_3_ltlib_v1_0_0_match__parameterized1\'
INFO: [VRFC 10-3107] analyzing entity '\design_1_system_ila_0_3_ltlib_v1_0_0_match__parameterized1__1\'
INFO: [VRFC 10-3107] analyzing entity '\design_1_system_ila_0_3_ltlib_v1_0_0_match__parameterized1__2\'
INFO: [VRFC 10-3107] analyzing entity '\design_1_system_ila_0_3_ltlib_v1_0_0_match__parameterized1__3\'
INFO: [VRFC 10-3107] analyzing entity '\design_1_system_ila_0_3_ltlib_v1_0_0_match__parameterized1__4\'
INFO: [VRFC 10-3107] analyzing entity '\design_1_system_ila_0_3_ltlib_v1_0_0_match__parameterized1__5\'
INFO: [VRFC 10-3107] analyzing entity '\design_1_system_ila_0_3_ltlib_v1_0_0_match__parameterized1__6\'
INFO: [VRFC 10-3107] analyzing entity '\design_1_system_ila_0_3_ltlib_v1_0_0_match__parameterized2\'
INFO: [VRFC 10-3107] analyzing entity '\design_1_system_ila_0_3_ltlib_v1_0_0_match__parameterized2__1\'
INFO: [VRFC 10-3107] analyzing entity 'design_1_system_ila_0_3_ltlib_v1_0_0_match_nodelay'
INFO: [VRFC 10-3107] analyzing entity '\design_1_system_ila_0_3_ltlib_v1_0_0_match_nodelay__1\'
INFO: [VRFC 10-3107] analyzing entity '\design_1_system_ila_0_3_ltlib_v1_0_0_match_nodelay__2\'
INFO: [VRFC 10-3107] analyzing entity 'design_1_system_ila_0_3_blk_mem_gen_v8_4_5_blk_mem_gen_top'
INFO: [VRFC 10-3107] analyzing entity 'fifo_generator_v13_1_4_synth'
INFO: [VRFC 10-3107] analyzing entity '\fifo_generator_v13_1_4_synth__parameterized0\'
INFO: [VRFC 10-3107] analyzing entity 'design_1_AXI4Stream_UART_0_2_AXI4Stream_UART_v1_0'
INFO: [VRFC 10-3107] analyzing entity 'design_1_system_ila_0_3_ila_v6_2_12_ila_cap_sample_counter'
INFO: [VRFC 10-3107] analyzing entity 'design_1_system_ila_0_3_ila_v6_2_12_ila_cap_window_counter'
INFO: [VRFC 10-3107] analyzing entity 'design_1_system_ila_0_3_ila_v6_2_12_ila_trig_match'
INFO: [VRFC 10-3107] analyzing entity 'design_1_system_ila_0_3_blk_mem_gen_v8_4_5_synth'
INFO: [VRFC 10-3107] analyzing entity 'fifo_generator_v13_1_4'
INFO: [VRFC 10-3107] analyzing entity '\fifo_generator_v13_1_4__parameterized0\'
INFO: [VRFC 10-3107] analyzing entity 'design_1_AXI4Stream_UART_0_2'
INFO: [VRFC 10-3107] analyzing entity 'design_1_system_ila_0_3_ila_v6_2_12_ila_cap_addrgen'
INFO: [VRFC 10-3107] analyzing entity 'design_1_system_ila_0_3_ila_v6_2_12_ila_trigger'
INFO: [VRFC 10-3107] analyzing entity 'design_1_system_ila_0_3_blk_mem_gen_v8_4_5'
INFO: [VRFC 10-3107] analyzing entity 'xsdbm_v3_0_0_rdfifo'
INFO: [VRFC 10-3107] analyzing entity 'xsdbm_v3_0_0_wrfifo'
INFO: [VRFC 10-3107] analyzing entity 'design_1_system_ila_0_3_ila_v6_2_12_ila_cap_ctrl_legacy'
INFO: [VRFC 10-3107] analyzing entity 'design_1_system_ila_0_3_ila_v6_2_12_ila_trace_memory'
INFO: [VRFC 10-3107] analyzing entity 'xsdbm_v3_0_0_rdreg'
INFO: [VRFC 10-3107] analyzing entity 'xsdbm_v3_0_0_wrreg'
INFO: [VRFC 10-3107] analyzing entity 'design_1_system_ila_0_3_ila_v6_2_12_ila_core'
INFO: [VRFC 10-3107] analyzing entity 'xsdbm_v3_0_0_if'
INFO: [VRFC 10-3107] analyzing entity 'design_1_system_ila_0_3_ila_v6_2_12_ila'
INFO: [VRFC 10-3107] analyzing entity 'xsdbm_v3_0_0_icon2xsdb'
INFO: [VRFC 10-3107] analyzing entity 'design_1_system_ila_0_3_bd_f74c_ila_lib_0'
INFO: [VRFC 10-3107] analyzing entity 'xsdbm_v3_0_0_xsdbm_id'
INFO: [VRFC 10-3107] analyzing entity 'design_1_system_ila_0_3_bd_f74c'
INFO: [VRFC 10-3107] analyzing entity 'xsdbm_v3_0_0_xsdbm'
INFO: [VRFC 10-3107] analyzing entity 'design_1_system_ila_0_3'
INFO: [VRFC 10-3107] analyzing entity 'dbg_hub'
INFO: [VRFC 10-3107] analyzing entity 'design_1'
INFO: [VRFC 10-3107] analyzing entity 'design_1_wrapper'
INFO: [VRFC 10-163] Analyzing VHDL file "C:/Github/FFFT/SDF_proj_v2.xpr/SDF_proj_v2/SDF_proj_v2.srcs/sources_1/new/AXI_Input_Interface.vhd" into library xil_defaultlib
INFO: [VRFC 10-3107] analyzing entity 'AXI_Input_Interface'
INFO: [VRFC 10-163] Analyzing VHDL file "C:/Github/FFFT/SDF_proj_v2.xpr/SDF_proj_v2/SDF_proj_v2.srcs/sources_1/new/AXI_Output_Interface.vhd" into library xil_defaultlib
INFO: [VRFC 10-3107] analyzing entity 'AXI_Output_Interface'
INFO: [VRFC 10-163] Analyzing VHDL file "C:/Github/FFFT/SDF_proj_v2.xpr/SDF_proj_v2/SDF_proj_v2.srcs/sources_1/imports/new/SDF_Stage.vhd" into library xil_defaultlib
INFO: [VRFC 10-3107] analyzing entity 'SDF_Stage'
INFO: [VRFC 10-163] Analyzing VHDL file "C:/Github/FFFT/SDF_proj_v2.xpr/SDF_proj_v2/SDF_proj_v2.srcs/sources_1/new/SDF_Top.vhd" into library xil_defaultlib
INFO: [VRFC 10-3107] analyzing entity 'SDF_Top'
INFO: [VRFC 10-163] Analyzing VHDL file "C:/Github/FFFT/SDF_proj_v2.xpr/SDF_proj_v2/SDF_proj_v2.srcs/sources_1/imports/new/R2_BU.vhd" into library xil_defaultlib
INFO: [VRFC 10-3107] analyzing entity 'R2_BU'
INFO: [VRFC 10-163] Analyzing VHDL file "C:/Github/FFFT/SDF_proj_v2.xpr/SDF_proj_v2/SDF_proj_v2.srcs/sources_1/imports/new/Rotator.vhd" into library xil_defaultlib
INFO: [VRFC 10-3107] analyzing entity 'Rotator'
INFO: [VRFC 10-163] Analyzing VHDL file "C:/Github/FFFT/SDF_proj_v2.xpr/SDF_proj_v2/SDF_proj_v2.srcs/sources_1/imports/new/SR_FIFO.vhd" into library xil_defaultlib
INFO: [VRFC 10-3107] analyzing entity 'SR_FIFO'
INFO: [VRFC 10-163] Analyzing VHDL file "C:/Github/FFFT/SDF_proj_v2.xpr/SDF_proj_v2/SDF_proj_v2.srcs/sources_1/imports/new/TF_ROM.vhd" into library xil_defaultlib
INFO: [VRFC 10-3107] analyzing entity 'TF_ROM'
INFO: [VRFC 10-163] Analyzing VHDL file "C:/Github/FFFT/SDF_proj_v2.xpr/SDF_proj_v2/SDF_proj_v2.srcs/sim_1/new/tb_AXI_Stream.vhd" into library xil_defaultlib
INFO: [VRFC 10-3107] analyzing entity 'tb_Axi_Stream'
