INFO: [VRFC 10-163] Analyzing VHDL file "C:/Github/FFFT/SDF_proj_v2.xpr/SDF_proj_v2/SDF_proj_v2.sim/sim_1/synth/func/xsim/tb_Axi_Stream_func_synth.vhd" into library xil_defaultlib
INFO: [VRFC 10-3107] analyzing entity 'design_1_AXI4Stream_UART_0_2_UART_Engine'
INFO: [VRFC 10-3107] analyzing entity 'design_1_AXI4Stream_UART_0_2_xpm_cdc_gray'
INFO: [VRFC 10-3107] analyzing entity '\design_1_AXI4Stream_UART_0_2_xpm_cdc_gray__4\'
INFO: [VRFC 10-3107] analyzing entity '\design_1_AXI4Stream_UART_0_2_xpm_cdc_gray__5\'
INFO: [VRFC 10-3107] analyzing entity '\design_1_AXI4Stream_UART_0_2_xpm_cdc_gray__6\'
INFO: [VRFC 10-3107] analyzing entity '\design_1_AXI4Stream_UART_0_2_xpm_cdc_gray__parameterized0\'
INFO: [VRFC 10-3107] analyzing entity '\design_1_AXI4Stream_UART_0_2_xpm_cdc_gray__parameterized0__2\'
INFO: [VRFC 10-3107] analyzing entity '\design_1_AXI4Stream_UART_0_2_xpm_cdc_gray__parameterized1\'
INFO: [VRFC 10-3107] analyzing entity '\design_1_AXI4Stream_UART_0_2_xpm_cdc_gray__parameterized1__2\'
INFO: [VRFC 10-3107] analyzing entity 'design_1_AXI4Stream_UART_0_2_xpm_cdc_sync_rst'
INFO: [VRFC 10-3107] analyzing entity '\design_1_AXI4Stream_UART_0_2_xpm_cdc_sync_rst__4\'
INFO: [VRFC 10-3107] analyzing entity '\design_1_AXI4Stream_UART_0_2_xpm_cdc_sync_rst__5\'
INFO: [VRFC 10-3107] analyzing entity '\design_1_AXI4Stream_UART_0_2_xpm_cdc_sync_rst__6\'
INFO: [VRFC 10-3107] analyzing entity 'design_1_AXI4Stream_UART_0_2_xpm_counter_updn'
INFO: [VRFC 10-3107] analyzing entity 'design_1_AXI4Stream_UART_0_2_xpm_counter_updn_3'
INFO: [VRFC 10-3107] analyzing entity '\design_1_AXI4Stream_UART_0_2_xpm_counter_updn__parameterized0\'
INFO: [VRFC 10-3107] analyzing entity '\design_1_AXI4Stream_UART_0_2_xpm_counter_updn__parameterized0_12\'
INFO: [VRFC 10-3107] analyzing entity '\design_1_AXI4Stream_UART_0_2_xpm_counter_updn__parameterized1\'
INFO: [VRFC 10-3107] analyzing entity '\design_1_AXI4Stream_UART_0_2_xpm_counter_updn__parameterized1_6\'
INFO: [VRFC 10-3107] analyzing entity '\design_1_AXI4Stream_UART_0_2_xpm_counter_updn__parameterized2\'
INFO: [VRFC 10-3107] analyzing entity '\design_1_AXI4Stream_UART_0_2_xpm_counter_updn__parameterized2_1\'
INFO: [VRFC 10-3107] analyzing entity '\design_1_AXI4Stream_UART_0_2_xpm_counter_updn__parameterized2_10\'
INFO: [VRFC 10-3107] analyzing entity '\design_1_AXI4Stream_UART_0_2_xpm_counter_updn__parameterized2_7\'
INFO: [VRFC 10-3107] analyzing entity '\design_1_AXI4Stream_UART_0_2_xpm_counter_updn__parameterized3\'
INFO: [VRFC 10-3107] analyzing entity '\design_1_AXI4Stream_UART_0_2_xpm_counter_updn__parameterized3_11\'
INFO: [VRFC 10-3107] analyzing entity '\design_1_AXI4Stream_UART_0_2_xpm_counter_updn__parameterized3_2\'
INFO: [VRFC 10-3107] analyzing entity '\design_1_AXI4Stream_UART_0_2_xpm_counter_updn__parameterized3_8\'
INFO: [VRFC 10-3107] analyzing entity 'design_1_AXI4Stream_UART_0_2_xpm_fifo_reg_bit'
INFO: [VRFC 10-3107] analyzing entity 'design_1_AXI4Stream_UART_0_2_xpm_fifo_reg_bit_9'
INFO: [VRFC 10-3107] analyzing entity 'design_1_AXI4Stream_UART_0_2_xpm_fifo_reg_vec'
INFO: [VRFC 10-3107] analyzing entity 'design_1_AXI4Stream_UART_0_2_xpm_fifo_reg_vec_0'
INFO: [VRFC 10-3107] analyzing entity 'design_1_AXI4Stream_UART_0_2_xpm_fifo_reg_vec_4'
INFO: [VRFC 10-3107] analyzing entity 'design_1_AXI4Stream_UART_0_2_xpm_fifo_reg_vec_5'
INFO: [VRFC 10-3107] analyzing entity 'design_1_AXI4Stream_UART_0_2_xpm_memory_base'
INFO: [VRFC 10-3107] analyzing entity '\design_1_AXI4Stream_UART_0_2_xpm_memory_base__2\'
INFO: [VRFC 10-3107] analyzing entity 'design_1_AXI_Input_Interface_0_0_AXI_Input_Interface'
INFO: [VRFC 10-3107] analyzing entity 'design_1_AXI_Output_Interface_0_0_AXI_Output_Interface'
INFO: [VRFC 10-3107] analyzing entity 'design_1_SDF_Top_0_0_R2_BU'
INFO: [VRFC 10-3107] analyzing entity 'design_1_SDF_Top_0_0_R2_BU_0'
INFO: [VRFC 10-3107] analyzing entity 'design_1_SDF_Top_0_0_Rotator'
INFO: [VRFC 10-3107] analyzing entity 'design_1_SDF_Top_0_0_Rotator_1'
INFO: [VRFC 10-3107] analyzing entity 'design_1_SDF_Top_0_0_SR_FIFO'
INFO: [VRFC 10-3107] analyzing entity '\design_1_SDF_Top_0_0_SR_FIFO__parameterized1\'
INFO: [VRFC 10-3107] analyzing entity 'design_1_clk_wiz_0_clk_wiz'
INFO: [VRFC 10-3107] analyzing entity 'design_1_rst_clk_wiz_100M_0_cdc_sync'
INFO: [VRFC 10-3107] analyzing entity 'design_1_rst_clk_wiz_100M_0_cdc_sync_0'
INFO: [VRFC 10-3107] analyzing entity 'design_1_rst_clk_wiz_100M_0_upcnt_n'
INFO: [VRFC 10-3107] analyzing entity 'design_1_system_ila_0_3_bd_f74c_g_inst_0'
INFO: [VRFC 10-3107] analyzing entity 'design_1_system_ila_0_3_ltlib_v1_0_0_all_typeA_slice'
INFO: [VRFC 10-3107] analyzing entity 'design_1_system_ila_0_3_ltlib_v1_0_0_all_typeA_slice_20'
INFO: [VRFC 10-3107] analyzing entity 'design_1_system_ila_0_3_ltlib_v1_0_0_all_typeA_slice_21'
INFO: [VRFC 10-3107] analyzing entity 'design_1_system_ila_0_3_ltlib_v1_0_0_all_typeA_slice_22'
INFO: [VRFC 10-3107] analyzing entity 'design_1_system_ila_0_3_ltlib_v1_0_0_all_typeA_slice_38'
INFO: [VRFC 10-3107] analyzing entity 'design_1_system_ila_0_3_ltlib_v1_0_0_all_typeA_slice_6'
INFO: [VRFC 10-3107] analyzing entity 'design_1_system_ila_0_3_ltlib_v1_0_0_all_typeA_slice_7'
INFO: [VRFC 10-3107] analyzing entity '\design_1_system_ila_0_3_ltlib_v1_0_0_all_typeA_slice__parameterized0\'
INFO: [VRFC 10-3107] analyzing entity '\design_1_system_ila_0_3_ltlib_v1_0_0_all_typeA_slice__parameterized0_11\'
INFO: [VRFC 10-3107] analyzing entity '\design_1_system_ila_0_3_ltlib_v1_0_0_all_typeA_slice__parameterized0_14\'
INFO: [VRFC 10-3107] analyzing entity '\design_1_system_ila_0_3_ltlib_v1_0_0_all_typeA_slice__parameterized0_17\'
INFO: [VRFC 10-3107] analyzing entity '\design_1_system_ila_0_3_ltlib_v1_0_0_all_typeA_slice__parameterized0_2\'
INFO: [VRFC 10-3107] analyzing entity '\design_1_system_ila_0_3_ltlib_v1_0_0_all_typeA_slice__parameterized0_23\'
INFO: [VRFC 10-3107] analyzing entity '\design_1_system_ila_0_3_ltlib_v1_0_0_all_typeA_slice__parameterized0_25\'
INFO: [VRFC 10-3107] analyzing entity '\design_1_system_ila_0_3_ltlib_v1_0_0_all_typeA_slice__parameterized0_28\'
INFO: [VRFC 10-3107] analyzing entity '\design_1_system_ila_0_3_ltlib_v1_0_0_all_typeA_slice__parameterized0_31\'
INFO: [VRFC 10-3107] analyzing entity '\design_1_system_ila_0_3_ltlib_v1_0_0_all_typeA_slice__parameterized0_34\'
INFO: [VRFC 10-3107] analyzing entity '\design_1_system_ila_0_3_ltlib_v1_0_0_all_typeA_slice__parameterized0_37\'
INFO: [VRFC 10-3107] analyzing entity '\design_1_system_ila_0_3_ltlib_v1_0_0_all_typeA_slice__parameterized0_39\'
INFO: [VRFC 10-3107] analyzing entity '\design_1_system_ila_0_3_ltlib_v1_0_0_all_typeA_slice__parameterized0_5\'
INFO: [VRFC 10-3107] analyzing entity '\design_1_system_ila_0_3_ltlib_v1_0_0_all_typeA_slice__parameterized0_8\'
INFO: [VRFC 10-3107] analyzing entity '\design_1_system_ila_0_3_ltlib_v1_0_0_all_typeA_slice__parameterized1\'
INFO: [VRFC 10-3107] analyzing entity '\design_1_system_ila_0_3_ltlib_v1_0_0_all_typeA_slice__parameterized1_59\'
INFO: [VRFC 10-3107] analyzing entity '\design_1_system_ila_0_3_ltlib_v1_0_0_all_typeA_slice__parameterized1_63\'
INFO: [VRFC 10-3107] analyzing entity '\design_1_system_ila_0_3_ltlib_v1_0_0_all_typeA_slice__parameterized2\'
INFO: [VRFC 10-3107] analyzing entity '\design_1_system_ila_0_3_ltlib_v1_0_0_all_typeA_slice__parameterized2_60\'
INFO: [VRFC 10-3107] analyzing entity '\design_1_system_ila_0_3_ltlib_v1_0_0_all_typeA_slice__parameterized2_64\'
INFO: [VRFC 10-3107] analyzing entity 'design_1_system_ila_0_3_ltlib_v1_0_0_async_edge_xfer'
INFO: [VRFC 10-3107] analyzing entity '\design_1_system_ila_0_3_ltlib_v1_0_0_async_edge_xfer__1\'
INFO: [VRFC 10-3107] analyzing entity '\design_1_system_ila_0_3_ltlib_v1_0_0_async_edge_xfer__2\'
INFO: [VRFC 10-3107] analyzing entity '\design_1_system_ila_0_3_ltlib_v1_0_0_async_edge_xfer__3\'
INFO: [VRFC 10-3107] analyzing entity 'design_1_system_ila_0_3_ltlib_v1_0_0_cfglut4'
INFO: [VRFC 10-3107] analyzing entity '\design_1_system_ila_0_3_ltlib_v1_0_0_cfglut4__1\'
INFO: [VRFC 10-3107] analyzing entity 'design_1_system_ila_0_3_ltlib_v1_0_0_cfglut5'
INFO: [VRFC 10-3107] analyzing entity '\design_1_system_ila_0_3_ltlib_v1_0_0_cfglut5__1\'
INFO: [VRFC 10-3107] analyzing entity '\design_1_system_ila_0_3_ltlib_v1_0_0_cfglut5__2\'
INFO: [VRFC 10-3107] analyzing entity 'design_1_system_ila_0_3_ltlib_v1_0_0_cfglut6'
INFO: [VRFC 10-3107] analyzing entity '\design_1_system_ila_0_3_ltlib_v1_0_0_cfglut6__1\'
INFO: [VRFC 10-3107] analyzing entity '\design_1_system_ila_0_3_ltlib_v1_0_0_cfglut6__parameterized0\'
INFO: [VRFC 10-3107] analyzing entity 'design_1_system_ila_0_3_ltlib_v1_0_0_cfglut7'
INFO: [VRFC 10-3107] analyzing entity '\design_1_system_ila_0_3_ltlib_v1_0_0_cfglut7__1\'
INFO: [VRFC 10-3107] analyzing entity 'design_1_system_ila_0_3_ltlib_v1_0_0_generic_memrd'
INFO: [VRFC 10-3107] analyzing entity 'design_1_system_ila_0_3_ltlib_v1_0_0_rising_edge_detection'
INFO: [VRFC 10-3107] analyzing entity '\design_1_system_ila_0_3_ltlib_v1_0_0_rising_edge_detection__1\'
INFO: [VRFC 10-3107] analyzing entity 'design_1_system_ila_0_3_xsdbs_v1_0_2_reg_ctl'
INFO: [VRFC 10-3107] analyzing entity 'design_1_system_ila_0_3_xsdbs_v1_0_2_reg_ctl_43'
INFO: [VRFC 10-3107] analyzing entity 'design_1_system_ila_0_3_xsdbs_v1_0_2_reg_ctl_44'
INFO: [VRFC 10-3107] analyzing entity 'design_1_system_ila_0_3_xsdbs_v1_0_2_reg_ctl_45'
INFO: [VRFC 10-3107] analyzing entity 'design_1_system_ila_0_3_xsdbs_v1_0_2_reg_ctl_46'
INFO: [VRFC 10-3107] analyzing entity 'design_1_system_ila_0_3_xsdbs_v1_0_2_reg_ctl_49'
INFO: [VRFC 10-3107] analyzing entity 'design_1_system_ila_0_3_xsdbs_v1_0_2_reg_ctl_50'
INFO: [VRFC 10-3107] analyzing entity 'design_1_system_ila_0_3_xsdbs_v1_0_2_reg_ctl_51'
INFO: [VRFC 10-3107] analyzing entity 'design_1_system_ila_0_3_xsdbs_v1_0_2_reg_ctl_52'
INFO: [VRFC 10-3107] analyzing entity 'design_1_system_ila_0_3_xsdbs_v1_0_2_reg_ctl_53'
INFO: [VRFC 10-3107] analyzing entity 'design_1_system_ila_0_3_xsdbs_v1_0_2_reg_ctl_56'
INFO: [VRFC 10-3107] analyzing entity '\design_1_system_ila_0_3_xsdbs_v1_0_2_reg_ctl__parameterized0\'
INFO: [VRFC 10-3107] analyzing entity '\design_1_system_ila_0_3_xsdbs_v1_0_2_reg_ctl__parameterized1\'
INFO: [VRFC 10-3107] analyzing entity '\design_1_system_ila_0_3_xsdbs_v1_0_2_reg_ctl__parameterized1_47\'
INFO: [VRFC 10-3107] analyzing entity '\design_1_system_ila_0_3_xsdbs_v1_0_2_reg_ctl__parameterized1_48\'
INFO: [VRFC 10-3107] analyzing entity 'design_1_system_ila_0_3_xsdbs_v1_0_2_reg_p2s'
INFO: [VRFC 10-3107] analyzing entity '\design_1_system_ila_0_3_xsdbs_v1_0_2_reg_p2s__parameterized0\'
INFO: [VRFC 10-3107] analyzing entity '\design_1_system_ila_0_3_xsdbs_v1_0_2_reg_p2s__parameterized1\'
INFO: [VRFC 10-3107] analyzing entity '\design_1_system_ila_0_3_xsdbs_v1_0_2_reg_p2s__parameterized10\'
INFO: [VRFC 10-3107] analyzing entity '\design_1_system_ila_0_3_xsdbs_v1_0_2_reg_p2s__parameterized11\'
INFO: [VRFC 10-3107] analyzing entity '\design_1_system_ila_0_3_xsdbs_v1_0_2_reg_p2s__parameterized12\'
INFO: [VRFC 10-3107] analyzing entity '\design_1_system_ila_0_3_xsdbs_v1_0_2_reg_p2s__parameterized13\'
INFO: [VRFC 10-3107] analyzing entity '\design_1_system_ila_0_3_xsdbs_v1_0_2_reg_p2s__parameterized2\'
INFO: [VRFC 10-3107] analyzing entity '\design_1_system_ila_0_3_xsdbs_v1_0_2_reg_p2s__parameterized3\'
INFO: [VRFC 10-3107] analyzing entity '\design_1_system_ila_0_3_xsdbs_v1_0_2_reg_p2s__parameterized4\'
INFO: [VRFC 10-3107] analyzing entity '\design_1_system_ila_0_3_xsdbs_v1_0_2_reg_p2s__parameterized5\'
INFO: [VRFC 10-3107] analyzing entity '\design_1_system_ila_0_3_xsdbs_v1_0_2_reg_p2s__parameterized6\'
INFO: [VRFC 10-3107] analyzing entity '\design_1_system_ila_0_3_xsdbs_v1_0_2_reg_p2s__parameterized7\'
INFO: [VRFC 10-3107] analyzing entity '\design_1_system_ila_0_3_xsdbs_v1_0_2_reg_p2s__parameterized8\'
INFO: [VRFC 10-3107] analyzing entity '\design_1_system_ila_0_3_xsdbs_v1_0_2_reg_p2s__parameterized9\'
INFO: [VRFC 10-3107] analyzing entity 'design_1_system_ila_0_3_xsdbs_v1_0_2_reg_stat'
INFO: [VRFC 10-3107] analyzing entity 'design_1_system_ila_0_3_xsdbs_v1_0_2_reg_stat_40'
INFO: [VRFC 10-3107] analyzing entity 'design_1_system_ila_0_3_xsdbs_v1_0_2_reg_stat_41'
INFO: [VRFC 10-3107] analyzing entity 'design_1_system_ila_0_3_xsdbs_v1_0_2_reg_stat_42'
