
*** Running vivado
    with args -log design_1_AXI_Input_Interface_0_1.vds -m64 -product Vivado -mode batch -messageDb vivado.pb -notrace -source design_1_AXI_Input_Interface_0_1.tcl



****** Vivado v2022.1 (64-bit)
  **** SW Build 3526262 on Mon Apr 18 15:48:16 MDT 2022
  **** IP Build 3524634 on Mon Apr 18 20:55:01 MDT 2022
    ** Copyright 1986-2022 Xilinx, Inc. All Rights Reserved.

source design_1_AXI_Input_Interface_0_1.tcl -notrace
INFO: [IP_Flow 19-234] Refreshing IP repositories
INFO: [IP_Flow 19-1700] Loaded user IP repository 'c:/Users/donat/Desktop/NL2_FFT/Git_FFFT/FFFT/IP_Cores'.
INFO: [IP_Flow 19-2313] Loaded Vivado IP repository 'C:/Xilinx/Vivado/2022.1/data/ip'.
WARNING: [IP_Flow 19-4995] The host OS only allows 260 characters in a normal path. The IP cache path is more than 80 characters. If you experience issues with IP caching, please consider changing the IP cache to a location with a shorter path. Alternately consider using the OS subst command to map part of the path to a drive letter. 
Current IP cache path is c:/Users/donat/Desktop/NL2_FFT/Git_FFFT/FFFT/SDF_proj_v2.xpr/SDF_proj_v2/SDF_proj_v2.cache/ip 
Command: synth_design -top design_1_AXI_Input_Interface_0_1 -part xc7a35tcpg236-1 -incremental_mode off -mode out_of_context
Starting synth_design
Attempting to get a license for feature 'Synthesis' and/or device 'xc7a35t'
INFO: [Common 17-349] Got license for feature 'Synthesis' and/or device 'xc7a35t'
INFO: [Device 21-403] Loading part xc7a35tcpg236-1
INFO: [Synth 8-7079] Multithreading enabled for synth_design using a maximum of 2 processes.
INFO: [Synth 8-7078] Launching helper process for spawning children vivado processes
INFO: [Synth 8-7075] Helper process launched with PID 852
WARNING: [Synth 8-9501] generate block is allowed only inside loop and conditional generate in SystemVerilog mode [C:/Xilinx/Vivado/2022.1/data/ip/xpm/xpm_fifo/hdl/xpm_fifo.sv:4023]
---------------------------------------------------------------------------------
Starting RTL Elaboration : Time (s): cpu = 00:00:03 ; elapsed = 00:00:08 . Memory (MB): peak = 1294.219 ; gain = 0.000
---------------------------------------------------------------------------------
INFO: [Synth 8-638] synthesizing module 'design_1_AXI_Input_Interface_0_1' [c:/Users/donat/Desktop/NL2_FFT/Git_FFFT/FFFT/SDF_proj_v2.xpr/SDF_proj_v2/SDF_proj_v2.gen/sources_1/bd/design_1/ip/design_1_AXI_Input_Interface_0_1/synth/design_1_AXI_Input_Interface_0_1.vhd:70]
	Parameter FFT_TOT_POINTS bound to: 16 - type: integer 
	Parameter DATA_WIDTH bound to: 8 - type: integer 
INFO: [Synth 8-3491] module 'AXI_Input_Interface' declared at 'C:/Users/donat/Desktop/NL2_FFT/Git_FFFT/FFFT/SDF_proj_v2.xpr/SDF_proj_v2/SDF_proj_v2.srcs/sources_1/new/AXI_Input_Interface.vhd:7' bound to instance 'U0' of component 'AXI_Input_Interface' [c:/Users/donat/Desktop/NL2_FFT/Git_FFFT/FFFT/SDF_proj_v2.xpr/SDF_proj_v2/SDF_proj_v2.gen/sources_1/bd/design_1/ip/design_1_AXI_Input_Interface_0_1/synth/design_1_AXI_Input_Interface_0_1.vhd:109]
INFO: [Synth 8-638] synthesizing module 'AXI_Input_Interface' [C:/Users/donat/Desktop/NL2_FFT/Git_FFFT/FFFT/SDF_proj_v2.xpr/SDF_proj_v2/SDF_proj_v2.srcs/sources_1/new/AXI_Input_Interface.vhd:30]
INFO: [Synth 8-256] done synthesizing module 'AXI_Input_Interface' (0#1) [C:/Users/donat/Desktop/NL2_FFT/Git_FFFT/FFFT/SDF_proj_v2.xpr/SDF_proj_v2/SDF_proj_v2.srcs/sources_1/new/AXI_Input_Interface.vhd:30]
INFO: [Synth 8-256] done synthesizing module 'design_1_AXI_Input_Interface_0_1' (0#1) [c:/Users/donat/Desktop/NL2_FFT/Git_FFFT/FFFT/SDF_proj_v2.xpr/SDF_proj_v2/SDF_proj_v2.gen/sources_1/bd/design_1/ip/design_1_AXI_Input_Interface_0_1/synth/design_1_AXI_Input_Interface_0_1.vhd:70]
WARNING: [Synth 8-5856] 3D RAM input_buf_reg  for this pattern/configuration is not supported. This will most likely be implemented in registers
WARNING: [Synth 8-10225] Potential Runtime issue for 3D-RAM or RAM from Record/Structs for RAM  input_buf_reg 
---------------------------------------------------------------------------------
Finished RTL Elaboration : Time (s): cpu = 00:00:04 ; elapsed = 00:00:11 . Memory (MB): peak = 1294.219 ; gain = 0.000
---------------------------------------------------------------------------------
---------------------------------------------------------------------------------
Start Handling Custom Attributes
---------------------------------------------------------------------------------
---------------------------------------------------------------------------------
Finished Handling Custom Attributes : Time (s): cpu = 00:00:04 ; elapsed = 00:00:11 . Memory (MB): peak = 1294.219 ; gain = 0.000
---------------------------------------------------------------------------------
---------------------------------------------------------------------------------
Finished RTL Optimization Phase 1 : Time (s): cpu = 00:00:04 ; elapsed = 00:00:11 . Memory (MB): peak = 1294.219 ; gain = 0.000
---------------------------------------------------------------------------------
Netlist sorting complete. Time (s): cpu = 00:00:00 ; elapsed = 00:00:00.006 . Memory (MB): peak = 1294.219 ; gain = 0.000
INFO: [Project 1-570] Preparing netlist for logic optimization

Processing XDC Constraints
Initializing timing engine
Completed Processing XDC Constraints

Netlist sorting complete. Time (s): cpu = 00:00:00 ; elapsed = 00:00:00 . Memory (MB): peak = 1339.039 ; gain = 0.000
INFO: [Project 1-111] Unisim Transformation Summary:
No Unisim elements were transformed.

Constraint Validation Runtime : Time (s): cpu = 00:00:00 ; elapsed = 00:00:00.026 . Memory (MB): peak = 1339.090 ; gain = 0.051
INFO: [Designutils 20-5008] Incremental synthesis strategy off
---------------------------------------------------------------------------------
Finished Constraint Validation : Time (s): cpu = 00:00:09 ; elapsed = 00:00:19 . Memory (MB): peak = 1339.090 ; gain = 44.871
---------------------------------------------------------------------------------
---------------------------------------------------------------------------------
Start Loading Part and Timing Information
---------------------------------------------------------------------------------
Loading part: xc7a35tcpg236-1
---------------------------------------------------------------------------------
Finished Loading Part and Timing Information : Time (s): cpu = 00:00:09 ; elapsed = 00:00:19 . Memory (MB): peak = 1339.090 ; gain = 44.871
---------------------------------------------------------------------------------
---------------------------------------------------------------------------------
Start Applying 'set_property' XDC Constraints
---------------------------------------------------------------------------------
---------------------------------------------------------------------------------
Finished applying 'set_property' XDC Constraints : Time (s): cpu = 00:00:09 ; elapsed = 00:00:19 . Memory (MB): peak = 1339.090 ; gain = 44.871
---------------------------------------------------------------------------------
INFO: [Synth 8-802] inferred FSM for state register 'state_reg' in module 'AXI_Input_Interface'
---------------------------------------------------------------------------------------------------
                   State |                     New Encoding |                Previous Encoding 
---------------------------------------------------------------------------------------------------
                 wait_re |                               00 |                               00
                 wait_im |                               01 |                               01
              to_compute |                               10 |                               10
---------------------------------------------------------------------------------------------------
INFO: [Synth 8-3354] encoded FSM with state register 'state_reg' using encoding 'sequential' in module 'AXI_Input_Interface'
---------------------------------------------------------------------------------
Finished RTL Optimization Phase 2 : Time (s): cpu = 00:00:09 ; elapsed = 00:00:20 . Memory (MB): peak = 1339.090 ; gain = 44.871
---------------------------------------------------------------------------------
---------------------------------------------------------------------------------
Start RTL Component Statistics 
---------------------------------------------------------------------------------
Detailed RTL Component Info : 
+---Adders : 
	   2 Input    4 Bit       Adders := 1     
+---Registers : 
	                8 Bit    Registers := 34    
	                4 Bit    Registers := 1     
	                1 Bit    Registers := 2     
+---Muxes : 
	   3 Input    8 Bit        Muxes := 2     
	   2 Input    4 Bit        Muxes := 2     
	   3 Input    4 Bit        Muxes := 1     
	   3 Input    2 Bit        Muxes := 1     
	   2 Input    2 Bit        Muxes := 1     
	   2 Input    1 Bit        Muxes := 16    
	   3 Input    1 Bit        Muxes := 40    
---------------------------------------------------------------------------------
Finished RTL Component Statistics 
---------------------------------------------------------------------------------
---------------------------------------------------------------------------------
Start Part Resource Summary
---------------------------------------------------------------------------------
Part Resources:
DSPs: 90 (col length:60)
BRAMs: 100 (col length: RAMB18 60 RAMB36 30)
---------------------------------------------------------------------------------
Finished Part Resource Summary
---------------------------------------------------------------------------------
---------------------------------------------------------------------------------
Start Cross Boundary and Area Optimization
---------------------------------------------------------------------------------
WARNING: [Synth 8-7080] Parallel synthesis criteria is not met
---------------------------------------------------------------------------------
Finished Cross Boundary and Area Optimization : Time (s): cpu = 00:00:11 ; elapsed = 00:00:23 . Memory (MB): peak = 1339.090 ; gain = 44.871
---------------------------------------------------------------------------------
---------------------------------------------------------------------------------
Start Applying XDC Timing Constraints
---------------------------------------------------------------------------------
---------------------------------------------------------------------------------
Finished Applying XDC Timing Constraints : Time (s): cpu = 00:00:15 ; elapsed = 00:00:28 . Memory (MB): peak = 1339.090 ; gain = 44.871
---------------------------------------------------------------------------------
---------------------------------------------------------------------------------
Start Timing Optimization
---------------------------------------------------------------------------------
---------------------------------------------------------------------------------
Finished Timing Optimization : Time (s): cpu = 00:00:15 ; elapsed = 00:00:28 . Memory (MB): peak = 1339.090 ; gain = 44.871
---------------------------------------------------------------------------------
---------------------------------------------------------------------------------
Start Technology Mapping
---------------------------------------------------------------------------------
---------------------------------------------------------------------------------
Finished Technology Mapping : Time (s): cpu = 00:00:15 ; elapsed = 00:00:28 . Memory (MB): peak = 1339.090 ; gain = 44.871
---------------------------------------------------------------------------------
---------------------------------------------------------------------------------
Start IO Insertion
---------------------------------------------------------------------------------
---------------------------------------------------------------------------------
Start Flattening Before IO Insertion
---------------------------------------------------------------------------------
---------------------------------------------------------------------------------
Finished Flattening Before IO Insertion
---------------------------------------------------------------------------------
---------------------------------------------------------------------------------
Start Final Netlist Cleanup
---------------------------------------------------------------------------------
---------------------------------------------------------------------------------
Finished Final Netlist Cleanup
---------------------------------------------------------------------------------
---------------------------------------------------------------------------------
Finished IO Insertion : Time (s): cpu = 00:00:20 ; elapsed = 00:00:34 . Memory (MB): peak = 1339.090 ; gain = 44.871
---------------------------------------------------------------------------------
---------------------------------------------------------------------------------
Start Renaming Generated Instances
---------------------------------------------------------------------------------
---------------------------------------------------------------------------------
Finished Renaming Generated Instances : Time (s): cpu = 00:00:20 ; elapsed = 00:00:34 . Memory (MB): peak = 1339.090 ; gain = 44.871
---------------------------------------------------------------------------------
---------------------------------------------------------------------------------
Start Rebuilding User Hierarchy
---------------------------------------------------------------------------------
---------------------------------------------------------------------------------
Finished Rebuilding User Hierarchy : Time (s): cpu = 00:00:20 ; elapsed = 00:00:34 . Memory (MB): peak = 1339.090 ; gain = 44.871
---------------------------------------------------------------------------------
---------------------------------------------------------------------------------
Start Renaming Generated Ports
---------------------------------------------------------------------------------
---------------------------------------------------------------------------------
Finished Renaming Generated Ports : Time (s): cpu = 00:00:20 ; elapsed = 00:00:34 . Memory (MB): peak = 1339.090 ; gain = 44.871
---------------------------------------------------------------------------------
---------------------------------------------------------------------------------
Start Handling Custom Attributes
---------------------------------------------------------------------------------
---------------------------------------------------------------------------------
Finished Handling Custom Attributes : Time (s): cpu = 00:00:20 ; elapsed = 00:00:34 . Memory (MB): peak = 1339.090 ; gain = 44.871
---------------------------------------------------------------------------------
---------------------------------------------------------------------------------
Start Renaming Generated Nets
---------------------------------------------------------------------------------
---------------------------------------------------------------------------------
Finished Renaming Generated Nets : Time (s): cpu = 00:00:20 ; elapsed = 00:00:34 . Memory (MB): peak = 1339.090 ; gain = 44.871
---------------------------------------------------------------------------------
---------------------------------------------------------------------------------
Start Writing Synthesis Report
---------------------------------------------------------------------------------

Report BlackBoxes: 
+-+--------------+----------+
| |BlackBox name |Instances |
+-+--------------+----------+
+-+--------------+----------+

Report Cell Usage: 
+------+------+------+
|      |Cell  |Count |
+------+------+------+
|1     |LUT2  |     4|
|2     |LUT3  |    11|
|3     |LUT4  |     4|
|4     |LUT5  |    14|
|5     |LUT6  |   105|
|6     |MUXF7 |    32|
|7     |FDCE  |   264|
|8     |FDRE  |    16|
+------+------+------+
---------------------------------------------------------------------------------
Finished Writing Synthesis Report : Time (s): cpu = 00:00:20 ; elapsed = 00:00:34 . Memory (MB): peak = 1339.090 ; gain = 44.871
---------------------------------------------------------------------------------
Synthesis finished with 0 errors, 0 critical warnings and 1 warnings.
Synthesis Optimization Runtime : Time (s): cpu = 00:00:15 ; elapsed = 00:00:32 . Memory (MB): peak = 1339.090 ; gain = 0.000
Synthesis Optimization Complete : Time (s): cpu = 00:00:20 ; elapsed = 00:00:34 . Memory (MB): peak = 1339.090 ; gain = 44.871
INFO: [Project 1-571] Translating synthesized netlist
Netlist sorting complete. Time (s): cpu = 00:00:00 ; elapsed = 00:00:00.004 . Memory (MB): peak = 1339.090 ; gain = 0.000
INFO: [Netlist 29-17] Analyzing 32 Unisim elements for replacement
INFO: [Netlist 29-28] Unisim Transformation completed in 0 CPU seconds
INFO: [Project 1-570] Preparing netlist for logic optimization
INFO: [Opt 31-138] Pushed 0 inverter(s) to 0 load pin(s).
Netlist sorting complete. Time (s): cpu = 00:00:00 ; elapsed = 00:00:00 . Memory (MB): peak = 1339.090 ; gain = 0.000
INFO: [Project 1-111] Unisim Transformation Summary:
No Unisim elements were transformed.

Synth Design complete, checksum: f6a212de
INFO: [Common 17-83] Releasing license: Synthesis
25 Infos, 5 Warnings, 0 Critical Warnings and 0 Errors encountered.
synth_design completed successfully
synth_design: Time (s): cpu = 00:00:23 ; elapsed = 00:00:40 . Memory (MB): peak = 1339.090 ; gain = 44.871
INFO: [Common 17-1381] The checkpoint 'C:/Users/donat/Desktop/NL2_FFT/Git_FFFT/FFFT/SDF_proj_v2.xpr/SDF_proj_v2/SDF_proj_v2.runs/design_1_AXI_Input_Interface_0_1_synth_1/design_1_AXI_Input_Interface_0_1.dcp' has been generated.
INFO: [Coretcl 2-1648] Added synthesis output to IP cache for IP design_1_AXI_Input_Interface_0_1, cache-ID = 8b4671cc2467a77c
INFO: [Common 17-1381] The checkpoint 'C:/Users/donat/Desktop/NL2_FFT/Git_FFFT/FFFT/SDF_proj_v2.xpr/SDF_proj_v2/SDF_proj_v2.runs/design_1_AXI_Input_Interface_0_1_synth_1/design_1_AXI_Input_Interface_0_1.dcp' has been generated.
INFO: [runtcl-4] Executing : report_utilization -file design_1_AXI_Input_Interface_0_1_utilization_synth.rpt -pb design_1_AXI_Input_Interface_0_1_utilization_synth.pb
INFO: [Common 17-206] Exiting Vivado at Fri Dec 16 14:15:38 2022...
