Time resolution is 1 ps
Warning: :fixed_generic_pkg:">": metavalue detected, returning FALSE
Time: 0 ps  Iteration: 0  Process: /tb_SDF_Stage/SDF_Stage_inst/Rotator_inst/line__54  File: /home/fralenzi/SDF_proj_v2/SDF_proj_v2.srcs/sources_1/imports/new/Rotator.vhd
Warning: :fixed_generic_pkg:"<": metavalue detected, returning FALSE
Time: 0 ps  Iteration: 0  Process: /tb_SDF_Stage/SDF_Stage_inst/Rotator_inst/line__54  File: /home/fralenzi/SDF_proj_v2/SDF_proj_v2.srcs/sources_1/imports/new/Rotator.vhd
Warning: :fixed_generic_pkg:">": metavalue detected, returning FALSE
Time: 0 ps  Iteration: 0  Process: /tb_SDF_Stage/SDF_Stage_inst/Rotator_inst/line__54  File: /home/fralenzi/SDF_proj_v2/SDF_proj_v2.srcs/sources_1/imports/new/Rotator.vhd
Warning: :fixed_generic_pkg:"<": metavalue detected, returning FALSE
Time: 0 ps  Iteration: 0  Process: /tb_SDF_Stage/SDF_Stage_inst/Rotator_inst/line__54  File: /home/fralenzi/SDF_proj_v2/SDF_proj_v2.srcs/sources_1/imports/new/Rotator.vhd
Warning: :fixed_generic_pkg:">": metavalue detected, returning FALSE
Time: 0 ps  Iteration: 0  Process: /tb_SDF_Stage/SDF_Stage_inst/BU_inst/line__54  File: /home/fralenzi/SDF_proj_v2/SDF_proj_v2.srcs/sources_1/imports/new/R2_BU.vhd
Warning: :fixed_generic_pkg:"<": metavalue detected, returning FALSE
Time: 0 ps  Iteration: 0  Process: /tb_SDF_Stage/SDF_Stage_inst/BU_inst/line__54  File: /home/fralenzi/SDF_proj_v2/SDF_proj_v2.srcs/sources_1/imports/new/R2_BU.vhd
Warning: :fixed_generic_pkg:">": metavalue detected, returning FALSE
Time: 0 ps  Iteration: 0  Process: /tb_SDF_Stage/SDF_Stage_inst/BU_inst/line__54  File: /home/fralenzi/SDF_proj_v2/SDF_proj_v2.srcs/sources_1/imports/new/R2_BU.vhd
Warning: :fixed_generic_pkg:"<": metavalue detected, returning FALSE
Time: 0 ps  Iteration: 0  Process: /tb_SDF_Stage/SDF_Stage_inst/BU_inst/line__54  File: /home/fralenzi/SDF_proj_v2/SDF_proj_v2.srcs/sources_1/imports/new/R2_BU.vhd
Warning: :fixed_generic_pkg:">": metavalue detected, returning FALSE
Time: 0 ps  Iteration: 0  Process: /tb_SDF_Stage/SDF_Stage_inst/BU_inst/line__54  File: /home/fralenzi/SDF_proj_v2/SDF_proj_v2.srcs/sources_1/imports/new/R2_BU.vhd
Warning: :fixed_generic_pkg:"<": metavalue detected, returning FALSE
Time: 0 ps  Iteration: 0  Process: /tb_SDF_Stage/SDF_Stage_inst/BU_inst/line__54  File: /home/fralenzi/SDF_proj_v2/SDF_proj_v2.srcs/sources_1/imports/new/R2_BU.vhd
Warning: :fixed_generic_pkg:">": metavalue detected, returning FALSE
Time: 0 ps  Iteration: 0  Process: /tb_SDF_Stage/SDF_Stage_inst/BU_inst/line__54  File: /home/fralenzi/SDF_proj_v2/SDF_proj_v2.srcs/sources_1/imports/new/R2_BU.vhd
Warning: :fixed_generic_pkg:"<": metavalue detected, returning FALSE
Time: 0 ps  Iteration: 0  Process: /tb_SDF_Stage/SDF_Stage_inst/BU_inst/line__54  File: /home/fralenzi/SDF_proj_v2/SDF_proj_v2.srcs/sources_1/imports/new/R2_BU.vhd
Warning: :fixed_generic_pkg:">": metavalue detected, returning FALSE
Time: 0 ps  Iteration: 1  Process: /tb_SDF_Stage/SDF_Stage_inst/Rotator_inst/line__54  File: /home/fralenzi/SDF_proj_v2/SDF_proj_v2.srcs/sources_1/imports/new/Rotator.vhd
Warning: :fixed_generic_pkg:"<": metavalue detected, returning FALSE
Time: 0 ps  Iteration: 1  Process: /tb_SDF_Stage/SDF_Stage_inst/Rotator_inst/line__54  File: /home/fralenzi/SDF_proj_v2/SDF_proj_v2.srcs/sources_1/imports/new/Rotator.vhd
Warning: :fixed_generic_pkg:">": metavalue detected, returning FALSE
Time: 0 ps  Iteration: 1  Process: /tb_SDF_Stage/SDF_Stage_inst/Rotator_inst/line__54  File: /home/fralenzi/SDF_proj_v2/SDF_proj_v2.srcs/sources_1/imports/new/Rotator.vhd
Warning: :fixed_generic_pkg:"<": metavalue detected, returning FALSE
Time: 0 ps  Iteration: 1  Process: /tb_SDF_Stage/SDF_Stage_inst/Rotator_inst/line__54  File: /home/fralenzi/SDF_proj_v2/SDF_proj_v2.srcs/sources_1/imports/new/Rotator.vhd
Warning: :fixed_generic_pkg:">": metavalue detected, returning FALSE
Time: 0 ps  Iteration: 2  Process: /tb_SDF_Stage/SDF_Stage_inst/Rotator_inst/line__54  File: /home/fralenzi/SDF_proj_v2/SDF_proj_v2.srcs/sources_1/imports/new/Rotator.vhd
Warning: :fixed_generic_pkg:"<": metavalue detected, returning FALSE
Time: 0 ps  Iteration: 2  Process: /tb_SDF_Stage/SDF_Stage_inst/Rotator_inst/line__54  File: /home/fralenzi/SDF_proj_v2/SDF_proj_v2.srcs/sources_1/imports/new/Rotator.vhd
Warning: :fixed_generic_pkg:">": metavalue detected, returning FALSE
Time: 0 ps  Iteration: 2  Process: /tb_SDF_Stage/SDF_Stage_inst/Rotator_inst/line__54  File: /home/fralenzi/SDF_proj_v2/SDF_proj_v2.srcs/sources_1/imports/new/Rotator.vhd
Warning: :fixed_generic_pkg:"<": metavalue detected, returning FALSE
Time: 0 ps  Iteration: 2  Process: /tb_SDF_Stage/SDF_Stage_inst/Rotator_inst/line__54  File: /home/fralenzi/SDF_proj_v2/SDF_proj_v2.srcs/sources_1/imports/new/Rotator.vhd
