
*** Running vivado
    with args -log design_1_SDF_Top_0_0.vds -m64 -product Vivado -mode batch -messageDb vivado.pb -notrace -source design_1_SDF_Top_0_0.tcl



****** Vivado v2022.1 (64-bit)
  **** SW Build 3526262 on Mon Apr 18 15:48:16 MDT 2022
  **** IP Build 3524634 on Mon Apr 18 20:55:01 MDT 2022
    ** Copyright 1986-2022 Xilinx, Inc. All Rights Reserved.

source design_1_SDF_Top_0_0.tcl -notrace
create_project: Time (s): cpu = 00:00:02 ; elapsed = 00:00:06 . Memory (MB): peak = 1286.094 ; gain = 0.000
INFO: [IP_Flow 19-234] Refreshing IP repositories
INFO: [IP_Flow 19-1700] Loaded user IP repository 'c:/Users/donat/Desktop/NL2_FFT/Git_FFFT/FFFT/IP_Cores'.
INFO: [IP_Flow 19-2313] Loaded Vivado IP repository 'C:/Xilinx/Vivado/2022.1/data/ip'.
WARNING: [IP_Flow 19-4995] The host OS only allows 260 characters in a normal path. The IP cache path is more than 80 characters. If you experience issues with IP caching, please consider changing the IP cache to a location with a shorter path. Alternately consider using the OS subst command to map part of the path to a drive letter. 
Current IP cache path is c:/Users/donat/Desktop/NL2_FFT/Git_FFFT/FFFT/SDF_proj_v2.xpr/SDF_proj_v2/SDF_proj_v2.cache/ip 
Command: synth_design -top design_1_SDF_Top_0_0 -part xc7a35tcpg236-1 -incremental_mode off -mode out_of_context
Starting synth_design
Attempting to get a license for feature 'Synthesis' and/or device 'xc7a35t'
INFO: [Common 17-349] Got license for feature 'Synthesis' and/or device 'xc7a35t'
INFO: [Device 21-403] Loading part xc7a35tcpg236-1
INFO: [Synth 8-7079] Multithreading enabled for synth_design using a maximum of 2 processes.
INFO: [Synth 8-7078] Launching helper process for spawning children vivado processes
INFO: [Synth 8-7075] Helper process launched with PID 18412
WARNING: [Synth 8-9501] generate block is allowed only inside loop and conditional generate in SystemVerilog mode [C:/Xilinx/Vivado/2022.1/data/ip/xpm/xpm_fifo/hdl/xpm_fifo.sv:4023]
---------------------------------------------------------------------------------
Starting RTL Elaboration : Time (s): cpu = 00:00:03 ; elapsed = 00:00:06 . Memory (MB): peak = 1286.094 ; gain = 0.000
---------------------------------------------------------------------------------
INFO: [Synth 8-638] synthesizing module 'design_1_SDF_Top_0_0' [c:/Users/donat/Desktop/NL2_FFT/Git_FFFT/FFFT/SDF_proj_v2.xpr/SDF_proj_v2/SDF_proj_v2.gen/sources_1/bd/design_1/ip/design_1_SDF_Top_0_0/synth/design_1_SDF_Top_0_0.vhd:68]
	Parameter FFT_TOT_POINTS bound to: 512 - type: integer 
	Parameter DATA_WIDTH bound to: 8 - type: integer 
	Parameter PRECISION bound to: 3 - type: integer 
	Parameter TF_WIDTH bound to: 8 - type: integer 
	Parameter SR_INIT bound to: 0 - type: integer 
INFO: [Synth 8-3491] module 'SDF_Top' declared at 'C:/Users/donat/Desktop/NL2_FFT/Git_FFFT/FFFT/SDF_proj_v2.xpr/SDF_proj_v2/SDF_proj_v2.srcs/sources_1/new/SDF_Top.vhd:10' bound to instance 'U0' of component 'SDF_Top' [c:/Users/donat/Desktop/NL2_FFT/Git_FFFT/FFFT/SDF_proj_v2.xpr/SDF_proj_v2/SDF_proj_v2.gen/sources_1/bd/design_1/ip/design_1_SDF_Top_0_0/synth/design_1_SDF_Top_0_0.vhd:104]
INFO: [Synth 8-638] synthesizing module 'SDF_Top' [C:/Users/donat/Desktop/NL2_FFT/Git_FFFT/FFFT/SDF_proj_v2.xpr/SDF_proj_v2/SDF_proj_v2.srcs/sources_1/new/SDF_Top.vhd:34]
	Parameter FFT_TOT_POINTS bound to: 512 - type: integer 
	Parameter DATA_WIDTH bound to: 8 - type: integer 
	Parameter PRECISION bound to: 3 - type: integer 
	Parameter TF_WIDTH bound to: 8 - type: integer 
	Parameter STAGE bound to: 1 - type: integer 
	Parameter SR_INIT bound to: 0 - type: integer 
INFO: [Synth 8-3491] module 'SDF_Stage' declared at 'C:/Users/donat/Desktop/NL2_FFT/Git_FFFT/FFFT/SDF_proj_v2.xpr/SDF_proj_v2/SDF_proj_v2.srcs/sources_1/imports/new/SDF_Stage.vhd:12' bound to instance 'SDF_stage_inst' of component 'SDF_Stage' [C:/Users/donat/Desktop/NL2_FFT/Git_FFFT/FFFT/SDF_proj_v2.xpr/SDF_proj_v2/SDF_proj_v2.srcs/sources_1/new/SDF_Top.vhd:85]
INFO: [Synth 8-638] synthesizing module 'SDF_Stage' [C:/Users/donat/Desktop/NL2_FFT/Git_FFFT/FFFT/SDF_proj_v2.xpr/SDF_proj_v2/SDF_proj_v2.srcs/sources_1/imports/new/SDF_Stage.vhd:37]
	Parameter DATA_WIDTH bound to: 8 - type: integer 
	Parameter PRECISION bound to: 3 - type: integer 
INFO: [Synth 8-3491] module 'R2_BU' declared at 'C:/Users/donat/Desktop/NL2_FFT/Git_FFFT/FFFT/SDF_proj_v2.xpr/SDF_proj_v2/SDF_proj_v2.srcs/sources_1/imports/new/R2_BU.vhd:13' bound to instance 'BU_inst' of component 'R2_BU' [C:/Users/donat/Desktop/NL2_FFT/Git_FFFT/FFFT/SDF_proj_v2.xpr/SDF_proj_v2/SDF_proj_v2.srcs/sources_1/imports/new/SDF_Stage.vhd:174]
INFO: [Synth 8-638] synthesizing module 'R2_BU' [C:/Users/donat/Desktop/NL2_FFT/Git_FFFT/FFFT/SDF_proj_v2.xpr/SDF_proj_v2/SDF_proj_v2.srcs/sources_1/imports/new/R2_BU.vhd:36]
INFO: [Synth 8-256] done synthesizing module 'R2_BU' (0#1) [C:/Users/donat/Desktop/NL2_FFT/Git_FFFT/FFFT/SDF_proj_v2.xpr/SDF_proj_v2/SDF_proj_v2.srcs/sources_1/imports/new/R2_BU.vhd:36]
	Parameter DATA_WIDTH bound to: 8 - type: integer 
	Parameter TF_WIDTH bound to: 8 - type: integer 
	Parameter PRECISION bound to: 3 - type: integer 
INFO: [Synth 8-3491] module 'Rotator' declared at 'C:/Users/donat/Desktop/NL2_FFT/Git_FFFT/FFFT/SDF_proj_v2.xpr/SDF_proj_v2/SDF_proj_v2.srcs/sources_1/imports/new/Rotator.vhd:11' bound to instance 'Rotator_inst' of component 'Rotator' [C:/Users/donat/Desktop/NL2_FFT/Git_FFFT/FFFT/SDF_proj_v2.xpr/SDF_proj_v2/SDF_proj_v2.srcs/sources_1/imports/new/SDF_Stage.vhd:196]
INFO: [Synth 8-638] synthesizing module 'Rotator' [C:/Users/donat/Desktop/NL2_FFT/Git_FFFT/FFFT/SDF_proj_v2.xpr/SDF_proj_v2/SDF_proj_v2.srcs/sources_1/imports/new/Rotator.vhd:36]
INFO: [Synth 8-256] done synthesizing module 'Rotator' (0#1) [C:/Users/donat/Desktop/NL2_FFT/Git_FFFT/FFFT/SDF_proj_v2.xpr/SDF_proj_v2/SDF_proj_v2.srcs/sources_1/imports/new/Rotator.vhd:36]
	Parameter SR_WIDTH bound to: 8 - type: integer 
	Parameter SR_DEPTH bound to: 256 - type: integer 
	Parameter SR_INIT bound to: 0 - type: integer 
	Parameter PRECISION bound to: 3 - type: integer 
INFO: [Synth 8-3491] module 'SR_FIFO' declared at 'C:/Users/donat/Desktop/NL2_FFT/Git_FFFT/FFFT/SDF_proj_v2.xpr/SDF_proj_v2/SDF_proj_v2.srcs/sources_1/imports/new/SR_FIFO.vhd:14' bound to instance 'SR_FIFO_inst' of component 'SR_FIFO' [C:/Users/donat/Desktop/NL2_FFT/Git_FFFT/FFFT/SDF_proj_v2.xpr/SDF_proj_v2/SDF_proj_v2.srcs/sources_1/imports/new/SDF_Stage.vhd:219]
INFO: [Synth 8-638] synthesizing module 'SR_FIFO' [C:/Users/donat/Desktop/NL2_FFT/Git_FFFT/FFFT/SDF_proj_v2.xpr/SDF_proj_v2/SDF_proj_v2.srcs/sources_1/imports/new/SR_FIFO.vhd:37]
INFO: [Synth 8-256] done synthesizing module 'SR_FIFO' (0#1) [C:/Users/donat/Desktop/NL2_FFT/Git_FFFT/FFFT/SDF_proj_v2.xpr/SDF_proj_v2/SDF_proj_v2.srcs/sources_1/imports/new/SR_FIFO.vhd:37]
	Parameter ADDR_LENGTH bound to: 9 - type: integer 
	Parameter TF_WIDTH bound to: 8 - type: integer 
INFO: [Synth 8-3491] module 'TF_ROM' declared at 'C:/Users/donat/Desktop/NL2_FFT/Git_FFFT/FFFT/SDF_proj_v2.xpr/SDF_proj_v2/SDF_proj_v2.srcs/sources_1/imports/new/TF_ROM.vhd:23' bound to instance 'TF_ROM_inst' of component 'TF_ROM' [C:/Users/donat/Desktop/NL2_FFT/Git_FFFT/FFFT/SDF_proj_v2.xpr/SDF_proj_v2/SDF_proj_v2.srcs/sources_1/imports/new/SDF_Stage.vhd:240]
INFO: [Synth 8-638] synthesizing module 'TF_ROM' [C:/Users/donat/Desktop/NL2_FFT/Git_FFFT/FFFT/SDF_proj_v2.xpr/SDF_proj_v2/SDF_proj_v2.srcs/sources_1/imports/new/TF_ROM.vhd:44]
INFO: [Synth 8-256] done synthesizing module 'TF_ROM' (0#1) [C:/Users/donat/Desktop/NL2_FFT/Git_FFFT/FFFT/SDF_proj_v2.xpr/SDF_proj_v2/SDF_proj_v2.srcs/sources_1/imports/new/TF_ROM.vhd:44]
INFO: [Synth 8-256] done synthesizing module 'SDF_Stage' (0#1) [C:/Users/donat/Desktop/NL2_FFT/Git_FFFT/FFFT/SDF_proj_v2.xpr/SDF_proj_v2/SDF_proj_v2.srcs/sources_1/imports/new/SDF_Stage.vhd:37]
	Parameter FFT_TOT_POINTS bound to: 512 - type: integer 
	Parameter DATA_WIDTH bound to: 8 - type: integer 
	Parameter PRECISION bound to: 3 - type: integer 
	Parameter TF_WIDTH bound to: 8 - type: integer 
	Parameter STAGE bound to: 2 - type: integer 
	Parameter SR_INIT bound to: 0 - type: integer 
INFO: [Synth 8-3491] module 'SDF_Stage' declared at 'C:/Users/donat/Desktop/NL2_FFT/Git_FFFT/FFFT/SDF_proj_v2.xpr/SDF_proj_v2/SDF_proj_v2.srcs/sources_1/imports/new/SDF_Stage.vhd:12' bound to instance 'SDF_stage_inst' of component 'SDF_Stage' [C:/Users/donat/Desktop/NL2_FFT/Git_FFFT/FFFT/SDF_proj_v2.xpr/SDF_proj_v2/SDF_proj_v2.srcs/sources_1/new/SDF_Top.vhd:85]
INFO: [Synth 8-638] synthesizing module 'SDF_Stage__parameterized1' [C:/Users/donat/Desktop/NL2_FFT/Git_FFFT/FFFT/SDF_proj_v2.xpr/SDF_proj_v2/SDF_proj_v2.srcs/sources_1/imports/new/SDF_Stage.vhd:37]
	Parameter DATA_WIDTH bound to: 8 - type: integer 
	Parameter PRECISION bound to: 3 - type: integer 
INFO: [Synth 8-3491] module 'R2_BU' declared at 'C:/Users/donat/Desktop/NL2_FFT/Git_FFFT/FFFT/SDF_proj_v2.xpr/SDF_proj_v2/SDF_proj_v2.srcs/sources_1/imports/new/R2_BU.vhd:13' bound to instance 'BU_inst' of component 'R2_BU' [C:/Users/donat/Desktop/NL2_FFT/Git_FFFT/FFFT/SDF_proj_v2.xpr/SDF_proj_v2/SDF_proj_v2.srcs/sources_1/imports/new/SDF_Stage.vhd:174]
	Parameter DATA_WIDTH bound to: 8 - type: integer 
	Parameter TF_WIDTH bound to: 8 - type: integer 
	Parameter PRECISION bound to: 3 - type: integer 
INFO: [Synth 8-3491] module 'Rotator' declared at 'C:/Users/donat/Desktop/NL2_FFT/Git_FFFT/FFFT/SDF_proj_v2.xpr/SDF_proj_v2/SDF_proj_v2.srcs/sources_1/imports/new/Rotator.vhd:11' bound to instance 'Rotator_inst' of component 'Rotator' [C:/Users/donat/Desktop/NL2_FFT/Git_FFFT/FFFT/SDF_proj_v2.xpr/SDF_proj_v2/SDF_proj_v2.srcs/sources_1/imports/new/SDF_Stage.vhd:196]
	Parameter SR_WIDTH bound to: 8 - type: integer 
	Parameter SR_DEPTH bound to: 128 - type: integer 
	Parameter SR_INIT bound to: 0 - type: integer 
	Parameter PRECISION bound to: 3 - type: integer 
INFO: [Synth 8-3491] module 'SR_FIFO' declared at 'C:/Users/donat/Desktop/NL2_FFT/Git_FFFT/FFFT/SDF_proj_v2.xpr/SDF_proj_v2/SDF_proj_v2.srcs/sources_1/imports/new/SR_FIFO.vhd:14' bound to instance 'SR_FIFO_inst' of component 'SR_FIFO' [C:/Users/donat/Desktop/NL2_FFT/Git_FFFT/FFFT/SDF_proj_v2.xpr/SDF_proj_v2/SDF_proj_v2.srcs/sources_1/imports/new/SDF_Stage.vhd:219]
INFO: [Synth 8-638] synthesizing module 'SR_FIFO__parameterized1' [C:/Users/donat/Desktop/NL2_FFT/Git_FFFT/FFFT/SDF_proj_v2.xpr/SDF_proj_v2/SDF_proj_v2.srcs/sources_1/imports/new/SR_FIFO.vhd:37]
INFO: [Synth 8-256] done synthesizing module 'SR_FIFO__parameterized1' (0#1) [C:/Users/donat/Desktop/NL2_FFT/Git_FFFT/FFFT/SDF_proj_v2.xpr/SDF_proj_v2/SDF_proj_v2.srcs/sources_1/imports/new/SR_FIFO.vhd:37]
	Parameter ADDR_LENGTH bound to: 8 - type: integer 
	Parameter TF_WIDTH bound to: 8 - type: integer 
INFO: [Synth 8-3491] module 'TF_ROM' declared at 'C:/Users/donat/Desktop/NL2_FFT/Git_FFFT/FFFT/SDF_proj_v2.xpr/SDF_proj_v2/SDF_proj_v2.srcs/sources_1/imports/new/TF_ROM.vhd:23' bound to instance 'TF_ROM_inst' of component 'TF_ROM' [C:/Users/donat/Desktop/NL2_FFT/Git_FFFT/FFFT/SDF_proj_v2.xpr/SDF_proj_v2/SDF_proj_v2.srcs/sources_1/imports/new/SDF_Stage.vhd:240]
INFO: [Synth 8-638] synthesizing module 'TF_ROM__parameterized1' [C:/Users/donat/Desktop/NL2_FFT/Git_FFFT/FFFT/SDF_proj_v2.xpr/SDF_proj_v2/SDF_proj_v2.srcs/sources_1/imports/new/TF_ROM.vhd:44]
INFO: [Synth 8-256] done synthesizing module 'TF_ROM__parameterized1' (0#1) [C:/Users/donat/Desktop/NL2_FFT/Git_FFFT/FFFT/SDF_proj_v2.xpr/SDF_proj_v2/SDF_proj_v2.srcs/sources_1/imports/new/TF_ROM.vhd:44]
INFO: [Synth 8-256] done synthesizing module 'SDF_Stage__parameterized1' (0#1) [C:/Users/donat/Desktop/NL2_FFT/Git_FFFT/FFFT/SDF_proj_v2.xpr/SDF_proj_v2/SDF_proj_v2.srcs/sources_1/imports/new/SDF_Stage.vhd:37]
	Parameter FFT_TOT_POINTS bound to: 512 - type: integer 
	Parameter DATA_WIDTH bound to: 8 - type: integer 
	Parameter PRECISION bound to: 3 - type: integer 
	Parameter TF_WIDTH bound to: 8 - type: integer 
	Parameter STAGE bound to: 3 - type: integer 
	Parameter SR_INIT bound to: 0 - type: integer 
INFO: [Synth 8-3491] module 'SDF_Stage' declared at 'C:/Users/donat/Desktop/NL2_FFT/Git_FFFT/FFFT/SDF_proj_v2.xpr/SDF_proj_v2/SDF_proj_v2.srcs/sources_1/imports/new/SDF_Stage.vhd:12' bound to instance 'SDF_stage_inst' of component 'SDF_Stage' [C:/Users/donat/Desktop/NL2_FFT/Git_FFFT/FFFT/SDF_proj_v2.xpr/SDF_proj_v2/SDF_proj_v2.srcs/sources_1/new/SDF_Top.vhd:85]
INFO: [Synth 8-638] synthesizing module 'SDF_Stage__parameterized3' [C:/Users/donat/Desktop/NL2_FFT/Git_FFFT/FFFT/SDF_proj_v2.xpr/SDF_proj_v2/SDF_proj_v2.srcs/sources_1/imports/new/SDF_Stage.vhd:37]
	Parameter DATA_WIDTH bound to: 8 - type: integer 
	Parameter PRECISION bound to: 3 - type: integer 
INFO: [Synth 8-3491] module 'R2_BU' declared at 'C:/Users/donat/Desktop/NL2_FFT/Git_FFFT/FFFT/SDF_proj_v2.xpr/SDF_proj_v2/SDF_proj_v2.srcs/sources_1/imports/new/R2_BU.vhd:13' bound to instance 'BU_inst' of component 'R2_BU' [C:/Users/donat/Desktop/NL2_FFT/Git_FFFT/FFFT/SDF_proj_v2.xpr/SDF_proj_v2/SDF_proj_v2.srcs/sources_1/imports/new/SDF_Stage.vhd:174]
	Parameter DATA_WIDTH bound to: 8 - type: integer 
	Parameter TF_WIDTH bound to: 8 - type: integer 
	Parameter PRECISION bound to: 3 - type: integer 
INFO: [Synth 8-3491] module 'Rotator' declared at 'C:/Users/donat/Desktop/NL2_FFT/Git_FFFT/FFFT/SDF_proj_v2.xpr/SDF_proj_v2/SDF_proj_v2.srcs/sources_1/imports/new/Rotator.vhd:11' bound to instance 'Rotator_inst' of component 'Rotator' [C:/Users/donat/Desktop/NL2_FFT/Git_FFFT/FFFT/SDF_proj_v2.xpr/SDF_proj_v2/SDF_proj_v2.srcs/sources_1/imports/new/SDF_Stage.vhd:196]
	Parameter SR_WIDTH bound to: 8 - type: integer 
	Parameter SR_DEPTH bound to: 64 - type: integer 
	Parameter SR_INIT bound to: 0 - type: integer 
	Parameter PRECISION bound to: 3 - type: integer 
INFO: [Synth 8-3491] module 'SR_FIFO' declared at 'C:/Users/donat/Desktop/NL2_FFT/Git_FFFT/FFFT/SDF_proj_v2.xpr/SDF_proj_v2/SDF_proj_v2.srcs/sources_1/imports/new/SR_FIFO.vhd:14' bound to instance 'SR_FIFO_inst' of component 'SR_FIFO' [C:/Users/donat/Desktop/NL2_FFT/Git_FFFT/FFFT/SDF_proj_v2.xpr/SDF_proj_v2/SDF_proj_v2.srcs/sources_1/imports/new/SDF_Stage.vhd:219]
INFO: [Synth 8-638] synthesizing module 'SR_FIFO__parameterized3' [C:/Users/donat/Desktop/NL2_FFT/Git_FFFT/FFFT/SDF_proj_v2.xpr/SDF_proj_v2/SDF_proj_v2.srcs/sources_1/imports/new/SR_FIFO.vhd:37]
INFO: [Synth 8-256] done synthesizing module 'SR_FIFO__parameterized3' (0#1) [C:/Users/donat/Desktop/NL2_FFT/Git_FFFT/FFFT/SDF_proj_v2.xpr/SDF_proj_v2/SDF_proj_v2.srcs/sources_1/imports/new/SR_FIFO.vhd:37]
	Parameter ADDR_LENGTH bound to: 7 - type: integer 
	Parameter TF_WIDTH bound to: 8 - type: integer 
INFO: [Synth 8-3491] module 'TF_ROM' declared at 'C:/Users/donat/Desktop/NL2_FFT/Git_FFFT/FFFT/SDF_proj_v2.xpr/SDF_proj_v2/SDF_proj_v2.srcs/sources_1/imports/new/TF_ROM.vhd:23' bound to instance 'TF_ROM_inst' of component 'TF_ROM' [C:/Users/donat/Desktop/NL2_FFT/Git_FFFT/FFFT/SDF_proj_v2.xpr/SDF_proj_v2/SDF_proj_v2.srcs/sources_1/imports/new/SDF_Stage.vhd:240]
INFO: [Synth 8-638] synthesizing module 'TF_ROM__parameterized3' [C:/Users/donat/Desktop/NL2_FFT/Git_FFFT/FFFT/SDF_proj_v2.xpr/SDF_proj_v2/SDF_proj_v2.srcs/sources_1/imports/new/TF_ROM.vhd:44]
INFO: [Synth 8-256] done synthesizing module 'TF_ROM__parameterized3' (0#1) [C:/Users/donat/Desktop/NL2_FFT/Git_FFFT/FFFT/SDF_proj_v2.xpr/SDF_proj_v2/SDF_proj_v2.srcs/sources_1/imports/new/TF_ROM.vhd:44]
INFO: [Synth 8-256] done synthesizing module 'SDF_Stage__parameterized3' (0#1) [C:/Users/donat/Desktop/NL2_FFT/Git_FFFT/FFFT/SDF_proj_v2.xpr/SDF_proj_v2/SDF_proj_v2.srcs/sources_1/imports/new/SDF_Stage.vhd:37]
	Parameter FFT_TOT_POINTS bound to: 512 - type: integer 
	Parameter DATA_WIDTH bound to: 8 - type: integer 
	Parameter PRECISION bound to: 3 - type: integer 
	Parameter TF_WIDTH bound to: 8 - type: integer 
	Parameter STAGE bound to: 4 - type: integer 
	Parameter SR_INIT bound to: 0 - type: integer 
INFO: [Synth 8-3491] module 'SDF_Stage' declared at 'C:/Users/donat/Desktop/NL2_FFT/Git_FFFT/FFFT/SDF_proj_v2.xpr/SDF_proj_v2/SDF_proj_v2.srcs/sources_1/imports/new/SDF_Stage.vhd:12' bound to instance 'SDF_stage_inst' of component 'SDF_Stage' [C:/Users/donat/Desktop/NL2_FFT/Git_FFFT/FFFT/SDF_proj_v2.xpr/SDF_proj_v2/SDF_proj_v2.srcs/sources_1/new/SDF_Top.vhd:85]
INFO: [Synth 8-638] synthesizing module 'SDF_Stage__parameterized5' [C:/Users/donat/Desktop/NL2_FFT/Git_FFFT/FFFT/SDF_proj_v2.xpr/SDF_proj_v2/SDF_proj_v2.srcs/sources_1/imports/new/SDF_Stage.vhd:37]
	Parameter DATA_WIDTH bound to: 8 - type: integer 
	Parameter PRECISION bound to: 3 - type: integer 
INFO: [Synth 8-3491] module 'R2_BU' declared at 'C:/Users/donat/Desktop/NL2_FFT/Git_FFFT/FFFT/SDF_proj_v2.xpr/SDF_proj_v2/SDF_proj_v2.srcs/sources_1/imports/new/R2_BU.vhd:13' bound to instance 'BU_inst' of component 'R2_BU' [C:/Users/donat/Desktop/NL2_FFT/Git_FFFT/FFFT/SDF_proj_v2.xpr/SDF_proj_v2/SDF_proj_v2.srcs/sources_1/imports/new/SDF_Stage.vhd:174]
	Parameter DATA_WIDTH bound to: 8 - type: integer 
	Parameter TF_WIDTH bound to: 8 - type: integer 
	Parameter PRECISION bound to: 3 - type: integer 
INFO: [Synth 8-3491] module 'Rotator' declared at 'C:/Users/donat/Desktop/NL2_FFT/Git_FFFT/FFFT/SDF_proj_v2.xpr/SDF_proj_v2/SDF_proj_v2.srcs/sources_1/imports/new/Rotator.vhd:11' bound to instance 'Rotator_inst' of component 'Rotator' [C:/Users/donat/Desktop/NL2_FFT/Git_FFFT/FFFT/SDF_proj_v2.xpr/SDF_proj_v2/SDF_proj_v2.srcs/sources_1/imports/new/SDF_Stage.vhd:196]
	Parameter SR_WIDTH bound to: 8 - type: integer 
	Parameter SR_DEPTH bound to: 32 - type: integer 
	Parameter SR_INIT bound to: 0 - type: integer 
	Parameter PRECISION bound to: 3 - type: integer 
INFO: [Synth 8-3491] module 'SR_FIFO' declared at 'C:/Users/donat/Desktop/NL2_FFT/Git_FFFT/FFFT/SDF_proj_v2.xpr/SDF_proj_v2/SDF_proj_v2.srcs/sources_1/imports/new/SR_FIFO.vhd:14' bound to instance 'SR_FIFO_inst' of component 'SR_FIFO' [C:/Users/donat/Desktop/NL2_FFT/Git_FFFT/FFFT/SDF_proj_v2.xpr/SDF_proj_v2/SDF_proj_v2.srcs/sources_1/imports/new/SDF_Stage.vhd:219]
INFO: [Synth 8-638] synthesizing module 'SR_FIFO__parameterized5' [C:/Users/donat/Desktop/NL2_FFT/Git_FFFT/FFFT/SDF_proj_v2.xpr/SDF_proj_v2/SDF_proj_v2.srcs/sources_1/imports/new/SR_FIFO.vhd:37]
INFO: [Synth 8-256] done synthesizing module 'SR_FIFO__parameterized5' (0#1) [C:/Users/donat/Desktop/NL2_FFT/Git_FFFT/FFFT/SDF_proj_v2.xpr/SDF_proj_v2/SDF_proj_v2.srcs/sources_1/imports/new/SR_FIFO.vhd:37]
	Parameter ADDR_LENGTH bound to: 6 - type: integer 
	Parameter TF_WIDTH bound to: 8 - type: integer 
INFO: [Synth 8-3491] module 'TF_ROM' declared at 'C:/Users/donat/Desktop/NL2_FFT/Git_FFFT/FFFT/SDF_proj_v2.xpr/SDF_proj_v2/SDF_proj_v2.srcs/sources_1/imports/new/TF_ROM.vhd:23' bound to instance 'TF_ROM_inst' of component 'TF_ROM' [C:/Users/donat/Desktop/NL2_FFT/Git_FFFT/FFFT/SDF_proj_v2.xpr/SDF_proj_v2/SDF_proj_v2.srcs/sources_1/imports/new/SDF_Stage.vhd:240]
INFO: [Synth 8-638] synthesizing module 'TF_ROM__parameterized5' [C:/Users/donat/Desktop/NL2_FFT/Git_FFFT/FFFT/SDF_proj_v2.xpr/SDF_proj_v2/SDF_proj_v2.srcs/sources_1/imports/new/TF_ROM.vhd:44]
INFO: [Synth 8-256] done synthesizing module 'TF_ROM__parameterized5' (0#1) [C:/Users/donat/Desktop/NL2_FFT/Git_FFFT/FFFT/SDF_proj_v2.xpr/SDF_proj_v2/SDF_proj_v2.srcs/sources_1/imports/new/TF_ROM.vhd:44]
INFO: [Synth 8-256] done synthesizing module 'SDF_Stage__parameterized5' (0#1) [C:/Users/donat/Desktop/NL2_FFT/Git_FFFT/FFFT/SDF_proj_v2.xpr/SDF_proj_v2/SDF_proj_v2.srcs/sources_1/imports/new/SDF_Stage.vhd:37]
	Parameter FFT_TOT_POINTS bound to: 512 - type: integer 
	Parameter DATA_WIDTH bound to: 8 - type: integer 
	Parameter PRECISION bound to: 3 - type: integer 
	Parameter TF_WIDTH bound to: 8 - type: integer 
	Parameter STAGE bound to: 5 - type: integer 
	Parameter SR_INIT bound to: 0 - type: integer 
INFO: [Synth 8-3491] module 'SDF_Stage' declared at 'C:/Users/donat/Desktop/NL2_FFT/Git_FFFT/FFFT/SDF_proj_v2.xpr/SDF_proj_v2/SDF_proj_v2.srcs/sources_1/imports/new/SDF_Stage.vhd:12' bound to instance 'SDF_stage_inst' of component 'SDF_Stage' [C:/Users/donat/Desktop/NL2_FFT/Git_FFFT/FFFT/SDF_proj_v2.xpr/SDF_proj_v2/SDF_proj_v2.srcs/sources_1/new/SDF_Top.vhd:85]
INFO: [Synth 8-638] synthesizing module 'SDF_Stage__parameterized7' [C:/Users/donat/Desktop/NL2_FFT/Git_FFFT/FFFT/SDF_proj_v2.xpr/SDF_proj_v2/SDF_proj_v2.srcs/sources_1/imports/new/SDF_Stage.vhd:37]
	Parameter DATA_WIDTH bound to: 8 - type: integer 
	Parameter PRECISION bound to: 3 - type: integer 
INFO: [Synth 8-3491] module 'R2_BU' declared at 'C:/Users/donat/Desktop/NL2_FFT/Git_FFFT/FFFT/SDF_proj_v2.xpr/SDF_proj_v2/SDF_proj_v2.srcs/sources_1/imports/new/R2_BU.vhd:13' bound to instance 'BU_inst' of component 'R2_BU' [C:/Users/donat/Desktop/NL2_FFT/Git_FFFT/FFFT/SDF_proj_v2.xpr/SDF_proj_v2/SDF_proj_v2.srcs/sources_1/imports/new/SDF_Stage.vhd:174]
	Parameter DATA_WIDTH bound to: 8 - type: integer 
	Parameter TF_WIDTH bound to: 8 - type: integer 
	Parameter PRECISION bound to: 3 - type: integer 
INFO: [Synth 8-3491] module 'Rotator' declared at 'C:/Users/donat/Desktop/NL2_FFT/Git_FFFT/FFFT/SDF_proj_v2.xpr/SDF_proj_v2/SDF_proj_v2.srcs/sources_1/imports/new/Rotator.vhd:11' bound to instance 'Rotator_inst' of component 'Rotator' [C:/Users/donat/Desktop/NL2_FFT/Git_FFFT/FFFT/SDF_proj_v2.xpr/SDF_proj_v2/SDF_proj_v2.srcs/sources_1/imports/new/SDF_Stage.vhd:196]
	Parameter SR_WIDTH bound to: 8 - type: integer 
	Parameter SR_DEPTH bound to: 16 - type: integer 
	Parameter SR_INIT bound to: 0 - type: integer 
	Parameter PRECISION bound to: 3 - type: integer 
INFO: [Synth 8-3491] module 'SR_FIFO' declared at 'C:/Users/donat/Desktop/NL2_FFT/Git_FFFT/FFFT/SDF_proj_v2.xpr/SDF_proj_v2/SDF_proj_v2.srcs/sources_1/imports/new/SR_FIFO.vhd:14' bound to instance 'SR_FIFO_inst' of component 'SR_FIFO' [C:/Users/donat/Desktop/NL2_FFT/Git_FFFT/FFFT/SDF_proj_v2.xpr/SDF_proj_v2/SDF_proj_v2.srcs/sources_1/imports/new/SDF_Stage.vhd:219]
INFO: [Synth 8-638] synthesizing module 'SR_FIFO__parameterized7' [C:/Users/donat/Desktop/NL2_FFT/Git_FFFT/FFFT/SDF_proj_v2.xpr/SDF_proj_v2/SDF_proj_v2.srcs/sources_1/imports/new/SR_FIFO.vhd:37]
INFO: [Synth 8-256] done synthesizing module 'SR_FIFO__parameterized7' (0#1) [C:/Users/donat/Desktop/NL2_FFT/Git_FFFT/FFFT/SDF_proj_v2.xpr/SDF_proj_v2/SDF_proj_v2.srcs/sources_1/imports/new/SR_FIFO.vhd:37]
	Parameter ADDR_LENGTH bound to: 5 - type: integer 
	Parameter TF_WIDTH bound to: 8 - type: integer 
INFO: [Synth 8-3491] module 'TF_ROM' declared at 'C:/Users/donat/Desktop/NL2_FFT/Git_FFFT/FFFT/SDF_proj_v2.xpr/SDF_proj_v2/SDF_proj_v2.srcs/sources_1/imports/new/TF_ROM.vhd:23' bound to instance 'TF_ROM_inst' of component 'TF_ROM' [C:/Users/donat/Desktop/NL2_FFT/Git_FFFT/FFFT/SDF_proj_v2.xpr/SDF_proj_v2/SDF_proj_v2.srcs/sources_1/imports/new/SDF_Stage.vhd:240]
INFO: [Synth 8-638] synthesizing module 'TF_ROM__parameterized7' [C:/Users/donat/Desktop/NL2_FFT/Git_FFFT/FFFT/SDF_proj_v2.xpr/SDF_proj_v2/SDF_proj_v2.srcs/sources_1/imports/new/TF_ROM.vhd:44]
INFO: [Synth 8-256] done synthesizing module 'TF_ROM__parameterized7' (0#1) [C:/Users/donat/Desktop/NL2_FFT/Git_FFFT/FFFT/SDF_proj_v2.xpr/SDF_proj_v2/SDF_proj_v2.srcs/sources_1/imports/new/TF_ROM.vhd:44]
INFO: [Synth 8-256] done synthesizing module 'SDF_Stage__parameterized7' (0#1) [C:/Users/donat/Desktop/NL2_FFT/Git_FFFT/FFFT/SDF_proj_v2.xpr/SDF_proj_v2/SDF_proj_v2.srcs/sources_1/imports/new/SDF_Stage.vhd:37]
	Parameter FFT_TOT_POINTS bound to: 512 - type: integer 
	Parameter DATA_WIDTH bound to: 8 - type: integer 
	Parameter PRECISION bound to: 3 - type: integer 
	Parameter TF_WIDTH bound to: 8 - type: integer 
	Parameter STAGE bound to: 6 - type: integer 
	Parameter SR_INIT bound to: 0 - type: integer 
INFO: [Synth 8-3491] module 'SDF_Stage' declared at 'C:/Users/donat/Desktop/NL2_FFT/Git_FFFT/FFFT/SDF_proj_v2.xpr/SDF_proj_v2/SDF_proj_v2.srcs/sources_1/imports/new/SDF_Stage.vhd:12' bound to instance 'SDF_stage_inst' of component 'SDF_Stage' [C:/Users/donat/Desktop/NL2_FFT/Git_FFFT/FFFT/SDF_proj_v2.xpr/SDF_proj_v2/SDF_proj_v2.srcs/sources_1/new/SDF_Top.vhd:85]
INFO: [Synth 8-638] synthesizing module 'SDF_Stage__parameterized9' [C:/Users/donat/Desktop/NL2_FFT/Git_FFFT/FFFT/SDF_proj_v2.xpr/SDF_proj_v2/SDF_proj_v2.srcs/sources_1/imports/new/SDF_Stage.vhd:37]
	Parameter DATA_WIDTH bound to: 8 - type: integer 
	Parameter PRECISION bound to: 3 - type: integer 
INFO: [Synth 8-3491] module 'R2_BU' declared at 'C:/Users/donat/Desktop/NL2_FFT/Git_FFFT/FFFT/SDF_proj_v2.xpr/SDF_proj_v2/SDF_proj_v2.srcs/sources_1/imports/new/R2_BU.vhd:13' bound to instance 'BU_inst' of component 'R2_BU' [C:/Users/donat/Desktop/NL2_FFT/Git_FFFT/FFFT/SDF_proj_v2.xpr/SDF_proj_v2/SDF_proj_v2.srcs/sources_1/imports/new/SDF_Stage.vhd:174]
	Parameter DATA_WIDTH bound to: 8 - type: integer 
	Parameter TF_WIDTH bound to: 8 - type: integer 
	Parameter PRECISION bound to: 3 - type: integer 
INFO: [Synth 8-3491] module 'Rotator' declared at 'C:/Users/donat/Desktop/NL2_FFT/Git_FFFT/FFFT/SDF_proj_v2.xpr/SDF_proj_v2/SDF_proj_v2.srcs/sources_1/imports/new/Rotator.vhd:11' bound to instance 'Rotator_inst' of component 'Rotator' [C:/Users/donat/Desktop/NL2_FFT/Git_FFFT/FFFT/SDF_proj_v2.xpr/SDF_proj_v2/SDF_proj_v2.srcs/sources_1/imports/new/SDF_Stage.vhd:196]
	Parameter SR_WIDTH bound to: 8 - type: integer 
	Parameter SR_DEPTH bound to: 8 - type: integer 
	Parameter SR_INIT bound to: 0 - type: integer 
	Parameter PRECISION bound to: 3 - type: integer 
INFO: [Synth 8-3491] module 'SR_FIFO' declared at 'C:/Users/donat/Desktop/NL2_FFT/Git_FFFT/FFFT/SDF_proj_v2.xpr/SDF_proj_v2/SDF_proj_v2.srcs/sources_1/imports/new/SR_FIFO.vhd:14' bound to instance 'SR_FIFO_inst' of component 'SR_FIFO' [C:/Users/donat/Desktop/NL2_FFT/Git_FFFT/FFFT/SDF_proj_v2.xpr/SDF_proj_v2/SDF_proj_v2.srcs/sources_1/imports/new/SDF_Stage.vhd:219]
INFO: [Synth 8-638] synthesizing module 'SR_FIFO__parameterized9' [C:/Users/donat/Desktop/NL2_FFT/Git_FFFT/FFFT/SDF_proj_v2.xpr/SDF_proj_v2/SDF_proj_v2.srcs/sources_1/imports/new/SR_FIFO.vhd:37]
INFO: [Synth 8-256] done synthesizing module 'SR_FIFO__parameterized9' (0#1) [C:/Users/donat/Desktop/NL2_FFT/Git_FFFT/FFFT/SDF_proj_v2.xpr/SDF_proj_v2/SDF_proj_v2.srcs/sources_1/imports/new/SR_FIFO.vhd:37]
	Parameter ADDR_LENGTH bound to: 4 - type: integer 
	Parameter TF_WIDTH bound to: 8 - type: integer 
INFO: [Synth 8-3491] module 'TF_ROM' declared at 'C:/Users/donat/Desktop/NL2_FFT/Git_FFFT/FFFT/SDF_proj_v2.xpr/SDF_proj_v2/SDF_proj_v2.srcs/sources_1/imports/new/TF_ROM.vhd:23' bound to instance 'TF_ROM_inst' of component 'TF_ROM' [C:/Users/donat/Desktop/NL2_FFT/Git_FFFT/FFFT/SDF_proj_v2.xpr/SDF_proj_v2/SDF_proj_v2.srcs/sources_1/imports/new/SDF_Stage.vhd:240]
INFO: [Synth 8-638] synthesizing module 'TF_ROM__parameterized9' [C:/Users/donat/Desktop/NL2_FFT/Git_FFFT/FFFT/SDF_proj_v2.xpr/SDF_proj_v2/SDF_proj_v2.srcs/sources_1/imports/new/TF_ROM.vhd:44]
INFO: [Synth 8-256] done synthesizing module 'TF_ROM__parameterized9' (0#1) [C:/Users/donat/Desktop/NL2_FFT/Git_FFFT/FFFT/SDF_proj_v2.xpr/SDF_proj_v2/SDF_proj_v2.srcs/sources_1/imports/new/TF_ROM.vhd:44]
INFO: [Synth 8-256] done synthesizing module 'SDF_Stage__parameterized9' (0#1) [C:/Users/donat/Desktop/NL2_FFT/Git_FFFT/FFFT/SDF_proj_v2.xpr/SDF_proj_v2/SDF_proj_v2.srcs/sources_1/imports/new/SDF_Stage.vhd:37]
	Parameter FFT_TOT_POINTS bound to: 512 - type: integer 
	Parameter DATA_WIDTH bound to: 8 - type: integer 
	Parameter PRECISION bound to: 3 - type: integer 
	Parameter TF_WIDTH bound to: 8 - type: integer 
	Parameter STAGE bound to: 7 - type: integer 
	Parameter SR_INIT bound to: 0 - type: integer 
INFO: [Synth 8-3491] module 'SDF_Stage' declared at 'C:/Users/donat/Desktop/NL2_FFT/Git_FFFT/FFFT/SDF_proj_v2.xpr/SDF_proj_v2/SDF_proj_v2.srcs/sources_1/imports/new/SDF_Stage.vhd:12' bound to instance 'SDF_stage_inst' of component 'SDF_Stage' [C:/Users/donat/Desktop/NL2_FFT/Git_FFFT/FFFT/SDF_proj_v2.xpr/SDF_proj_v2/SDF_proj_v2.srcs/sources_1/new/SDF_Top.vhd:85]
INFO: [Synth 8-638] synthesizing module 'SDF_Stage__parameterized11' [C:/Users/donat/Desktop/NL2_FFT/Git_FFFT/FFFT/SDF_proj_v2.xpr/SDF_proj_v2/SDF_proj_v2.srcs/sources_1/imports/new/SDF_Stage.vhd:37]
	Parameter DATA_WIDTH bound to: 8 - type: integer 
	Parameter PRECISION bound to: 3 - type: integer 
INFO: [Synth 8-3491] module 'R2_BU' declared at 'C:/Users/donat/Desktop/NL2_FFT/Git_FFFT/FFFT/SDF_proj_v2.xpr/SDF_proj_v2/SDF_proj_v2.srcs/sources_1/imports/new/R2_BU.vhd:13' bound to instance 'BU_inst' of component 'R2_BU' [C:/Users/donat/Desktop/NL2_FFT/Git_FFFT/FFFT/SDF_proj_v2.xpr/SDF_proj_v2/SDF_proj_v2.srcs/sources_1/imports/new/SDF_Stage.vhd:174]
	Parameter DATA_WIDTH bound to: 8 - type: integer 
	Parameter TF_WIDTH bound to: 8 - type: integer 
	Parameter PRECISION bound to: 3 - type: integer 
INFO: [Synth 8-3491] module 'Rotator' declared at 'C:/Users/donat/Desktop/NL2_FFT/Git_FFFT/FFFT/SDF_proj_v2.xpr/SDF_proj_v2/SDF_proj_v2.srcs/sources_1/imports/new/Rotator.vhd:11' bound to instance 'Rotator_inst' of component 'Rotator' [C:/Users/donat/Desktop/NL2_FFT/Git_FFFT/FFFT/SDF_proj_v2.xpr/SDF_proj_v2/SDF_proj_v2.srcs/sources_1/imports/new/SDF_Stage.vhd:196]
	Parameter SR_WIDTH bound to: 8 - type: integer 
	Parameter SR_DEPTH bound to: 4 - type: integer 
	Parameter SR_INIT bound to: 0 - type: integer 
	Parameter PRECISION bound to: 3 - type: integer 
INFO: [Synth 8-3491] module 'SR_FIFO' declared at 'C:/Users/donat/Desktop/NL2_FFT/Git_FFFT/FFFT/SDF_proj_v2.xpr/SDF_proj_v2/SDF_proj_v2.srcs/sources_1/imports/new/SR_FIFO.vhd:14' bound to instance 'SR_FIFO_inst' of component 'SR_FIFO' [C:/Users/donat/Desktop/NL2_FFT/Git_FFFT/FFFT/SDF_proj_v2.xpr/SDF_proj_v2/SDF_proj_v2.srcs/sources_1/imports/new/SDF_Stage.vhd:219]
INFO: [Synth 8-638] synthesizing module 'SR_FIFO__parameterized11' [C:/Users/donat/Desktop/NL2_FFT/Git_FFFT/FFFT/SDF_proj_v2.xpr/SDF_proj_v2/SDF_proj_v2.srcs/sources_1/imports/new/SR_FIFO.vhd:37]
INFO: [Synth 8-256] done synthesizing module 'SR_FIFO__parameterized11' (0#1) [C:/Users/donat/Desktop/NL2_FFT/Git_FFFT/FFFT/SDF_proj_v2.xpr/SDF_proj_v2/SDF_proj_v2.srcs/sources_1/imports/new/SR_FIFO.vhd:37]
	Parameter ADDR_LENGTH bound to: 3 - type: integer 
	Parameter TF_WIDTH bound to: 8 - type: integer 
INFO: [Synth 8-3491] module 'TF_ROM' declared at 'C:/Users/donat/Desktop/NL2_FFT/Git_FFFT/FFFT/SDF_proj_v2.xpr/SDF_proj_v2/SDF_proj_v2.srcs/sources_1/imports/new/TF_ROM.vhd:23' bound to instance 'TF_ROM_inst' of component 'TF_ROM' [C:/Users/donat/Desktop/NL2_FFT/Git_FFFT/FFFT/SDF_proj_v2.xpr/SDF_proj_v2/SDF_proj_v2.srcs/sources_1/imports/new/SDF_Stage.vhd:240]
INFO: [Synth 8-638] synthesizing module 'TF_ROM__parameterized11' [C:/Users/donat/Desktop/NL2_FFT/Git_FFFT/FFFT/SDF_proj_v2.xpr/SDF_proj_v2/SDF_proj_v2.srcs/sources_1/imports/new/TF_ROM.vhd:44]
INFO: [Synth 8-256] done synthesizing module 'TF_ROM__parameterized11' (0#1) [C:/Users/donat/Desktop/NL2_FFT/Git_FFFT/FFFT/SDF_proj_v2.xpr/SDF_proj_v2/SDF_proj_v2.srcs/sources_1/imports/new/TF_ROM.vhd:44]
INFO: [Synth 8-256] done synthesizing module 'SDF_Stage__parameterized11' (0#1) [C:/Users/donat/Desktop/NL2_FFT/Git_FFFT/FFFT/SDF_proj_v2.xpr/SDF_proj_v2/SDF_proj_v2.srcs/sources_1/imports/new/SDF_Stage.vhd:37]
	Parameter FFT_TOT_POINTS bound to: 512 - type: integer 
	Parameter DATA_WIDTH bound to: 8 - type: integer 
	Parameter PRECISION bound to: 3 - type: integer 
	Parameter TF_WIDTH bound to: 8 - type: integer 
	Parameter STAGE bound to: 8 - type: integer 
	Parameter SR_INIT bound to: 0 - type: integer 
INFO: [Synth 8-3491] module 'SDF_Stage' declared at 'C:/Users/donat/Desktop/NL2_FFT/Git_FFFT/FFFT/SDF_proj_v2.xpr/SDF_proj_v2/SDF_proj_v2.srcs/sources_1/imports/new/SDF_Stage.vhd:12' bound to instance 'SDF_stage_inst' of component 'SDF_Stage' [C:/Users/donat/Desktop/NL2_FFT/Git_FFFT/FFFT/SDF_proj_v2.xpr/SDF_proj_v2/SDF_proj_v2.srcs/sources_1/new/SDF_Top.vhd:85]
INFO: [Synth 8-638] synthesizing module 'SDF_Stage__parameterized13' [C:/Users/donat/Desktop/NL2_FFT/Git_FFFT/FFFT/SDF_proj_v2.xpr/SDF_proj_v2/SDF_proj_v2.srcs/sources_1/imports/new/SDF_Stage.vhd:37]
	Parameter DATA_WIDTH bound to: 8 - type: integer 
	Parameter PRECISION bound to: 3 - type: integer 
INFO: [Synth 8-3491] module 'R2_BU' declared at 'C:/Users/donat/Desktop/NL2_FFT/Git_FFFT/FFFT/SDF_proj_v2.xpr/SDF_proj_v2/SDF_proj_v2.srcs/sources_1/imports/new/R2_BU.vhd:13' bound to instance 'BU_inst' of component 'R2_BU' [C:/Users/donat/Desktop/NL2_FFT/Git_FFFT/FFFT/SDF_proj_v2.xpr/SDF_proj_v2/SDF_proj_v2.srcs/sources_1/imports/new/SDF_Stage.vhd:174]
	Parameter DATA_WIDTH bound to: 8 - type: integer 
	Parameter TF_WIDTH bound to: 8 - type: integer 
	Parameter PRECISION bound to: 3 - type: integer 
INFO: [Synth 8-3491] module 'Rotator' declared at 'C:/Users/donat/Desktop/NL2_FFT/Git_FFFT/FFFT/SDF_proj_v2.xpr/SDF_proj_v2/SDF_proj_v2.srcs/sources_1/imports/new/Rotator.vhd:11' bound to instance 'Rotator_inst' of component 'Rotator' [C:/Users/donat/Desktop/NL2_FFT/Git_FFFT/FFFT/SDF_proj_v2.xpr/SDF_proj_v2/SDF_proj_v2.srcs/sources_1/imports/new/SDF_Stage.vhd:196]
	Parameter SR_WIDTH bound to: 8 - type: integer 
	Parameter SR_DEPTH bound to: 2 - type: integer 
	Parameter SR_INIT bound to: 0 - type: integer 
	Parameter PRECISION bound to: 3 - type: integer 
INFO: [Synth 8-3491] module 'SR_FIFO' declared at 'C:/Users/donat/Desktop/NL2_FFT/Git_FFFT/FFFT/SDF_proj_v2.xpr/SDF_proj_v2/SDF_proj_v2.srcs/sources_1/imports/new/SR_FIFO.vhd:14' bound to instance 'SR_FIFO_inst' of component 'SR_FIFO' [C:/Users/donat/Desktop/NL2_FFT/Git_FFFT/FFFT/SDF_proj_v2.xpr/SDF_proj_v2/SDF_proj_v2.srcs/sources_1/imports/new/SDF_Stage.vhd:219]
INFO: [Synth 8-638] synthesizing module 'SR_FIFO__parameterized13' [C:/Users/donat/Desktop/NL2_FFT/Git_FFFT/FFFT/SDF_proj_v2.xpr/SDF_proj_v2/SDF_proj_v2.srcs/sources_1/imports/new/SR_FIFO.vhd:37]
INFO: [Synth 8-256] done synthesizing module 'SR_FIFO__parameterized13' (0#1) [C:/Users/donat/Desktop/NL2_FFT/Git_FFFT/FFFT/SDF_proj_v2.xpr/SDF_proj_v2/SDF_proj_v2.srcs/sources_1/imports/new/SR_FIFO.vhd:37]
	Parameter ADDR_LENGTH bound to: 2 - type: integer 
	Parameter TF_WIDTH bound to: 8 - type: integer 
INFO: [Synth 8-3491] module 'TF_ROM' declared at 'C:/Users/donat/Desktop/NL2_FFT/Git_FFFT/FFFT/SDF_proj_v2.xpr/SDF_proj_v2/SDF_proj_v2.srcs/sources_1/imports/new/TF_ROM.vhd:23' bound to instance 'TF_ROM_inst' of component 'TF_ROM' [C:/Users/donat/Desktop/NL2_FFT/Git_FFFT/FFFT/SDF_proj_v2.xpr/SDF_proj_v2/SDF_proj_v2.srcs/sources_1/imports/new/SDF_Stage.vhd:240]
INFO: [Synth 8-638] synthesizing module 'TF_ROM__parameterized13' [C:/Users/donat/Desktop/NL2_FFT/Git_FFFT/FFFT/SDF_proj_v2.xpr/SDF_proj_v2/SDF_proj_v2.srcs/sources_1/imports/new/TF_ROM.vhd:44]
INFO: [Synth 8-256] done synthesizing module 'TF_ROM__parameterized13' (0#1) [C:/Users/donat/Desktop/NL2_FFT/Git_FFFT/FFFT/SDF_proj_v2.xpr/SDF_proj_v2/SDF_proj_v2.srcs/sources_1/imports/new/TF_ROM.vhd:44]
INFO: [Synth 8-256] done synthesizing module 'SDF_Stage__parameterized13' (0#1) [C:/Users/donat/Desktop/NL2_FFT/Git_FFFT/FFFT/SDF_proj_v2.xpr/SDF_proj_v2/SDF_proj_v2.srcs/sources_1/imports/new/SDF_Stage.vhd:37]
	Parameter FFT_TOT_POINTS bound to: 512 - type: integer 
	Parameter DATA_WIDTH bound to: 8 - type: integer 
	Parameter PRECISION bound to: 3 - type: integer 
	Parameter TF_WIDTH bound to: 8 - type: integer 
	Parameter STAGE bound to: 9 - type: integer 
	Parameter SR_INIT bound to: 0 - type: integer 
INFO: [Synth 8-3491] module 'SDF_Stage' declared at 'C:/Users/donat/Desktop/NL2_FFT/Git_FFFT/FFFT/SDF_proj_v2.xpr/SDF_proj_v2/SDF_proj_v2.srcs/sources_1/imports/new/SDF_Stage.vhd:12' bound to instance 'SDF_stage_inst' of component 'SDF_Stage' [C:/Users/donat/Desktop/NL2_FFT/Git_FFFT/FFFT/SDF_proj_v2.xpr/SDF_proj_v2/SDF_proj_v2.srcs/sources_1/new/SDF_Top.vhd:85]
INFO: [Synth 8-638] synthesizing module 'SDF_Stage__parameterized15' [C:/Users/donat/Desktop/NL2_FFT/Git_FFFT/FFFT/SDF_proj_v2.xpr/SDF_proj_v2/SDF_proj_v2.srcs/sources_1/imports/new/SDF_Stage.vhd:37]
	Parameter DATA_WIDTH bound to: 8 - type: integer 
	Parameter PRECISION bound to: 3 - type: integer 
INFO: [Synth 8-3491] module 'R2_BU' declared at 'C:/Users/donat/Desktop/NL2_FFT/Git_FFFT/FFFT/SDF_proj_v2.xpr/SDF_proj_v2/SDF_proj_v2.srcs/sources_1/imports/new/R2_BU.vhd:13' bound to instance 'BU_inst' of component 'R2_BU' [C:/Users/donat/Desktop/NL2_FFT/Git_FFFT/FFFT/SDF_proj_v2.xpr/SDF_proj_v2/SDF_proj_v2.srcs/sources_1/imports/new/SDF_Stage.vhd:174]
	Parameter DATA_WIDTH bound to: 8 - type: integer 
	Parameter TF_WIDTH bound to: 8 - type: integer 
	Parameter PRECISION bound to: 3 - type: integer 
INFO: [Synth 8-3491] module 'Rotator' declared at 'C:/Users/donat/Desktop/NL2_FFT/Git_FFFT/FFFT/SDF_proj_v2.xpr/SDF_proj_v2/SDF_proj_v2.srcs/sources_1/imports/new/Rotator.vhd:11' bound to instance 'Rotator_inst' of component 'Rotator' [C:/Users/donat/Desktop/NL2_FFT/Git_FFFT/FFFT/SDF_proj_v2.xpr/SDF_proj_v2/SDF_proj_v2.srcs/sources_1/imports/new/SDF_Stage.vhd:196]
	Parameter SR_WIDTH bound to: 8 - type: integer 
	Parameter SR_DEPTH bound to: 1 - type: integer 
	Parameter SR_INIT bound to: 0 - type: integer 
	Parameter PRECISION bound to: 3 - type: integer 
INFO: [Synth 8-3491] module 'SR_FIFO' declared at 'C:/Users/donat/Desktop/NL2_FFT/Git_FFFT/FFFT/SDF_proj_v2.xpr/SDF_proj_v2/SDF_proj_v2.srcs/sources_1/imports/new/SR_FIFO.vhd:14' bound to instance 'SR_FIFO_inst' of component 'SR_FIFO' [C:/Users/donat/Desktop/NL2_FFT/Git_FFFT/FFFT/SDF_proj_v2.xpr/SDF_proj_v2/SDF_proj_v2.srcs/sources_1/imports/new/SDF_Stage.vhd:219]
INFO: [Synth 8-638] synthesizing module 'SR_FIFO__parameterized15' [C:/Users/donat/Desktop/NL2_FFT/Git_FFFT/FFFT/SDF_proj_v2.xpr/SDF_proj_v2/SDF_proj_v2.srcs/sources_1/imports/new/SR_FIFO.vhd:37]
INFO: [Synth 8-256] done synthesizing module 'SR_FIFO__parameterized15' (0#1) [C:/Users/donat/Desktop/NL2_FFT/Git_FFFT/FFFT/SDF_proj_v2.xpr/SDF_proj_v2/SDF_proj_v2.srcs/sources_1/imports/new/SR_FIFO.vhd:37]
	Parameter ADDR_LENGTH bound to: 1 - type: integer 
	Parameter TF_WIDTH bound to: 8 - type: integer 
INFO: [Synth 8-3491] module 'TF_ROM' declared at 'C:/Users/donat/Desktop/NL2_FFT/Git_FFFT/FFFT/SDF_proj_v2.xpr/SDF_proj_v2/SDF_proj_v2.srcs/sources_1/imports/new/TF_ROM.vhd:23' bound to instance 'TF_ROM_inst' of component 'TF_ROM' [C:/Users/donat/Desktop/NL2_FFT/Git_FFFT/FFFT/SDF_proj_v2.xpr/SDF_proj_v2/SDF_proj_v2.srcs/sources_1/imports/new/SDF_Stage.vhd:240]
INFO: [Synth 8-638] synthesizing module 'TF_ROM__parameterized15' [C:/Users/donat/Desktop/NL2_FFT/Git_FFFT/FFFT/SDF_proj_v2.xpr/SDF_proj_v2/SDF_proj_v2.srcs/sources_1/imports/new/TF_ROM.vhd:44]
INFO: [Synth 8-256] done synthesizing module 'TF_ROM__parameterized15' (0#1) [C:/Users/donat/Desktop/NL2_FFT/Git_FFFT/FFFT/SDF_proj_v2.xpr/SDF_proj_v2/SDF_proj_v2.srcs/sources_1/imports/new/TF_ROM.vhd:44]
INFO: [Synth 8-256] done synthesizing module 'SDF_Stage__parameterized15' (0#1) [C:/Users/donat/Desktop/NL2_FFT/Git_FFFT/FFFT/SDF_proj_v2.xpr/SDF_proj_v2/SDF_proj_v2.srcs/sources_1/imports/new/SDF_Stage.vhd:37]
INFO: [Synth 8-256] done synthesizing module 'SDF_Top' (0#1) [C:/Users/donat/Desktop/NL2_FFT/Git_FFFT/FFFT/SDF_proj_v2.xpr/SDF_proj_v2/SDF_proj_v2.srcs/sources_1/new/SDF_Top.vhd:34]
INFO: [Synth 8-256] done synthesizing module 'design_1_SDF_Top_0_0' (0#1) [c:/Users/donat/Desktop/NL2_FFT/Git_FFFT/FFFT/SDF_proj_v2.xpr/SDF_proj_v2/SDF_proj_v2.gen/sources_1/bd/design_1/ip/design_1_SDF_Top_0_0/synth/design_1_SDF_Top_0_0.vhd:68]
WARNING: [Synth 8-3936] Found unconnected internal register 'Result_reg[0]' and it is trimmed from '9' to '8' bits. [C:/Users/donat/Desktop/NL2_FFT/Git_FFFT/FFFT/SDF_proj_v2.xpr/SDF_proj_v2/SDF_proj_v2.srcs/sources_1/imports/new/Rotator.vhd:61]
WARNING: [Synth 8-3936] Found unconnected internal register 'Result_reg[1]' and it is trimmed from '9' to '8' bits. [C:/Users/donat/Desktop/NL2_FFT/Git_FFFT/FFFT/SDF_proj_v2.xpr/SDF_proj_v2/SDF_proj_v2.srcs/sources_1/imports/new/Rotator.vhd:61]
WARNING: [Synth 8-5856] 3D RAM FIFO_reg  for this pattern/configuration is not supported. This will most likely be implemented in registers
WARNING: [Synth 8-10225] Potential Runtime issue for 3D-RAM or RAM from Record/Structs for RAM  FIFO_reg 
WARNING: [Synth 8-6014] Unused sequential element state_reg was removed.  [C:/Users/donat/Desktop/NL2_FFT/Git_FFFT/FFFT/SDF_proj_v2.xpr/SDF_proj_v2/SDF_proj_v2.srcs/sources_1/imports/new/SDF_Stage.vhd:300]
WARNING: [Synth 8-6014] Unused sequential element sync_counter_reg was removed.  [C:/Users/donat/Desktop/NL2_FFT/Git_FFFT/FFFT/SDF_proj_v2.xpr/SDF_proj_v2/SDF_proj_v2.srcs/sources_1/imports/new/SDF_Stage.vhd:289]
WARNING: [Synth 8-5856] 3D RAM FIFO_reg  for this pattern/configuration is not supported. This will most likely be implemented in registers
WARNING: [Synth 8-10225] Potential Runtime issue for 3D-RAM or RAM from Record/Structs for RAM  FIFO_reg 
WARNING: [Synth 8-5856] 3D RAM FIFO_reg  for this pattern/configuration is not supported. This will most likely be implemented in registers
WARNING: [Synth 8-10225] Potential Runtime issue for 3D-RAM or RAM from Record/Structs for RAM  FIFO_reg 
WARNING: [Synth 8-5856] 3D RAM FIFO_reg  for this pattern/configuration is not supported. This will most likely be implemented in registers
WARNING: [Synth 8-10225] Potential Runtime issue for 3D-RAM or RAM from Record/Structs for RAM  FIFO_reg 
WARNING: [Synth 8-5856] 3D RAM FIFO_reg  for this pattern/configuration is not supported. This will most likely be implemented in registers
WARNING: [Synth 8-10225] Potential Runtime issue for 3D-RAM or RAM from Record/Structs for RAM  FIFO_reg 
WARNING: [Synth 8-5856] 3D RAM FIFO_reg  for this pattern/configuration is not supported. This will most likely be implemented in registers
WARNING: [Synth 8-10225] Potential Runtime issue for 3D-RAM or RAM from Record/Structs for RAM  FIFO_reg 
WARNING: [Synth 8-5856] 3D RAM FIFO_reg  for this pattern/configuration is not supported. This will most likely be implemented in registers
WARNING: [Synth 8-10225] Potential Runtime issue for 3D-RAM or RAM from Record/Structs for RAM  FIFO_reg 
WARNING: [Synth 8-5856] 3D RAM FIFO_reg  for this pattern/configuration is not supported. This will most likely be implemented in registers
WARNING: [Synth 8-10225] Potential Runtime issue for 3D-RAM or RAM from Record/Structs for RAM  FIFO_reg 
WARNING: [Synth 8-5856] 3D RAM FIFO_reg  for this pattern/configuration is not supported. This will most likely be implemented in registers
WARNING: [Synth 8-10225] Potential Runtime issue for 3D-RAM or RAM from Record/Structs for RAM  FIFO_reg 
---------------------------------------------------------------------------------
Finished RTL Elaboration : Time (s): cpu = 00:00:05 ; elapsed = 00:00:13 . Memory (MB): peak = 1330.969 ; gain = 44.875
---------------------------------------------------------------------------------
---------------------------------------------------------------------------------
Start Handling Custom Attributes
---------------------------------------------------------------------------------
---------------------------------------------------------------------------------
Finished Handling Custom Attributes : Time (s): cpu = 00:00:05 ; elapsed = 00:00:13 . Memory (MB): peak = 1330.969 ; gain = 44.875
---------------------------------------------------------------------------------
---------------------------------------------------------------------------------
Finished RTL Optimization Phase 1 : Time (s): cpu = 00:00:05 ; elapsed = 00:00:13 . Memory (MB): peak = 1330.969 ; gain = 44.875
---------------------------------------------------------------------------------
Netlist sorting complete. Time (s): cpu = 00:00:00 ; elapsed = 00:00:00.117 . Memory (MB): peak = 1330.969 ; gain = 0.000
INFO: [Project 1-570] Preparing netlist for logic optimization

Processing XDC Constraints
Initializing timing engine
Completed Processing XDC Constraints

Netlist sorting complete. Time (s): cpu = 00:00:00 ; elapsed = 00:00:00.003 . Memory (MB): peak = 1365.492 ; gain = 0.000
INFO: [Project 1-111] Unisim Transformation Summary:
No Unisim elements were transformed.

Constraint Validation Runtime : Time (s): cpu = 00:00:01 ; elapsed = 00:00:00.175 . Memory (MB): peak = 1366.930 ; gain = 1.438
INFO: [Designutils 20-5008] Incremental synthesis strategy off
---------------------------------------------------------------------------------
Finished Constraint Validation : Time (s): cpu = 00:00:12 ; elapsed = 00:00:22 . Memory (MB): peak = 1366.930 ; gain = 80.836
---------------------------------------------------------------------------------
---------------------------------------------------------------------------------
Start Loading Part and Timing Information
---------------------------------------------------------------------------------
Loading part: xc7a35tcpg236-1
---------------------------------------------------------------------------------
Finished Loading Part and Timing Information : Time (s): cpu = 00:00:12 ; elapsed = 00:00:22 . Memory (MB): peak = 1366.930 ; gain = 80.836
---------------------------------------------------------------------------------
---------------------------------------------------------------------------------
Start Applying 'set_property' XDC Constraints
---------------------------------------------------------------------------------
---------------------------------------------------------------------------------
Finished applying 'set_property' XDC Constraints : Time (s): cpu = 00:00:12 ; elapsed = 00:00:22 . Memory (MB): peak = 1366.930 ; gain = 80.836
---------------------------------------------------------------------------------
WARNING: [Synth 8-327] inferring latch for variable 'halfway_reg' [C:/Users/donat/Desktop/NL2_FFT/Git_FFFT/FFFT/SDF_proj_v2.xpr/SDF_proj_v2/SDF_proj_v2.srcs/sources_1/imports/new/SDF_Stage.vhd:259]
WARNING: [Synth 8-327] inferring latch for variable 'FIFODec_OutMux_reg[0]' [C:/Users/donat/Desktop/NL2_FFT/Git_FFFT/FFFT/SDF_proj_v2.xpr/SDF_proj_v2/SDF_proj_v2.srcs/sources_1/imports/new/SDF_Stage.vhd:321]
WARNING: [Synth 8-327] inferring latch for variable 'FIFODec_OutMux_reg[1]' [C:/Users/donat/Desktop/NL2_FFT/Git_FFFT/FFFT/SDF_proj_v2.xpr/SDF_proj_v2/SDF_proj_v2.srcs/sources_1/imports/new/SDF_Stage.vhd:321]
WARNING: [Synth 8-327] inferring latch for variable 'InDec_BU_reg[0]' [C:/Users/donat/Desktop/NL2_FFT/Git_FFFT/FFFT/SDF_proj_v2.xpr/SDF_proj_v2/SDF_proj_v2.srcs/sources_1/imports/new/SDF_Stage.vhd:184]
WARNING: [Synth 8-327] inferring latch for variable 'InDec_BU_reg[1]' [C:/Users/donat/Desktop/NL2_FFT/Git_FFFT/FFFT/SDF_proj_v2.xpr/SDF_proj_v2/SDF_proj_v2.srcs/sources_1/imports/new/SDF_Stage.vhd:184]
WARNING: [Synth 8-327] inferring latch for variable 'FIFODec_BU_reg[0]' [C:/Users/donat/Desktop/NL2_FFT/Git_FFFT/FFFT/SDF_proj_v2.xpr/SDF_proj_v2/SDF_proj_v2.srcs/sources_1/imports/new/SDF_Stage.vhd:186]
WARNING: [Synth 8-327] inferring latch for variable 'FIFODec_BU_reg[1]' [C:/Users/donat/Desktop/NL2_FFT/Git_FFFT/FFFT/SDF_proj_v2.xpr/SDF_proj_v2/SDF_proj_v2.srcs/sources_1/imports/new/SDF_Stage.vhd:186]
WARNING: [Synth 8-327] inferring latch for variable 'InDec_FIFOMux_reg[0]' [C:/Users/donat/Desktop/NL2_FFT/Git_FFFT/FFFT/SDF_proj_v2.xpr/SDF_proj_v2/SDF_proj_v2.srcs/sources_1/imports/new/SDF_Stage.vhd:377]
WARNING: [Synth 8-327] inferring latch for variable 'InDec_FIFOMux_reg[1]' [C:/Users/donat/Desktop/NL2_FFT/Git_FFFT/FFFT/SDF_proj_v2.xpr/SDF_proj_v2/SDF_proj_v2.srcs/sources_1/imports/new/SDF_Stage.vhd:377]
WARNING: [Synth 8-327] inferring latch for variable 'halfway_reg' [C:/Users/donat/Desktop/NL2_FFT/Git_FFFT/FFFT/SDF_proj_v2.xpr/SDF_proj_v2/SDF_proj_v2.srcs/sources_1/imports/new/SDF_Stage.vhd:259]
WARNING: [Synth 8-327] inferring latch for variable 'FIFODec_OutMux_reg[0]' [C:/Users/donat/Desktop/NL2_FFT/Git_FFFT/FFFT/SDF_proj_v2.xpr/SDF_proj_v2/SDF_proj_v2.srcs/sources_1/imports/new/SDF_Stage.vhd:321]
WARNING: [Synth 8-327] inferring latch for variable 'FIFODec_OutMux_reg[1]' [C:/Users/donat/Desktop/NL2_FFT/Git_FFFT/FFFT/SDF_proj_v2.xpr/SDF_proj_v2/SDF_proj_v2.srcs/sources_1/imports/new/SDF_Stage.vhd:321]
WARNING: [Synth 8-327] inferring latch for variable 'InDec_BU_reg[0]' [C:/Users/donat/Desktop/NL2_FFT/Git_FFFT/FFFT/SDF_proj_v2.xpr/SDF_proj_v2/SDF_proj_v2.srcs/sources_1/imports/new/SDF_Stage.vhd:184]
WARNING: [Synth 8-327] inferring latch for variable 'InDec_BU_reg[1]' [C:/Users/donat/Desktop/NL2_FFT/Git_FFFT/FFFT/SDF_proj_v2.xpr/SDF_proj_v2/SDF_proj_v2.srcs/sources_1/imports/new/SDF_Stage.vhd:184]
WARNING: [Synth 8-327] inferring latch for variable 'FIFODec_BU_reg[0]' [C:/Users/donat/Desktop/NL2_FFT/Git_FFFT/FFFT/SDF_proj_v2.xpr/SDF_proj_v2/SDF_proj_v2.srcs/sources_1/imports/new/SDF_Stage.vhd:186]
WARNING: [Synth 8-327] inferring latch for variable 'FIFODec_BU_reg[1]' [C:/Users/donat/Desktop/NL2_FFT/Git_FFFT/FFFT/SDF_proj_v2.xpr/SDF_proj_v2/SDF_proj_v2.srcs/sources_1/imports/new/SDF_Stage.vhd:186]
WARNING: [Synth 8-327] inferring latch for variable 'InDec_FIFOMux_reg[0]' [C:/Users/donat/Desktop/NL2_FFT/Git_FFFT/FFFT/SDF_proj_v2.xpr/SDF_proj_v2/SDF_proj_v2.srcs/sources_1/imports/new/SDF_Stage.vhd:377]
WARNING: [Synth 8-327] inferring latch for variable 'InDec_FIFOMux_reg[1]' [C:/Users/donat/Desktop/NL2_FFT/Git_FFFT/FFFT/SDF_proj_v2.xpr/SDF_proj_v2/SDF_proj_v2.srcs/sources_1/imports/new/SDF_Stage.vhd:377]
WARNING: [Synth 8-327] inferring latch for variable 'halfway_reg' [C:/Users/donat/Desktop/NL2_FFT/Git_FFFT/FFFT/SDF_proj_v2.xpr/SDF_proj_v2/SDF_proj_v2.srcs/sources_1/imports/new/SDF_Stage.vhd:259]
WARNING: [Synth 8-327] inferring latch for variable 'FIFODec_OutMux_reg[0]' [C:/Users/donat/Desktop/NL2_FFT/Git_FFFT/FFFT/SDF_proj_v2.xpr/SDF_proj_v2/SDF_proj_v2.srcs/sources_1/imports/new/SDF_Stage.vhd:321]
WARNING: [Synth 8-327] inferring latch for variable 'FIFODec_OutMux_reg[1]' [C:/Users/donat/Desktop/NL2_FFT/Git_FFFT/FFFT/SDF_proj_v2.xpr/SDF_proj_v2/SDF_proj_v2.srcs/sources_1/imports/new/SDF_Stage.vhd:321]
WARNING: [Synth 8-327] inferring latch for variable 'InDec_BU_reg[0]' [C:/Users/donat/Desktop/NL2_FFT/Git_FFFT/FFFT/SDF_proj_v2.xpr/SDF_proj_v2/SDF_proj_v2.srcs/sources_1/imports/new/SDF_Stage.vhd:184]
WARNING: [Synth 8-327] inferring latch for variable 'InDec_BU_reg[1]' [C:/Users/donat/Desktop/NL2_FFT/Git_FFFT/FFFT/SDF_proj_v2.xpr/SDF_proj_v2/SDF_proj_v2.srcs/sources_1/imports/new/SDF_Stage.vhd:184]
WARNING: [Synth 8-327] inferring latch for variable 'FIFODec_BU_reg[0]' [C:/Users/donat/Desktop/NL2_FFT/Git_FFFT/FFFT/SDF_proj_v2.xpr/SDF_proj_v2/SDF_proj_v2.srcs/sources_1/imports/new/SDF_Stage.vhd:186]
WARNING: [Synth 8-327] inferring latch for variable 'FIFODec_BU_reg[1]' [C:/Users/donat/Desktop/NL2_FFT/Git_FFFT/FFFT/SDF_proj_v2.xpr/SDF_proj_v2/SDF_proj_v2.srcs/sources_1/imports/new/SDF_Stage.vhd:186]
WARNING: [Synth 8-327] inferring latch for variable 'InDec_FIFOMux_reg[0]' [C:/Users/donat/Desktop/NL2_FFT/Git_FFFT/FFFT/SDF_proj_v2.xpr/SDF_proj_v2/SDF_proj_v2.srcs/sources_1/imports/new/SDF_Stage.vhd:377]
WARNING: [Synth 8-327] inferring latch for variable 'InDec_FIFOMux_reg[1]' [C:/Users/donat/Desktop/NL2_FFT/Git_FFFT/FFFT/SDF_proj_v2.xpr/SDF_proj_v2/SDF_proj_v2.srcs/sources_1/imports/new/SDF_Stage.vhd:377]
WARNING: [Synth 8-327] inferring latch for variable 'halfway_reg' [C:/Users/donat/Desktop/NL2_FFT/Git_FFFT/FFFT/SDF_proj_v2.xpr/SDF_proj_v2/SDF_proj_v2.srcs/sources_1/imports/new/SDF_Stage.vhd:259]
WARNING: [Synth 8-327] inferring latch for variable 'FIFODec_OutMux_reg[0]' [C:/Users/donat/Desktop/NL2_FFT/Git_FFFT/FFFT/SDF_proj_v2.xpr/SDF_proj_v2/SDF_proj_v2.srcs/sources_1/imports/new/SDF_Stage.vhd:321]
WARNING: [Synth 8-327] inferring latch for variable 'FIFODec_OutMux_reg[1]' [C:/Users/donat/Desktop/NL2_FFT/Git_FFFT/FFFT/SDF_proj_v2.xpr/SDF_proj_v2/SDF_proj_v2.srcs/sources_1/imports/new/SDF_Stage.vhd:321]
WARNING: [Synth 8-327] inferring latch for variable 'InDec_BU_reg[0]' [C:/Users/donat/Desktop/NL2_FFT/Git_FFFT/FFFT/SDF_proj_v2.xpr/SDF_proj_v2/SDF_proj_v2.srcs/sources_1/imports/new/SDF_Stage.vhd:184]
WARNING: [Synth 8-327] inferring latch for variable 'InDec_BU_reg[1]' [C:/Users/donat/Desktop/NL2_FFT/Git_FFFT/FFFT/SDF_proj_v2.xpr/SDF_proj_v2/SDF_proj_v2.srcs/sources_1/imports/new/SDF_Stage.vhd:184]
WARNING: [Synth 8-327] inferring latch for variable 'FIFODec_BU_reg[0]' [C:/Users/donat/Desktop/NL2_FFT/Git_FFFT/FFFT/SDF_proj_v2.xpr/SDF_proj_v2/SDF_proj_v2.srcs/sources_1/imports/new/SDF_Stage.vhd:186]
WARNING: [Synth 8-327] inferring latch for variable 'FIFODec_BU_reg[1]' [C:/Users/donat/Desktop/NL2_FFT/Git_FFFT/FFFT/SDF_proj_v2.xpr/SDF_proj_v2/SDF_proj_v2.srcs/sources_1/imports/new/SDF_Stage.vhd:186]
WARNING: [Synth 8-327] inferring latch for variable 'InDec_FIFOMux_reg[0]' [C:/Users/donat/Desktop/NL2_FFT/Git_FFFT/FFFT/SDF_proj_v2.xpr/SDF_proj_v2/SDF_proj_v2.srcs/sources_1/imports/new/SDF_Stage.vhd:377]
WARNING: [Synth 8-327] inferring latch for variable 'InDec_FIFOMux_reg[1]' [C:/Users/donat/Desktop/NL2_FFT/Git_FFFT/FFFT/SDF_proj_v2.xpr/SDF_proj_v2/SDF_proj_v2.srcs/sources_1/imports/new/SDF_Stage.vhd:377]
WARNING: [Synth 8-327] inferring latch for variable 'halfway_reg' [C:/Users/donat/Desktop/NL2_FFT/Git_FFFT/FFFT/SDF_proj_v2.xpr/SDF_proj_v2/SDF_proj_v2.srcs/sources_1/imports/new/SDF_Stage.vhd:259]
WARNING: [Synth 8-327] inferring latch for variable 'FIFODec_OutMux_reg[0]' [C:/Users/donat/Desktop/NL2_FFT/Git_FFFT/FFFT/SDF_proj_v2.xpr/SDF_proj_v2/SDF_proj_v2.srcs/sources_1/imports/new/SDF_Stage.vhd:321]
WARNING: [Synth 8-327] inferring latch for variable 'FIFODec_OutMux_reg[1]' [C:/Users/donat/Desktop/NL2_FFT/Git_FFFT/FFFT/SDF_proj_v2.xpr/SDF_proj_v2/SDF_proj_v2.srcs/sources_1/imports/new/SDF_Stage.vhd:321]
WARNING: [Synth 8-327] inferring latch for variable 'InDec_BU_reg[0]' [C:/Users/donat/Desktop/NL2_FFT/Git_FFFT/FFFT/SDF_proj_v2.xpr/SDF_proj_v2/SDF_proj_v2.srcs/sources_1/imports/new/SDF_Stage.vhd:184]
WARNING: [Synth 8-327] inferring latch for variable 'InDec_BU_reg[1]' [C:/Users/donat/Desktop/NL2_FFT/Git_FFFT/FFFT/SDF_proj_v2.xpr/SDF_proj_v2/SDF_proj_v2.srcs/sources_1/imports/new/SDF_Stage.vhd:184]
WARNING: [Synth 8-327] inferring latch for variable 'FIFODec_BU_reg[0]' [C:/Users/donat/Desktop/NL2_FFT/Git_FFFT/FFFT/SDF_proj_v2.xpr/SDF_proj_v2/SDF_proj_v2.srcs/sources_1/imports/new/SDF_Stage.vhd:186]
WARNING: [Synth 8-327] inferring latch for variable 'FIFODec_BU_reg[1]' [C:/Users/donat/Desktop/NL2_FFT/Git_FFFT/FFFT/SDF_proj_v2.xpr/SDF_proj_v2/SDF_proj_v2.srcs/sources_1/imports/new/SDF_Stage.vhd:186]
WARNING: [Synth 8-327] inferring latch for variable 'InDec_FIFOMux_reg[0]' [C:/Users/donat/Desktop/NL2_FFT/Git_FFFT/FFFT/SDF_proj_v2.xpr/SDF_proj_v2/SDF_proj_v2.srcs/sources_1/imports/new/SDF_Stage.vhd:377]
WARNING: [Synth 8-327] inferring latch for variable 'InDec_FIFOMux_reg[1]' [C:/Users/donat/Desktop/NL2_FFT/Git_FFFT/FFFT/SDF_proj_v2.xpr/SDF_proj_v2/SDF_proj_v2.srcs/sources_1/imports/new/SDF_Stage.vhd:377]
WARNING: [Synth 8-327] inferring latch for variable 'halfway_reg' [C:/Users/donat/Desktop/NL2_FFT/Git_FFFT/FFFT/SDF_proj_v2.xpr/SDF_proj_v2/SDF_proj_v2.srcs/sources_1/imports/new/SDF_Stage.vhd:259]
WARNING: [Synth 8-327] inferring latch for variable 'FIFODec_OutMux_reg[0]' [C:/Users/donat/Desktop/NL2_FFT/Git_FFFT/FFFT/SDF_proj_v2.xpr/SDF_proj_v2/SDF_proj_v2.srcs/sources_1/imports/new/SDF_Stage.vhd:321]
WARNING: [Synth 8-327] inferring latch for variable 'FIFODec_OutMux_reg[1]' [C:/Users/donat/Desktop/NL2_FFT/Git_FFFT/FFFT/SDF_proj_v2.xpr/SDF_proj_v2/SDF_proj_v2.srcs/sources_1/imports/new/SDF_Stage.vhd:321]
WARNING: [Synth 8-327] inferring latch for variable 'InDec_BU_reg[0]' [C:/Users/donat/Desktop/NL2_FFT/Git_FFFT/FFFT/SDF_proj_v2.xpr/SDF_proj_v2/SDF_proj_v2.srcs/sources_1/imports/new/SDF_Stage.vhd:184]
WARNING: [Synth 8-327] inferring latch for variable 'InDec_BU_reg[1]' [C:/Users/donat/Desktop/NL2_FFT/Git_FFFT/FFFT/SDF_proj_v2.xpr/SDF_proj_v2/SDF_proj_v2.srcs/sources_1/imports/new/SDF_Stage.vhd:184]
WARNING: [Synth 8-327] inferring latch for variable 'FIFODec_BU_reg[0]' [C:/Users/donat/Desktop/NL2_FFT/Git_FFFT/FFFT/SDF_proj_v2.xpr/SDF_proj_v2/SDF_proj_v2.srcs/sources_1/imports/new/SDF_Stage.vhd:186]
WARNING: [Synth 8-327] inferring latch for variable 'FIFODec_BU_reg[1]' [C:/Users/donat/Desktop/NL2_FFT/Git_FFFT/FFFT/SDF_proj_v2.xpr/SDF_proj_v2/SDF_proj_v2.srcs/sources_1/imports/new/SDF_Stage.vhd:186]
WARNING: [Synth 8-327] inferring latch for variable 'InDec_FIFOMux_reg[0]' [C:/Users/donat/Desktop/NL2_FFT/Git_FFFT/FFFT/SDF_proj_v2.xpr/SDF_proj_v2/SDF_proj_v2.srcs/sources_1/imports/new/SDF_Stage.vhd:377]
WARNING: [Synth 8-327] inferring latch for variable 'InDec_FIFOMux_reg[1]' [C:/Users/donat/Desktop/NL2_FFT/Git_FFFT/FFFT/SDF_proj_v2.xpr/SDF_proj_v2/SDF_proj_v2.srcs/sources_1/imports/new/SDF_Stage.vhd:377]
WARNING: [Synth 8-327] inferring latch for variable 'halfway_reg' [C:/Users/donat/Desktop/NL2_FFT/Git_FFFT/FFFT/SDF_proj_v2.xpr/SDF_proj_v2/SDF_proj_v2.srcs/sources_1/imports/new/SDF_Stage.vhd:259]
WARNING: [Synth 8-327] inferring latch for variable 'FIFODec_OutMux_reg[0]' [C:/Users/donat/Desktop/NL2_FFT/Git_FFFT/FFFT/SDF_proj_v2.xpr/SDF_proj_v2/SDF_proj_v2.srcs/sources_1/imports/new/SDF_Stage.vhd:321]
WARNING: [Synth 8-327] inferring latch for variable 'FIFODec_OutMux_reg[1]' [C:/Users/donat/Desktop/NL2_FFT/Git_FFFT/FFFT/SDF_proj_v2.xpr/SDF_proj_v2/SDF_proj_v2.srcs/sources_1/imports/new/SDF_Stage.vhd:321]
WARNING: [Synth 8-327] inferring latch for variable 'InDec_BU_reg[0]' [C:/Users/donat/Desktop/NL2_FFT/Git_FFFT/FFFT/SDF_proj_v2.xpr/SDF_proj_v2/SDF_proj_v2.srcs/sources_1/imports/new/SDF_Stage.vhd:184]
WARNING: [Synth 8-327] inferring latch for variable 'InDec_BU_reg[1]' [C:/Users/donat/Desktop/NL2_FFT/Git_FFFT/FFFT/SDF_proj_v2.xpr/SDF_proj_v2/SDF_proj_v2.srcs/sources_1/imports/new/SDF_Stage.vhd:184]
WARNING: [Synth 8-327] inferring latch for variable 'FIFODec_BU_reg[0]' [C:/Users/donat/Desktop/NL2_FFT/Git_FFFT/FFFT/SDF_proj_v2.xpr/SDF_proj_v2/SDF_proj_v2.srcs/sources_1/imports/new/SDF_Stage.vhd:186]
WARNING: [Synth 8-327] inferring latch for variable 'FIFODec_BU_reg[1]' [C:/Users/donat/Desktop/NL2_FFT/Git_FFFT/FFFT/SDF_proj_v2.xpr/SDF_proj_v2/SDF_proj_v2.srcs/sources_1/imports/new/SDF_Stage.vhd:186]
WARNING: [Synth 8-327] inferring latch for variable 'InDec_FIFOMux_reg[0]' [C:/Users/donat/Desktop/NL2_FFT/Git_FFFT/FFFT/SDF_proj_v2.xpr/SDF_proj_v2/SDF_proj_v2.srcs/sources_1/imports/new/SDF_Stage.vhd:377]
WARNING: [Synth 8-327] inferring latch for variable 'InDec_FIFOMux_reg[1]' [C:/Users/donat/Desktop/NL2_FFT/Git_FFFT/FFFT/SDF_proj_v2.xpr/SDF_proj_v2/SDF_proj_v2.srcs/sources_1/imports/new/SDF_Stage.vhd:377]
WARNING: [Synth 8-327] inferring latch for variable 'halfway_reg' [C:/Users/donat/Desktop/NL2_FFT/Git_FFFT/FFFT/SDF_proj_v2.xpr/SDF_proj_v2/SDF_proj_v2.srcs/sources_1/imports/new/SDF_Stage.vhd:259]
WARNING: [Synth 8-327] inferring latch for variable 'FIFODec_OutMux_reg[0]' [C:/Users/donat/Desktop/NL2_FFT/Git_FFFT/FFFT/SDF_proj_v2.xpr/SDF_proj_v2/SDF_proj_v2.srcs/sources_1/imports/new/SDF_Stage.vhd:321]
WARNING: [Synth 8-327] inferring latch for variable 'FIFODec_OutMux_reg[1]' [C:/Users/donat/Desktop/NL2_FFT/Git_FFFT/FFFT/SDF_proj_v2.xpr/SDF_proj_v2/SDF_proj_v2.srcs/sources_1/imports/new/SDF_Stage.vhd:321]
WARNING: [Synth 8-327] inferring latch for variable 'InDec_BU_reg[0]' [C:/Users/donat/Desktop/NL2_FFT/Git_FFFT/FFFT/SDF_proj_v2.xpr/SDF_proj_v2/SDF_proj_v2.srcs/sources_1/imports/new/SDF_Stage.vhd:184]
WARNING: [Synth 8-327] inferring latch for variable 'InDec_BU_reg[1]' [C:/Users/donat/Desktop/NL2_FFT/Git_FFFT/FFFT/SDF_proj_v2.xpr/SDF_proj_v2/SDF_proj_v2.srcs/sources_1/imports/new/SDF_Stage.vhd:184]
WARNING: [Synth 8-327] inferring latch for variable 'FIFODec_BU_reg[0]' [C:/Users/donat/Desktop/NL2_FFT/Git_FFFT/FFFT/SDF_proj_v2.xpr/SDF_proj_v2/SDF_proj_v2.srcs/sources_1/imports/new/SDF_Stage.vhd:186]
WARNING: [Synth 8-327] inferring latch for variable 'FIFODec_BU_reg[1]' [C:/Users/donat/Desktop/NL2_FFT/Git_FFFT/FFFT/SDF_proj_v2.xpr/SDF_proj_v2/SDF_proj_v2.srcs/sources_1/imports/new/SDF_Stage.vhd:186]
WARNING: [Synth 8-327] inferring latch for variable 'InDec_FIFOMux_reg[0]' [C:/Users/donat/Desktop/NL2_FFT/Git_FFFT/FFFT/SDF_proj_v2.xpr/SDF_proj_v2/SDF_proj_v2.srcs/sources_1/imports/new/SDF_Stage.vhd:377]
WARNING: [Synth 8-327] inferring latch for variable 'InDec_FIFOMux_reg[1]' [C:/Users/donat/Desktop/NL2_FFT/Git_FFFT/FFFT/SDF_proj_v2.xpr/SDF_proj_v2/SDF_proj_v2.srcs/sources_1/imports/new/SDF_Stage.vhd:377]
WARNING: [Synth 8-327] inferring latch for variable 'halfway_reg' [C:/Users/donat/Desktop/NL2_FFT/Git_FFFT/FFFT/SDF_proj_v2.xpr/SDF_proj_v2/SDF_proj_v2.srcs/sources_1/imports/new/SDF_Stage.vhd:259]
WARNING: [Synth 8-327] inferring latch for variable 'FIFODec_OutMux_reg[0]' [C:/Users/donat/Desktop/NL2_FFT/Git_FFFT/FFFT/SDF_proj_v2.xpr/SDF_proj_v2/SDF_proj_v2.srcs/sources_1/imports/new/SDF_Stage.vhd:321]
WARNING: [Synth 8-327] inferring latch for variable 'FIFODec_OutMux_reg[1]' [C:/Users/donat/Desktop/NL2_FFT/Git_FFFT/FFFT/SDF_proj_v2.xpr/SDF_proj_v2/SDF_proj_v2.srcs/sources_1/imports/new/SDF_Stage.vhd:321]
WARNING: [Synth 8-327] inferring latch for variable 'InDec_BU_reg[0]' [C:/Users/donat/Desktop/NL2_FFT/Git_FFFT/FFFT/SDF_proj_v2.xpr/SDF_proj_v2/SDF_proj_v2.srcs/sources_1/imports/new/SDF_Stage.vhd:184]
WARNING: [Synth 8-327] inferring latch for variable 'InDec_BU_reg[1]' [C:/Users/donat/Desktop/NL2_FFT/Git_FFFT/FFFT/SDF_proj_v2.xpr/SDF_proj_v2/SDF_proj_v2.srcs/sources_1/imports/new/SDF_Stage.vhd:184]
WARNING: [Synth 8-327] inferring latch for variable 'FIFODec_BU_reg[0]' [C:/Users/donat/Desktop/NL2_FFT/Git_FFFT/FFFT/SDF_proj_v2.xpr/SDF_proj_v2/SDF_proj_v2.srcs/sources_1/imports/new/SDF_Stage.vhd:186]
WARNING: [Synth 8-327] inferring latch for variable 'FIFODec_BU_reg[1]' [C:/Users/donat/Desktop/NL2_FFT/Git_FFFT/FFFT/SDF_proj_v2.xpr/SDF_proj_v2/SDF_proj_v2.srcs/sources_1/imports/new/SDF_Stage.vhd:186]
WARNING: [Synth 8-327] inferring latch for variable 'InDec_FIFOMux_reg[0]' [C:/Users/donat/Desktop/NL2_FFT/Git_FFFT/FFFT/SDF_proj_v2.xpr/SDF_proj_v2/SDF_proj_v2.srcs/sources_1/imports/new/SDF_Stage.vhd:377]
WARNING: [Synth 8-327] inferring latch for variable 'InDec_FIFOMux_reg[1]' [C:/Users/donat/Desktop/NL2_FFT/Git_FFFT/FFFT/SDF_proj_v2.xpr/SDF_proj_v2/SDF_proj_v2.srcs/sources_1/imports/new/SDF_Stage.vhd:377]
---------------------------------------------------------------------------------
Finished RTL Optimization Phase 2 : Time (s): cpu = 00:00:14 ; elapsed = 00:00:24 . Memory (MB): peak = 1366.930 ; gain = 80.836
---------------------------------------------------------------------------------
---------------------------------------------------------------------------------
Start RTL Component Statistics 
---------------------------------------------------------------------------------
Detailed RTL Component Info : 
+---Adders : 
	   2 Input    9 Bit       Adders := 55    
	   3 Input    9 Bit       Adders := 18    
	   3 Input    8 Bit       Adders := 9     
	   2 Input    8 Bit       Adders := 10    
	   2 Input    7 Bit       Adders := 1     
	   2 Input    6 Bit       Adders := 1     
	   2 Input    5 Bit       Adders := 5     
	   2 Input    4 Bit       Adders := 3     
	   2 Input    3 Bit       Adders := 2     
	   2 Input    2 Bit       Adders := 2     
	   2 Input    1 Bit       Adders := 1     
+---Registers : 
	                9 Bit    Registers := 3     
	                8 Bit    Registers := 1151  
	                7 Bit    Registers := 3     
	                6 Bit    Registers := 4     
	                5 Bit    Registers := 7     
	                4 Bit    Registers := 5     
	                3 Bit    Registers := 4     
	                2 Bit    Registers := 3     
	                1 Bit    Registers := 38    
+---Muxes : 
	   2 Input    9 Bit        Muxes := 2     
	   2 Input    8 Bit        Muxes := 326   
	   3 Input    8 Bit        Muxes := 36    
	   8 Input    8 Bit        Muxes := 2     
	   4 Input    8 Bit        Muxes := 2     
	   2 Input    7 Bit        Muxes := 2     
	   2 Input    6 Bit        Muxes := 2     
	   2 Input    5 Bit        Muxes := 10    
	   2 Input    4 Bit        Muxes := 6     
	   2 Input    3 Bit        Muxes := 4     
	   2 Input    2 Bit        Muxes := 4     
	   2 Input    1 Bit        Muxes := 76    
---------------------------------------------------------------------------------
Finished RTL Component Statistics 
---------------------------------------------------------------------------------
---------------------------------------------------------------------------------
Start Part Resource Summary
---------------------------------------------------------------------------------
Part Resources:
DSPs: 90 (col length:60)
BRAMs: 100 (col length: RAMB18 60 RAMB36 30)
---------------------------------------------------------------------------------
Finished Part Resource Summary
---------------------------------------------------------------------------------
---------------------------------------------------------------------------------
Start Cross Boundary and Area Optimization
---------------------------------------------------------------------------------
WARNING: [Synth 8-7080] Parallel synthesis criteria is not met
---------------------------------------------------------------------------------
Finished Cross Boundary and Area Optimization : Time (s): cpu = 00:00:33 ; elapsed = 00:00:49 . Memory (MB): peak = 1366.930 ; gain = 80.836
---------------------------------------------------------------------------------
---------------------------------------------------------------------------------
Start ROM, RAM, DSP, Shift Register and Retiming Reporting
---------------------------------------------------------------------------------

ROM: Preliminary Mapping Report
+------------+-------------------------------+---------------+----------------+
|Module Name | RTL Object                    | Depth x Width | Implemented As | 
+------------+-------------------------------+---------------+----------------+
|TF_ROM      | Twiddle_ROM[0][0]             | 512x8         | LUT            | 
|TF_ROM      | Twiddle_ROM[0][1]             | 512x8         | LUT            | 
|TF_ROM      | Twiddle_ROM[0][0]             | 256x8         | LUT            | 
|TF_ROM      | Twiddle_ROM[0][1]             | 256x8         | LUT            | 
|TF_ROM      | Twiddle_ROM[0][0]             | 128x8         | LUT            | 
|TF_ROM      | Twiddle_ROM[0][1]             | 128x8         | LUT            | 
|TF_ROM      | Twiddle_ROM[0][0]             | 64x8          | LUT            | 
|TF_ROM      | Twiddle_ROM[0][1]             | 64x8          | LUT            | 
|TF_ROM      | Twiddle_ROM[0][0]             | 32x8          | LUT            | 
|TF_ROM      | Twiddle_ROM[0][1]             | 32x8          | LUT            | 
|SDF_Stage   | TF_ROM_inst/Twiddle_ROM[0][1] | 512x8         | LUT            | 
|SDF_Stage   | TF_ROM_inst/Twiddle_ROM[0][0] | 512x8         | LUT            | 
|SDF_Stage   | TF_ROM_inst/Twiddle_ROM[0][1] | 256x8         | LUT            | 
|SDF_Stage   | TF_ROM_inst/Twiddle_ROM[0][0] | 256x8         | LUT            | 
|SDF_Stage   | TF_ROM_inst/Twiddle_ROM[0][1] | 128x8         | LUT            | 
|SDF_Stage   | TF_ROM_inst/Twiddle_ROM[0][0] | 128x8         | LUT            | 
|SDF_Stage   | TF_ROM_inst/Twiddle_ROM[0][1] | 64x8          | LUT            | 
|SDF_Stage   | TF_ROM_inst/Twiddle_ROM[0][0] | 64x8          | LUT            | 
|SDF_Stage   | TF_ROM_inst/Twiddle_ROM[0][1] | 32x8          | LUT            | 
|SDF_Stage   | TF_ROM_inst/Twiddle_ROM[0][0] | 32x8          | LUT            | 
+------------+-------------------------------+---------------+----------------+

---------------------------------------------------------------------------------
Finished ROM, RAM, DSP, Shift Register and Retiming Reporting
---------------------------------------------------------------------------------
---------------------------------------------------------------------------------
Start Applying XDC Timing Constraints
---------------------------------------------------------------------------------
---------------------------------------------------------------------------------
Finished Applying XDC Timing Constraints : Time (s): cpu = 00:00:38 ; elapsed = 00:00:55 . Memory (MB): peak = 1366.930 ; gain = 80.836
---------------------------------------------------------------------------------
---------------------------------------------------------------------------------
Start Timing Optimization
---------------------------------------------------------------------------------
---------------------------------------------------------------------------------
Finished Timing Optimization : Time (s): cpu = 00:00:39 ; elapsed = 00:00:55 . Memory (MB): peak = 1366.930 ; gain = 80.836
---------------------------------------------------------------------------------
---------------------------------------------------------------------------------
Start Technology Mapping
---------------------------------------------------------------------------------
---------------------------------------------------------------------------------
Finished Technology Mapping : Time (s): cpu = 00:00:40 ; elapsed = 00:00:59 . Memory (MB): peak = 1438.535 ; gain = 152.441
---------------------------------------------------------------------------------
---------------------------------------------------------------------------------
Start IO Insertion
---------------------------------------------------------------------------------
---------------------------------------------------------------------------------
Start Flattening Before IO Insertion
---------------------------------------------------------------------------------
---------------------------------------------------------------------------------
Finished Flattening Before IO Insertion
---------------------------------------------------------------------------------
---------------------------------------------------------------------------------
Start Final Netlist Cleanup
---------------------------------------------------------------------------------
---------------------------------------------------------------------------------
Finished Final Netlist Cleanup
---------------------------------------------------------------------------------
---------------------------------------------------------------------------------
Finished IO Insertion : Time (s): cpu = 00:00:44 ; elapsed = 00:01:06 . Memory (MB): peak = 1451.781 ; gain = 165.688
---------------------------------------------------------------------------------
---------------------------------------------------------------------------------
Start Renaming Generated Instances
---------------------------------------------------------------------------------
---------------------------------------------------------------------------------
Finished Renaming Generated Instances : Time (s): cpu = 00:00:44 ; elapsed = 00:01:06 . Memory (MB): peak = 1451.781 ; gain = 165.688
---------------------------------------------------------------------------------
---------------------------------------------------------------------------------
Start Rebuilding User Hierarchy
---------------------------------------------------------------------------------
---------------------------------------------------------------------------------
Finished Rebuilding User Hierarchy : Time (s): cpu = 00:00:44 ; elapsed = 00:01:06 . Memory (MB): peak = 1451.781 ; gain = 165.688
---------------------------------------------------------------------------------
---------------------------------------------------------------------------------
Start Renaming Generated Ports
---------------------------------------------------------------------------------
---------------------------------------------------------------------------------
Finished Renaming Generated Ports : Time (s): cpu = 00:00:44 ; elapsed = 00:01:06 . Memory (MB): peak = 1451.781 ; gain = 165.688
---------------------------------------------------------------------------------
---------------------------------------------------------------------------------
Start Handling Custom Attributes
---------------------------------------------------------------------------------
---------------------------------------------------------------------------------
Finished Handling Custom Attributes : Time (s): cpu = 00:00:44 ; elapsed = 00:01:06 . Memory (MB): peak = 1451.781 ; gain = 165.688
---------------------------------------------------------------------------------
---------------------------------------------------------------------------------
Start Renaming Generated Nets
---------------------------------------------------------------------------------
---------------------------------------------------------------------------------
Finished Renaming Generated Nets : Time (s): cpu = 00:00:44 ; elapsed = 00:01:06 . Memory (MB): peak = 1451.781 ; gain = 165.688
---------------------------------------------------------------------------------
---------------------------------------------------------------------------------
Start ROM, RAM, DSP, Shift Register and Retiming Reporting
---------------------------------------------------------------------------------

Static Shift Register Report:
+---------------------+----------------------------------------------------------------------+--------+-------+--------------+--------------------+-------------------+--------+---------+
|Module Name          | RTL Name                                                             | Length | Width | Reset Signal | Pull out first Reg | Pull out last Reg | SRL16E | SRLC32E | 
+---------------------+----------------------------------------------------------------------+--------+-------+--------------+--------------------+-------------------+--------+---------+
|design_1_SDF_Top_0_0 | U0/SDF_stage_wrap[1].SDF_stage_inst/SR_FIFO_inst/FIFO_reg[255][0][7] | 256    | 16    | YES          | NO                 | YES               | 0      | 128     | 
|design_1_SDF_Top_0_0 | U0/SDF_stage_wrap[2].SDF_stage_inst/SR_FIFO_inst/FIFO_reg[127][0][7] | 128    | 16    | YES          | NO                 | YES               | 0      | 64      | 
|design_1_SDF_Top_0_0 | U0/SDF_stage_wrap[3].SDF_stage_inst/SR_FIFO_inst/FIFO_reg[63][0][7]  | 64     | 16    | YES          | NO                 | YES               | 0      | 32      | 
|design_1_SDF_Top_0_0 | U0/SDF_stage_wrap[4].SDF_stage_inst/SR_FIFO_inst/FIFO_reg[31][0][7]  | 32     | 16    | YES          | NO                 | YES               | 0      | 16      | 
|design_1_SDF_Top_0_0 | U0/SDF_stage_wrap[5].SDF_stage_inst/SR_FIFO_inst/FIFO_reg[15][0][7]  | 16     | 16    | YES          | NO                 | YES               | 16     | 0       | 
|design_1_SDF_Top_0_0 | U0/SDF_stage_wrap[6].SDF_stage_inst/SR_FIFO_inst/FIFO_reg[7][0][7]   | 8      | 16    | YES          | NO                 | YES               | 16     | 0       | 
|design_1_SDF_Top_0_0 | U0/SDF_stage_wrap[7].SDF_stage_inst/SR_FIFO_inst/FIFO_reg[3][0][7]   | 4      | 16    | YES          | NO                 | YES               | 16     | 0       | 
|design_1_SDF_Top_0_0 | U0/SDF_stage_wrap_c_253                                              | 255    | 1     | YES          | NO                 | YES               | 0      | 8       | 
+---------------------+----------------------------------------------------------------------+--------+-------+--------------+--------------------+-------------------+--------+---------+

---------------------------------------------------------------------------------
Finished ROM, RAM, DSP, Shift Register and Retiming Reporting
---------------------------------------------------------------------------------
---------------------------------------------------------------------------------
Start Writing Synthesis Report
---------------------------------------------------------------------------------

Report BlackBoxes: 
+-+--------------+----------+
| |BlackBox name |Instances |
+-+--------------+----------+
+-+--------------+----------+

Report Cell Usage: 
+------+--------+------+
|      |Cell    |Count |
+------+--------+------+
|1     |CARRY4  |   512|
|2     |LUT1    |    70|
|3     |LUT2    |  1072|
|4     |LUT3    |   334|
|5     |LUT4    |   947|
|6     |LUT5    |   601|
|7     |LUT6    |  1437|
|8     |MUXF7   |    63|
|9     |MUXF8   |    11|
|10    |SRL16E  |    48|
|11    |SRLC32E |   248|
|12    |FDCE    |  1636|
|13    |FDRE    |   113|
|14    |LD      |   576|
|15    |LDC     |     9|
+------+--------+------+
---------------------------------------------------------------------------------
Finished Writing Synthesis Report : Time (s): cpu = 00:00:44 ; elapsed = 00:01:06 . Memory (MB): peak = 1451.781 ; gain = 165.688
---------------------------------------------------------------------------------
Synthesis finished with 0 errors, 0 critical warnings and 82 warnings.
Synthesis Optimization Runtime : Time (s): cpu = 00:00:36 ; elapsed = 00:01:04 . Memory (MB): peak = 1451.781 ; gain = 129.727
Synthesis Optimization Complete : Time (s): cpu = 00:00:44 ; elapsed = 00:01:07 . Memory (MB): peak = 1451.781 ; gain = 165.688
INFO: [Project 1-571] Translating synthesized netlist
Netlist sorting complete. Time (s): cpu = 00:00:00 ; elapsed = 00:00:00.109 . Memory (MB): peak = 1453.477 ; gain = 0.000
INFO: [Netlist 29-17] Analyzing 1171 Unisim elements for replacement
INFO: [Netlist 29-28] Unisim Transformation completed in 0 CPU seconds
INFO: [Project 1-570] Preparing netlist for logic optimization
INFO: [Opt 31-138] Pushed 9 inverter(s) to 288 load pin(s).
Netlist sorting complete. Time (s): cpu = 00:00:00 ; elapsed = 00:00:00.006 . Memory (MB): peak = 1455.930 ; gain = 0.000
INFO: [Project 1-111] Unisim Transformation Summary:
  A total of 585 instances were transformed.
  LD => LDCE: 288 instances
  LD => LDCE (inverted pins: G): 288 instances
  LDC => LDCE: 9 instances

Synth Design complete, checksum: 88c561cc
INFO: [Common 17-83] Releasing license: Synthesis
126 Infos, 106 Warnings, 0 Critical Warnings and 0 Errors encountered.
synth_design completed successfully
synth_design: Time (s): cpu = 00:00:47 ; elapsed = 00:01:14 . Memory (MB): peak = 1455.930 ; gain = 169.836
INFO: [Common 17-1381] The checkpoint 'C:/Users/donat/Desktop/NL2_FFT/Git_FFFT/FFFT/SDF_proj_v2.xpr/SDF_proj_v2/SDF_proj_v2.runs/design_1_SDF_Top_0_0_synth_1/design_1_SDF_Top_0_0.dcp' has been generated.
INFO: [Coretcl 2-1648] Added synthesis output to IP cache for IP design_1_SDF_Top_0_0, cache-ID = 362d111e8a238a86
INFO: [Coretcl 2-1174] Renamed 40 cell refs.
INFO: [Common 17-1381] The checkpoint 'C:/Users/donat/Desktop/NL2_FFT/Git_FFFT/FFFT/SDF_proj_v2.xpr/SDF_proj_v2/SDF_proj_v2.runs/design_1_SDF_Top_0_0_synth_1/design_1_SDF_Top_0_0.dcp' has been generated.
INFO: [runtcl-4] Executing : report_utilization -file design_1_SDF_Top_0_0_utilization_synth.rpt -pb design_1_SDF_Top_0_0_utilization_synth.pb
INFO: [Common 17-206] Exiting Vivado at Wed Mar 22 16:27:49 2023...
