Copyright 1986-2022 Xilinx, Inc. All Rights Reserved.
---------------------------------------------------------------------------------------------
| Tool Version : Vivado v.2022.1 (win64) Build 3526262 Mon Apr 18 15:48:16 MDT 2022
| Date         : Thu Dec 29 11:11:58 2022
| Host         : PcFraLenzi running 64-bit major release  (build 9200)
| Command      : report_control_sets -verbose -file design_1_wrapper_control_sets_placed.rpt
| Design       : design_1_wrapper
| Device       : xc7a35t
---------------------------------------------------------------------------------------------

Control Set Information

Table of Contents
-----------------
1. Summary
2. Histogram
3. Flip-Flop Distribution
4. Detailed Control Set Information

1. Summary
----------

+----------------------------------------------------------+-------+
|                          Status                          | Count |
+----------------------------------------------------------+-------+
| Total control sets                                       |    86 |
|    Minimum number of control sets                        |    86 |
|    Addition due to synthesis replication                 |     0 |
|    Addition due to physical synthesis replication        |     0 |
| Unused register locations in slices containing registers |   103 |
+----------------------------------------------------------+-------+
* Control sets can be merged at opt_design using control_set_merge or merge_equivalent_drivers
** Run report_qor_suggestions for automated merging and remapping suggestions


2. Histogram
------------

+--------------------+-------+
|       Fanout       | Count |
+--------------------+-------+
| Total control sets |    86 |
| >= 0 to < 4        |     4 |
| >= 4 to < 6        |     9 |
| >= 6 to < 8        |     1 |
| >= 8 to < 10       |    35 |
| >= 10 to < 12      |     2 |
| >= 12 to < 14      |     2 |
| >= 14 to < 16      |     2 |
| >= 16              |    31 |
+--------------------+-------+
* Control sets can be remapped at either synth_design or opt_design


3. Flip-Flop Distribution
-------------------------

+--------------+-----------------------+------------------------+-----------------+--------------+
| Clock Enable | Synchronous Set/Reset | Asynchronous Set/Reset | Total Registers | Total Slices |
+--------------+-----------------------+------------------------+-----------------+--------------+
| No           | No                    | No                     |             476 |          164 |
| No           | No                    | Yes                    |             580 |          179 |
| No           | Yes                   | No                     |             103 |           44 |
| Yes          | No                    | No                     |              28 |           13 |
| Yes          | No                    | Yes                    |             550 |          136 |
| Yes          | Yes                   | No                     |             152 |           39 |
+--------------+-----------------------+------------------------+-----------------+--------------+


4. Detailed Control Set Information
-----------------------------------

+------------------------------------------------------------------------------------+----------------------------------------------------------------------------------------------------------+------------------------------------------------------------------------------------------------------------------------------------------------------+------------------+----------------+--------------+
|                                    Clock Signal                                    |                                               Enable Signal                                              |                                                                   Set/Reset Signal                                                                   | Slice Load Count | Bel Load Count | Bels / Slice |
+------------------------------------------------------------------------------------+----------------------------------------------------------------------------------------------------------+------------------------------------------------------------------------------------------------------------------------------------------------------+------------------+----------------+--------------+
|  design_1_i/SDF_Top_0/U0/SDF_stage_wrap[2].SDF_stage_inst/data_counter[2]          |                                                                                                          | design_1_i/SDF_Top_0/U0/SDF_stage_wrap[2].SDF_stage_inst/halfway_reg_i_1__0_n_0                                                                      |                1 |              1 |         1.00 |
|  design_1_i/SDF_Top_0/U0/SDF_stage_wrap[3].SDF_stage_inst/data_counter[1]          |                                                                                                          | design_1_i/SDF_Top_0/U0/SDF_stage_wrap[3].SDF_stage_inst/halfway_reg_i_1__1_n_0                                                                      |                1 |              1 |         1.00 |
|  design_1_i/SDF_Top_0/U0/SDF_stage_wrap[4].SDF_stage_inst/data_counter_reg_n_0_[0] |                                                                                                          | design_1_i/SDF_Top_0/U0/SDF_stage_wrap[4].SDF_stage_inst/halfway_reg_i_1__2_n_0                                                                      |                1 |              1 |         1.00 |
|  design_1_i/SDF_Top_0/U0/SDF_stage_wrap[1].SDF_stage_inst/data_counter[3]          |                                                                                                          | design_1_i/SDF_Top_0/U0/SDF_stage_wrap[1].SDF_stage_inst/halfway_reg_i_1_n_0                                                                         |                1 |              1 |         1.00 |
|  design_1_i/clk_wiz/inst/clk_out1                                                  |                                                                                                          | design_1_i/AXI4Stream_UART_0/U0/FIFO_DATA_TX/gnuram_async_fifo.xpm_fifo_base_inst/xpm_fifo_rst_inst/FSM_onehot_gen_rst_ic.curr_wrst_state[4]_i_1_n_0 |                2 |              4 |         2.00 |
|  design_1_i/clk_wiz/inst/clk_out1                                                  |                                                                                                          | design_1_i/AXI4Stream_UART_0/U0/FIFO_DATA_RX/gnuram_async_fifo.xpm_fifo_base_inst/xpm_fifo_rst_inst/FSM_onehot_gen_rst_ic.curr_wrst_state[4]_i_1_n_0 |                2 |              4 |         2.00 |
|  design_1_i/clk_wiz/inst/clk_out1                                                  |                                                                                                          | design_1_i/rst_clk_wiz_100M/U0/EXT_LPF/lpf_int                                                                                                       |                1 |              4 |         4.00 |
|  design_1_i/clk_wiz/inst/clk_out1                                                  | design_1_i/SDF_Top_0/U0/SDF_stage_wrap[4].SDF_stage_inst/sync_counter[3]_i_1_n_0                         | design_1_i/rst_clk_wiz_100M/U0/peripheral_reset[0]                                                                                                   |                1 |              4 |         4.00 |
|  design_1_i/clk_wiz/inst/clk_out1                                                  | design_1_i/AXI_Input_Interface_0/U0/data_counter[3]_i_1_n_0                                              | design_1_i/rst_clk_wiz_100M/U0/peripheral_reset[0]                                                                                                   |                1 |              4 |         4.00 |
|  design_1_i/clk_wiz/inst/clk_out1                                                  | design_1_i/AXI_Output_Interface_0/U0/data_counter[3]_i_1_n_0                                             | design_1_i/rst_clk_wiz_100M/U0/peripheral_reset[0]                                                                                                   |                1 |              4 |         4.00 |
|  design_1_i/clk_wiz/inst/clk_out1                                                  | design_1_i/AXI4Stream_UART_0/U0/UART_Manager_inst/Inst_uart/rx_baud_tick__0                              |                                                                                                                                                      |                1 |              4 |         4.00 |
|  design_1_i/clk_wiz/inst/clk_out1                                                  | design_1_i/AXI_Output_Interface_0/U0/delay_counter                                                       | design_1_i/rst_clk_wiz_100M/U0/peripheral_reset[0]                                                                                                   |                2 |              5 |         2.50 |
|  design_1_i/clk_wiz/inst/clk_out1                                                  | design_1_i/AXI_Output_Interface_0/U0/FSM_onehot_state[4]_i_1_n_0                                         | design_1_i/rst_clk_wiz_100M/U0/peripheral_reset[0]                                                                                                   |                2 |              5 |         2.50 |
|  design_1_i/clk_wiz/inst/clk_out1                                                  | design_1_i/rst_clk_wiz_100M/U0/SEQ/seq_cnt_en                                                            | design_1_i/rst_clk_wiz_100M/U0/SEQ/SEQ_COUNTER/clear                                                                                                 |                1 |              6 |         6.00 |
|  design_1_i/clk_wiz/inst/clk_out1                                                  | design_1_i/AXI_Input_Interface_0/U0/input_buf[11][0]_25                                                  | design_1_i/rst_clk_wiz_100M/U0/peripheral_reset[0]                                                                                                   |                1 |              8 |         8.00 |
|  design_1_i/clk_wiz/inst/clk_out1                                                  | design_1_i/AXI4Stream_UART_0/U0/UART_Manager_inst/data_stream_in[7]_i_1_n_0                              | design_1_i/rst_clk_wiz_100M/U0/peripheral_reset[0]                                                                                                   |                1 |              8 |         8.00 |
|  design_1_i/clk_wiz/inst/clk_out1                                                  | design_1_i/AXI_Input_Interface_0/U0/input_buf[4][1]_10                                                   | design_1_i/rst_clk_wiz_100M/U0/peripheral_reset[0]                                                                                                   |                3 |              8 |         2.67 |
|  design_1_i/clk_wiz/inst/clk_out1                                                  | design_1_i/AXI4Stream_UART_0/U0/UART_Manager_inst/Inst_uart/E[0]                                         | design_1_i/rst_clk_wiz_100M/U0/peripheral_reset[0]                                                                                                   |                1 |              8 |         8.00 |
|  design_1_i/clk_wiz/inst/clk_out1                                                  | design_1_i/AXI_Input_Interface_0/U0/input_buf[14][0]_31                                                  | design_1_i/rst_clk_wiz_100M/U0/peripheral_reset[0]                                                                                                   |                2 |              8 |         4.00 |
|  design_1_i/clk_wiz/inst/clk_out1                                                  | design_1_i/AXI_Input_Interface_0/U0/input_buf[15][0]_1                                                   | design_1_i/rst_clk_wiz_100M/U0/peripheral_reset[0]                                                                                                   |                2 |              8 |         4.00 |
|  design_1_i/clk_wiz/inst/clk_out1                                                  | design_1_i/AXI_Input_Interface_0/U0/input_buf[6][0]_15                                                   | design_1_i/rst_clk_wiz_100M/U0/peripheral_reset[0]                                                                                                   |                2 |              8 |         4.00 |
|  design_1_i/clk_wiz/inst/clk_out1                                                  | design_1_i/AXI_Input_Interface_0/U0/input_buf[11][1]_24                                                  | design_1_i/rst_clk_wiz_100M/U0/peripheral_reset[0]                                                                                                   |                1 |              8 |         8.00 |
|  design_1_i/clk_wiz/inst/clk_out1                                                  | design_1_i/AXI_Input_Interface_0/U0/input_buf[5][1]_12                                                   | design_1_i/rst_clk_wiz_100M/U0/peripheral_reset[0]                                                                                                   |                2 |              8 |         4.00 |
|  design_1_i/clk_wiz/inst/clk_out1                                                  | design_1_i/AXI_Input_Interface_0/U0/input_buf[13][0]_29                                                  | design_1_i/rst_clk_wiz_100M/U0/peripheral_reset[0]                                                                                                   |                2 |              8 |         4.00 |
|  design_1_i/clk_wiz/inst/clk_out1                                                  | design_1_i/AXI_Input_Interface_0/U0/input_buf[2][0]_7                                                    | design_1_i/rst_clk_wiz_100M/U0/peripheral_reset[0]                                                                                                   |                1 |              8 |         8.00 |
|  design_1_i/clk_wiz/inst/clk_out1                                                  | design_1_i/AXI_Input_Interface_0/U0/input_buf[3][0]_9                                                    | design_1_i/rst_clk_wiz_100M/U0/peripheral_reset[0]                                                                                                   |                1 |              8 |         8.00 |
|  design_1_i/clk_wiz/inst/clk_out1                                                  | design_1_i/AXI_Input_Interface_0/U0/input_buf[4][0]_11                                                   | design_1_i/rst_clk_wiz_100M/U0/peripheral_reset[0]                                                                                                   |                3 |              8 |         2.67 |
|  design_1_i/clk_wiz/inst/clk_out1                                                  | design_1_i/AXI_Input_Interface_0/U0/input_buf[7][0]_17                                                   | design_1_i/rst_clk_wiz_100M/U0/peripheral_reset[0]                                                                                                   |                4 |              8 |         2.00 |
|  design_1_i/clk_wiz/inst/clk_out1                                                  | design_1_i/AXI_Input_Interface_0/U0/input_buf[1][1]_4                                                    | design_1_i/rst_clk_wiz_100M/U0/peripheral_reset[0]                                                                                                   |                1 |              8 |         8.00 |
|  design_1_i/clk_wiz/inst/clk_out1                                                  | design_1_i/AXI_Input_Interface_0/U0/input_buf[7][1]_16                                                   | design_1_i/rst_clk_wiz_100M/U0/peripheral_reset[0]                                                                                                   |                4 |              8 |         2.00 |
|  design_1_i/clk_wiz/inst/clk_out1                                                  | design_1_i/AXI_Input_Interface_0/U0/input_buf[8][1]_18                                                   | design_1_i/rst_clk_wiz_100M/U0/peripheral_reset[0]                                                                                                   |                2 |              8 |         4.00 |
|  design_1_i/clk_wiz/inst/clk_out1                                                  | design_1_i/AXI_Input_Interface_0/U0/input_buf[9][0]_21                                                   | design_1_i/rst_clk_wiz_100M/U0/peripheral_reset[0]                                                                                                   |                4 |              8 |         2.00 |
|  design_1_i/clk_wiz/inst/clk_out1                                                  | design_1_i/AXI_Input_Interface_0/U0/input_buf[1][0]_5                                                    | design_1_i/rst_clk_wiz_100M/U0/peripheral_reset[0]                                                                                                   |                1 |              8 |         8.00 |
|  design_1_i/clk_wiz/inst/clk_out1                                                  | design_1_i/AXI_Input_Interface_0/U0/input_buf[14][1]_30                                                  | design_1_i/rst_clk_wiz_100M/U0/peripheral_reset[0]                                                                                                   |                1 |              8 |         8.00 |
|  design_1_i/clk_wiz/inst/clk_out1                                                  | design_1_i/AXI_Input_Interface_0/U0/input_buf[2][1]_6                                                    | design_1_i/rst_clk_wiz_100M/U0/peripheral_reset[0]                                                                                                   |                2 |              8 |         4.00 |
|  design_1_i/clk_wiz/inst/clk_out1                                                  | design_1_i/AXI_Input_Interface_0/U0/input_buf[5][0]_13                                                   | design_1_i/rst_clk_wiz_100M/U0/peripheral_reset[0]                                                                                                   |                1 |              8 |         8.00 |
|  design_1_i/clk_wiz/inst/clk_out1                                                  | design_1_i/AXI_Input_Interface_0/U0/input_buf[10][1]_22                                                  | design_1_i/rst_clk_wiz_100M/U0/peripheral_reset[0]                                                                                                   |                2 |              8 |         4.00 |
|  design_1_i/clk_wiz/inst/clk_out1                                                  | design_1_i/AXI_Input_Interface_0/U0/input_buf[3][1]_8                                                    | design_1_i/rst_clk_wiz_100M/U0/peripheral_reset[0]                                                                                                   |                1 |              8 |         8.00 |
|  design_1_i/clk_wiz/inst/clk_out1                                                  | design_1_i/AXI_Input_Interface_0/U0/input_buf[9][1]_20                                                   | design_1_i/rst_clk_wiz_100M/U0/peripheral_reset[0]                                                                                                   |                4 |              8 |         2.00 |
|  design_1_i/clk_wiz/inst/clk_out1                                                  | design_1_i/AXI_Input_Interface_0/U0/input_buf[0][0]_3                                                    | design_1_i/rst_clk_wiz_100M/U0/peripheral_reset[0]                                                                                                   |                1 |              8 |         8.00 |
|  design_1_i/clk_wiz/inst/clk_out1                                                  | design_1_i/AXI_Input_Interface_0/U0/input_buf[6][1]_14                                                   | design_1_i/rst_clk_wiz_100M/U0/peripheral_reset[0]                                                                                                   |                2 |              8 |         4.00 |
|  design_1_i/clk_wiz/inst/clk_out1                                                  | design_1_i/AXI_Input_Interface_0/U0/input_buf[8][0]_19                                                   | design_1_i/rst_clk_wiz_100M/U0/peripheral_reset[0]                                                                                                   |                3 |              8 |         2.67 |
|  design_1_i/clk_wiz/inst/clk_out1                                                  | design_1_i/AXI_Input_Interface_0/U0/input_buf[15][1]_0                                                   | design_1_i/rst_clk_wiz_100M/U0/peripheral_reset[0]                                                                                                   |                3 |              8 |         2.67 |
|  design_1_i/clk_wiz/inst/clk_out1                                                  | design_1_i/AXI_Input_Interface_0/U0/input_buf[0][1]_2                                                    | design_1_i/rst_clk_wiz_100M/U0/peripheral_reset[0]                                                                                                   |                1 |              8 |         8.00 |
|  design_1_i/clk_wiz/inst/clk_out1                                                  | design_1_i/AXI_Input_Interface_0/U0/input_buf[12][1]_26                                                  | design_1_i/rst_clk_wiz_100M/U0/peripheral_reset[0]                                                                                                   |                3 |              8 |         2.67 |
|  design_1_i/clk_wiz/inst/clk_out1                                                  | design_1_i/AXI_Input_Interface_0/U0/input_buf[13][1]_28                                                  | design_1_i/rst_clk_wiz_100M/U0/peripheral_reset[0]                                                                                                   |                3 |              8 |         2.67 |
|  design_1_i/clk_wiz/inst/clk_out1                                                  | design_1_i/AXI_Input_Interface_0/U0/input_buf[10][0]_23                                                  | design_1_i/rst_clk_wiz_100M/U0/peripheral_reset[0]                                                                                                   |                1 |              8 |         8.00 |
|  design_1_i/clk_wiz/inst/clk_out1                                                  | design_1_i/AXI_Output_Interface_0/U0/out_data0                                                           |                                                                                                                                                      |                4 |              8 |         2.00 |
|  design_1_i/clk_wiz/inst/clk_out1                                                  | design_1_i/AXI_Input_Interface_0/U0/input_buf[12][0]_27                                                  | design_1_i/rst_clk_wiz_100M/U0/peripheral_reset[0]                                                                                                   |                2 |              8 |         4.00 |
|  design_1_i/clk_wiz/inst/clk_out1                                                  | design_1_i/AXI4Stream_UART_0/U0/UART_Manager_inst/Inst_uart/uart_tx_count[2]_i_1_n_0                     | design_1_i/rst_clk_wiz_100M/U0/peripheral_reset[0]                                                                                                   |                3 |             10 |         3.33 |
|  design_1_i/clk_wiz/inst/clk_out1                                                  | design_1_i/AXI4Stream_UART_0/U0/UART_Manager_inst/Inst_uart/uart_rx_data_vec                             | design_1_i/rst_clk_wiz_100M/U0/peripheral_reset[0]                                                                                                   |                2 |             11 |         5.50 |
|  design_1_i/clk_wiz/inst/clk_out1                                                  |                                                                                                          | design_1_i/AXI4Stream_UART_0/U0/FIFO_DATA_RX/gnuram_async_fifo.xpm_fifo_base_inst/xpm_fifo_rst_inst/wrst_busy                                        |                6 |             12 |         2.00 |
|  design_1_i/clk_wiz/inst/clk_out1                                                  |                                                                                                          | design_1_i/AXI4Stream_UART_0/U0/FIFO_DATA_TX/gnuram_async_fifo.xpm_fifo_base_inst/xpm_fifo_rst_inst/wrst_busy                                        |                5 |             12 |         2.40 |
|  design_1_i/clk_wiz/inst/clk_out1                                                  |                                                                                                          | design_1_i/AXI4Stream_UART_0/U0/FIFO_DATA_RX/gnuram_async_fifo.xpm_fifo_base_inst/xpm_fifo_rst_inst/gen_rst_ic.fifo_rd_rst_ic_reg_0                  |                7 |             15 |         2.14 |
|  design_1_i/clk_wiz/inst/clk_out1                                                  |                                                                                                          | design_1_i/AXI4Stream_UART_0/U0/FIFO_DATA_TX/gnuram_async_fifo.xpm_fifo_base_inst/xpm_fifo_rst_inst/gen_rst_ic.fifo_rd_rst_ic_reg_0                  |                6 |             15 |         2.50 |
|  design_1_i/clk_wiz/inst/clk_out1                                                  | design_1_i/AXI_Output_Interface_0/U0/output_buf[10][1]_14                                                | design_1_i/rst_clk_wiz_100M/U0/peripheral_reset[0]                                                                                                   |                5 |             16 |         3.20 |
|  design_1_i/clk_wiz/inst/clk_out1                                                  | design_1_i/AXI_Output_Interface_0/U0/output_buf[11][1]_0                                                 | design_1_i/rst_clk_wiz_100M/U0/peripheral_reset[0]                                                                                                   |                3 |             16 |         5.33 |
|  design_1_i/clk_wiz/inst/clk_out1                                                  | design_1_i/AXI_Output_Interface_0/U0/output_buf[12][1]_6                                                 | design_1_i/rst_clk_wiz_100M/U0/peripheral_reset[0]                                                                                                   |                3 |             16 |         5.33 |
|  design_1_i/clk_wiz/inst/clk_out1                                                  | design_1_i/AXI_Output_Interface_0/U0/output_buf[5][1]_13                                                 | design_1_i/rst_clk_wiz_100M/U0/peripheral_reset[0]                                                                                                   |                3 |             16 |         5.33 |
|  design_1_i/clk_wiz/inst/clk_out1                                                  | design_1_i/AXI_Output_Interface_0/U0/output_buf[8][1]_10                                                 | design_1_i/rst_clk_wiz_100M/U0/peripheral_reset[0]                                                                                                   |                3 |             16 |         5.33 |
|  design_1_i/clk_wiz/inst/clk_out1                                                  | design_1_i/AXI_Output_Interface_0/U0/output_buf[15][1]_3                                                 | design_1_i/rst_clk_wiz_100M/U0/peripheral_reset[0]                                                                                                   |                5 |             16 |         3.20 |
|  design_1_i/clk_wiz/inst/clk_out1                                                  | design_1_i/AXI_Output_Interface_0/U0/output_buf[14][1]_4                                                 | design_1_i/rst_clk_wiz_100M/U0/peripheral_reset[0]                                                                                                   |                2 |             16 |         8.00 |
|  design_1_i/clk_wiz/inst/clk_out1                                                  | design_1_i/AXI_Output_Interface_0/U0/output_buf[1][1]_8                                                  | design_1_i/rst_clk_wiz_100M/U0/peripheral_reset[0]                                                                                                   |                5 |             16 |         3.20 |
|  design_1_i/clk_wiz/inst/clk_out1                                                  | design_1_i/AXI_Output_Interface_0/U0/output_buf[7][1]_1                                                  | design_1_i/rst_clk_wiz_100M/U0/peripheral_reset[0]                                                                                                   |                5 |             16 |         3.20 |
|  design_1_i/clk_wiz/inst/clk_out1                                                  | design_1_i/AXI_Output_Interface_0/U0/output_buf[6][1]_15                                                 | design_1_i/rst_clk_wiz_100M/U0/peripheral_reset[0]                                                                                                   |                3 |             16 |         5.33 |
|  design_1_i/clk_wiz/inst/clk_out1                                                  | design_1_i/AXI_Output_Interface_0/U0/output_buf[0][1]_9                                                  | design_1_i/rst_clk_wiz_100M/U0/peripheral_reset[0]                                                                                                   |                3 |             16 |         5.33 |
|  design_1_i/clk_wiz/inst/clk_out1                                                  | design_1_i/AXI_Output_Interface_0/U0/output_buf[4][1]_11                                                 | design_1_i/rst_clk_wiz_100M/U0/peripheral_reset[0]                                                                                                   |                2 |             16 |         8.00 |
|  design_1_i/clk_wiz/inst/clk_out1                                                  | design_1_i/AXI_Output_Interface_0/U0/output_buf[9][1]_12                                                 | design_1_i/rst_clk_wiz_100M/U0/peripheral_reset[0]                                                                                                   |                7 |             16 |         2.29 |
|  design_1_i/clk_wiz/inst/clk_out1                                                  | design_1_i/AXI_Output_Interface_0/U0/output_buf[2][1]_7                                                  | design_1_i/rst_clk_wiz_100M/U0/peripheral_reset[0]                                                                                                   |                3 |             16 |         5.33 |
|  design_1_i/clk_wiz/inst/clk_out1                                                  | design_1_i/AXI_Output_Interface_0/U0/output_buf[13][1]_5                                                 | design_1_i/rst_clk_wiz_100M/U0/peripheral_reset[0]                                                                                                   |                3 |             16 |         5.33 |
|  design_1_i/clk_wiz/inst/clk_out1                                                  | design_1_i/AXI_Input_Interface_0/U0/Output[0][7]_i_1_n_0                                                 |                                                                                                                                                      |                8 |             16 |         2.00 |
|  design_1_i/clk_wiz/inst/clk_out1                                                  | design_1_i/AXI_Output_Interface_0/U0/output_buf[3][1]_2                                                  | design_1_i/rst_clk_wiz_100M/U0/peripheral_reset[0]                                                                                                   |                6 |             16 |         2.67 |
|  design_1_i/clk_wiz/inst/clk_out1                                                  | design_1_i/AXI4Stream_UART_0/U0/FIFO_DATA_RX/gnuram_async_fifo.xpm_fifo_base_inst/rdp_inst/E[0]          | design_1_i/AXI4Stream_UART_0/U0/FIFO_DATA_RX/gnuram_async_fifo.xpm_fifo_base_inst/xpm_fifo_rst_inst/gen_rst_ic.fifo_rd_rst_ic_reg_0                  |                6 |             23 |         3.83 |
|  design_1_i/clk_wiz/inst/clk_out1                                                  | design_1_i/AXI4Stream_UART_0/U0/FIFO_DATA_TX/gnuram_async_fifo.xpm_fifo_base_inst/rdp_inst/E[0]          | design_1_i/AXI4Stream_UART_0/U0/FIFO_DATA_TX/gnuram_async_fifo.xpm_fifo_base_inst/xpm_fifo_rst_inst/gen_rst_ic.fifo_rd_rst_ic_reg_0                  |                6 |             23 |         3.83 |
|  design_1_i/SDF_Top_0/U0/SDF_stage_wrap[3].SDF_stage_inst/halfway_pp1_BUFG         |                                                                                                          |                                                                                                                                                      |               15 |             32 |         2.13 |
| ~design_1_i/SDF_Top_0/U0/SDF_stage_wrap[3].SDF_stage_inst/halfway_pp1_BUFG         |                                                                                                          |                                                                                                                                                      |               14 |             32 |         2.29 |
|  design_1_i/SDF_Top_0/U0/SDF_stage_wrap[1].SDF_stage_inst/halfway_pp1_BUFG         |                                                                                                          |                                                                                                                                                      |               12 |             32 |         2.67 |
| ~design_1_i/SDF_Top_0/U0/SDF_stage_wrap[1].SDF_stage_inst/halfway_pp1_BUFG         |                                                                                                          |                                                                                                                                                      |               16 |             32 |         2.00 |
| ~design_1_i/SDF_Top_0/U0/SDF_stage_wrap[2].SDF_stage_inst/halfway_pp1_BUFG         |                                                                                                          |                                                                                                                                                      |               18 |             32 |         1.78 |
|  design_1_i/SDF_Top_0/U0/SDF_stage_wrap[2].SDF_stage_inst/halfway_pp1_BUFG         |                                                                                                          |                                                                                                                                                      |               11 |             32 |         2.91 |
|  design_1_i/SDF_Top_0/U0/SDF_stage_wrap[4].SDF_stage_inst/halfway_pp1_BUFG         |                                                                                                          |                                                                                                                                                      |               11 |             32 |         2.91 |
| ~design_1_i/SDF_Top_0/U0/SDF_stage_wrap[4].SDF_stage_inst/halfway_pp1_BUFG         |                                                                                                          |                                                                                                                                                      |               15 |             32 |         2.13 |
|  design_1_i/clk_wiz/inst/clk_out1                                                  | design_1_i/AXI4Stream_UART_0/U0/FIFO_DATA_RX/gnuram_async_fifo.xpm_fifo_base_inst/xpm_fifo_rst_inst/E[0] | design_1_i/AXI4Stream_UART_0/U0/FIFO_DATA_RX/gnuram_async_fifo.xpm_fifo_base_inst/xpm_fifo_rst_inst/wrst_busy                                        |                9 |             34 |         3.78 |
|  design_1_i/clk_wiz/inst/clk_out1                                                  | design_1_i/AXI4Stream_UART_0/U0/FIFO_DATA_TX/gnuram_async_fifo.xpm_fifo_base_inst/xpm_fifo_rst_inst/E[0] | design_1_i/AXI4Stream_UART_0/U0/FIFO_DATA_TX/gnuram_async_fifo.xpm_fifo_base_inst/xpm_fifo_rst_inst/wrst_busy                                        |               12 |             45 |         3.75 |
|  design_1_i/clk_wiz/inst/clk_out1                                                  |                                                                                                          |                                                                                                                                                      |               53 |            253 |         4.77 |
|  design_1_i/clk_wiz/inst/clk_out1                                                  |                                                                                                          | design_1_i/rst_clk_wiz_100M/U0/peripheral_reset[0]                                                                                                   |              190 |            613 |         3.23 |
+------------------------------------------------------------------------------------+----------------------------------------------------------------------------------------------------------+------------------------------------------------------------------------------------------------------------------------------------------------------+------------------+----------------+--------------+


