INFO: [VRFC 10-2263] Analyzing Verilog file "C:/Github/FFFT/SDF_proj_v2.xpr/SDF_proj_v2/SDF_proj_v2.sim/sim_1/synth/timing/xsim/tb_Axi_Stream_time_synth.v" into library xil_defaultlib
INFO: [VRFC 10-311] analyzing module dbg_hub_CV
INFO: [VRFC 10-311] analyzing module design_1
INFO: [VRFC 10-311] analyzing module design_1_AXI4Stream_UART_0_2
INFO: [VRFC 10-311] analyzing module design_1_AXI4Stream_UART_0_2_AXI4Stream_UART_v1_0
INFO: [VRFC 10-311] analyzing module design_1_AXI4Stream_UART_0_2_UART_Engine
INFO: [VRFC 10-311] analyzing module design_1_AXI4Stream_UART_0_2_UART_Manager
INFO: [VRFC 10-311] analyzing module design_1_AXI4Stream_UART_0_2_xpm_cdc_gray
INFO: [VRFC 10-311] analyzing module design_1_AXI4Stream_UART_0_2_xpm_cdc_gray__4
INFO: [VRFC 10-311] analyzing module design_1_AXI4Stream_UART_0_2_xpm_cdc_gray__5
INFO: [VRFC 10-311] analyzing module design_1_AXI4Stream_UART_0_2_xpm_cdc_gray__6
INFO: [VRFC 10-311] analyzing module design_1_AXI4Stream_UART_0_2_xpm_cdc_gray__parameterized0
INFO: [VRFC 10-311] analyzing module design_1_AXI4Stream_UART_0_2_xpm_cdc_gray__parameterized0__2
INFO: [VRFC 10-311] analyzing module design_1_AXI4Stream_UART_0_2_xpm_cdc_gray__parameterized1
INFO: [VRFC 10-311] analyzing module design_1_AXI4Stream_UART_0_2_xpm_cdc_gray__parameterized1__2
INFO: [VRFC 10-311] analyzing module design_1_AXI4Stream_UART_0_2_xpm_cdc_sync_rst
INFO: [VRFC 10-311] analyzing module design_1_AXI4Stream_UART_0_2_xpm_cdc_sync_rst__4
INFO: [VRFC 10-311] analyzing module design_1_AXI4Stream_UART_0_2_xpm_cdc_sync_rst__5
INFO: [VRFC 10-311] analyzing module design_1_AXI4Stream_UART_0_2_xpm_cdc_sync_rst__6
INFO: [VRFC 10-311] analyzing module design_1_AXI4Stream_UART_0_2_xpm_counter_updn
INFO: [VRFC 10-311] analyzing module design_1_AXI4Stream_UART_0_2_xpm_counter_updn_3
INFO: [VRFC 10-311] analyzing module design_1_AXI4Stream_UART_0_2_xpm_counter_updn__parameterized0
INFO: [VRFC 10-311] analyzing module design_1_AXI4Stream_UART_0_2_xpm_counter_updn__parameterized0_12
INFO: [VRFC 10-311] analyzing module design_1_AXI4Stream_UART_0_2_xpm_counter_updn__parameterized1
INFO: [VRFC 10-311] analyzing module design_1_AXI4Stream_UART_0_2_xpm_counter_updn__parameterized1_6
INFO: [VRFC 10-311] analyzing module design_1_AXI4Stream_UART_0_2_xpm_counter_updn__parameterized2
INFO: [VRFC 10-311] analyzing module design_1_AXI4Stream_UART_0_2_xpm_counter_updn__parameterized2_1
INFO: [VRFC 10-311] analyzing module design_1_AXI4Stream_UART_0_2_xpm_counter_updn__parameterized2_10
INFO: [VRFC 10-311] analyzing module design_1_AXI4Stream_UART_0_2_xpm_counter_updn__parameterized2_7
INFO: [VRFC 10-311] analyzing module design_1_AXI4Stream_UART_0_2_xpm_counter_updn__parameterized3
INFO: [VRFC 10-311] analyzing module design_1_AXI4Stream_UART_0_2_xpm_counter_updn__parameterized3_11
INFO: [VRFC 10-311] analyzing module design_1_AXI4Stream_UART_0_2_xpm_counter_updn__parameterized3_2
INFO: [VRFC 10-311] analyzing module design_1_AXI4Stream_UART_0_2_xpm_counter_updn__parameterized3_8
INFO: [VRFC 10-311] analyzing module design_1_AXI4Stream_UART_0_2_xpm_fifo_async
INFO: [VRFC 10-311] analyzing module design_1_AXI4Stream_UART_0_2_xpm_fifo_async__xdcDup__1
INFO: [VRFC 10-311] analyzing module design_1_AXI4Stream_UART_0_2_xpm_fifo_base
INFO: [VRFC 10-311] analyzing module design_1_AXI4Stream_UART_0_2_xpm_fifo_base__xdcDup__1
INFO: [VRFC 10-311] analyzing module design_1_AXI4Stream_UART_0_2_xpm_fifo_reg_bit
INFO: [VRFC 10-311] analyzing module design_1_AXI4Stream_UART_0_2_xpm_fifo_reg_bit_9
INFO: [VRFC 10-311] analyzing module design_1_AXI4Stream_UART_0_2_xpm_fifo_reg_vec
INFO: [VRFC 10-311] analyzing module design_1_AXI4Stream_UART_0_2_xpm_fifo_reg_vec_0
INFO: [VRFC 10-311] analyzing module design_1_AXI4Stream_UART_0_2_xpm_fifo_reg_vec_4
INFO: [VRFC 10-311] analyzing module design_1_AXI4Stream_UART_0_2_xpm_fifo_reg_vec_5
INFO: [VRFC 10-311] analyzing module design_1_AXI4Stream_UART_0_2_xpm_fifo_rst
INFO: [VRFC 10-311] analyzing module design_1_AXI4Stream_UART_0_2_xpm_fifo_rst__xdcDup__1
INFO: [VRFC 10-311] analyzing module design_1_AXI4Stream_UART_0_2_xpm_memory_base
INFO: [VRFC 10-311] analyzing module design_1_AXI4Stream_UART_0_2_xpm_memory_base__2
INFO: [VRFC 10-311] analyzing module design_1_AXI_Input_Interface_0_0
INFO: [VRFC 10-311] analyzing module design_1_AXI_Input_Interface_0_0_AXI_Input_Interface
INFO: [VRFC 10-311] analyzing module design_1_AXI_Output_Interface_0_0
INFO: [VRFC 10-311] analyzing module design_1_SDF_Top_0_0
INFO: [VRFC 10-311] analyzing module design_1_SDF_Top_0_0_R2_BU
INFO: [VRFC 10-311] analyzing module design_1_SDF_Top_0_0_R2_BU_0
INFO: [VRFC 10-311] analyzing module design_1_SDF_Top_0_0_R2_BU_2
INFO: [VRFC 10-311] analyzing module design_1_SDF_Top_0_0_R2_BU_4
INFO: [VRFC 10-311] analyzing module design_1_SDF_Top_0_0_Rotator
INFO: [VRFC 10-311] analyzing module design_1_SDF_Top_0_0_Rotator_1
INFO: [VRFC 10-311] analyzing module design_1_SDF_Top_0_0_Rotator_3
INFO: [VRFC 10-311] analyzing module design_1_SDF_Top_0_0_Rotator_5
INFO: [VRFC 10-311] analyzing module design_1_SDF_Top_0_0_SDF_Stage
INFO: [VRFC 10-311] analyzing module design_1_SDF_Top_0_0_SDF_Stage__parameterized1
INFO: [VRFC 10-311] analyzing module design_1_SDF_Top_0_0_SDF_Stage__parameterized3
INFO: [VRFC 10-311] analyzing module design_1_SDF_Top_0_0_SDF_Stage__parameterized5
INFO: [VRFC 10-311] analyzing module design_1_SDF_Top_0_0_SDF_Top
INFO: [VRFC 10-311] analyzing module design_1_SDF_Top_0_0_SR_FIFO
INFO: [VRFC 10-311] analyzing module design_1_SDF_Top_0_0_SR_FIFO__parameterized1
INFO: [VRFC 10-311] analyzing module design_1_SDF_Top_0_0_SR_FIFO__parameterized3
INFO: [VRFC 10-311] analyzing module design_1_SDF_Top_0_0_SR_FIFO__parameterized5
INFO: [VRFC 10-311] analyzing module design_1_clk_wiz_0
INFO: [VRFC 10-311] analyzing module design_1_clk_wiz_0_clk_wiz
INFO: [VRFC 10-311] analyzing module design_1_rst_clk_wiz_100M_0
INFO: [VRFC 10-311] analyzing module design_1_rst_clk_wiz_100M_0_cdc_sync
INFO: [VRFC 10-311] analyzing module design_1_rst_clk_wiz_100M_0_cdc_sync_0
INFO: [VRFC 10-311] analyzing module design_1_rst_clk_wiz_100M_0_lpf
INFO: [VRFC 10-311] analyzing module design_1_rst_clk_wiz_100M_0_proc_sys_reset
INFO: [VRFC 10-311] analyzing module design_1_rst_clk_wiz_100M_0_sequence_psr
INFO: [VRFC 10-311] analyzing module design_1_rst_clk_wiz_100M_0_upcnt_n
INFO: [VRFC 10-311] analyzing module design_1_system_ila_0_2
INFO: [VRFC 10-311] analyzing module design_1_system_ila_0_2_bd_378d
INFO: [VRFC 10-311] analyzing module design_1_system_ila_0_2_bd_378d_g_inst_0
INFO: [VRFC 10-311] analyzing module design_1_system_ila_0_2_bd_378d_ila_lib_0
INFO: [VRFC 10-311] analyzing module design_1_wrapper
INFO: [VRFC 10-311] analyzing module CFGLUT5_UNIQ_BASE_
INFO: [VRFC 10-311] analyzing module CFGLUT5_HD1
INFO: [VRFC 10-311] analyzing module CFGLUT5_HD10
INFO: [VRFC 10-311] analyzing module CFGLUT5_HD11
INFO: [VRFC 10-311] analyzing module CFGLUT5_HD12
INFO: [VRFC 10-311] analyzing module CFGLUT5_HD13
INFO: [VRFC 10-311] analyzing module CFGLUT5_HD14
INFO: [VRFC 10-311] analyzing module CFGLUT5_HD15
INFO: [VRFC 10-311] analyzing module CFGLUT5_HD16
INFO: [VRFC 10-311] analyzing module CFGLUT5_HD17
INFO: [VRFC 10-311] analyzing module CFGLUT5_HD18
INFO: [VRFC 10-311] analyzing module CFGLUT5_HD19
INFO: [VRFC 10-311] analyzing module CFGLUT5_HD2
INFO: [VRFC 10-311] analyzing module CFGLUT5_HD20
INFO: [VRFC 10-311] analyzing module CFGLUT5_HD21
INFO: [VRFC 10-311] analyzing module CFGLUT5_HD22
INFO: [VRFC 10-311] analyzing module CFGLUT5_HD23
INFO: [VRFC 10-311] analyzing module CFGLUT5_HD24
INFO: [VRFC 10-311] analyzing module CFGLUT5_HD25
INFO: [VRFC 10-311] analyzing module CFGLUT5_HD26
INFO: [VRFC 10-311] analyzing module CFGLUT5_HD27
INFO: [VRFC 10-311] analyzing module CFGLUT5_HD28
INFO: [VRFC 10-311] analyzing module CFGLUT5_HD29
INFO: [VRFC 10-311] analyzing module CFGLUT5_HD3
INFO: [VRFC 10-311] analyzing module CFGLUT5_HD30
INFO: [VRFC 10-311] analyzing module CFGLUT5_HD31
INFO: [VRFC 10-311] analyzing module CFGLUT5_HD32
INFO: [VRFC 10-311] analyzing module CFGLUT5_HD33
INFO: [VRFC 10-311] analyzing module CFGLUT5_HD34
INFO: [VRFC 10-311] analyzing module CFGLUT5_HD35
INFO: [VRFC 10-311] analyzing module CFGLUT5_HD36
INFO: [VRFC 10-311] analyzing module CFGLUT5_HD37
INFO: [VRFC 10-311] analyzing module CFGLUT5_HD38
INFO: [VRFC 10-311] analyzing module CFGLUT5_HD39
INFO: [VRFC 10-311] analyzing module CFGLUT5_HD4
INFO: [VRFC 10-311] analyzing module CFGLUT5_HD40
INFO: [VRFC 10-311] analyzing module CFGLUT5_HD41
INFO: [VRFC 10-311] analyzing module CFGLUT5_HD42
INFO: [VRFC 10-311] analyzing module CFGLUT5_HD43
INFO: [VRFC 10-311] analyzing module CFGLUT5_HD44
INFO: [VRFC 10-311] analyzing module CFGLUT5_HD45
INFO: [VRFC 10-311] analyzing module CFGLUT5_HD46
INFO: [VRFC 10-311] analyzing module CFGLUT5_HD47
INFO: [VRFC 10-311] analyzing module CFGLUT5_HD48
INFO: [VRFC 10-311] analyzing module CFGLUT5_HD49
INFO: [VRFC 10-311] analyzing module CFGLUT5_HD5
INFO: [VRFC 10-311] analyzing module CFGLUT5_HD50
INFO: [VRFC 10-311] analyzing module CFGLUT5_HD51
INFO: [VRFC 10-311] analyzing module CFGLUT5_HD52
INFO: [VRFC 10-311] analyzing module CFGLUT5_HD53
INFO: [VRFC 10-311] analyzing module CFGLUT5_HD54
INFO: [VRFC 10-311] analyzing module CFGLUT5_HD55
INFO: [VRFC 10-311] analyzing module CFGLUT5_HD56
INFO: [VRFC 10-311] analyzing module CFGLUT5_HD57
INFO: [VRFC 10-311] analyzing module CFGLUT5_HD58
INFO: [VRFC 10-311] analyzing module CFGLUT5_HD59
INFO: [VRFC 10-311] analyzing module CFGLUT5_HD6
INFO: [VRFC 10-311] analyzing module CFGLUT5_HD60
INFO: [VRFC 10-311] analyzing module CFGLUT5_HD61
INFO: [VRFC 10-311] analyzing module CFGLUT5_HD62
INFO: [VRFC 10-311] analyzing module CFGLUT5_HD63
INFO: [VRFC 10-311] analyzing module CFGLUT5_HD64
INFO: [VRFC 10-311] analyzing module CFGLUT5_HD65
INFO: [VRFC 10-311] analyzing module CFGLUT5_HD66
INFO: [VRFC 10-311] analyzing module CFGLUT5_HD67
INFO: [VRFC 10-311] analyzing module CFGLUT5_HD68
INFO: [VRFC 10-311] analyzing module CFGLUT5_HD69
INFO: [VRFC 10-311] analyzing module CFGLUT5_HD7
INFO: [VRFC 10-311] analyzing module CFGLUT5_HD70
INFO: [VRFC 10-311] analyzing module CFGLUT5_HD71
INFO: [VRFC 10-311] analyzing module CFGLUT5_HD72
INFO: [VRFC 10-311] analyzing module CFGLUT5_HD73
INFO: [VRFC 10-311] analyzing module CFGLUT5_HD74
INFO: [VRFC 10-311] analyzing module CFGLUT5_HD75
INFO: [VRFC 10-311] analyzing module CFGLUT5_HD76
INFO: [VRFC 10-311] analyzing module CFGLUT5_HD77
INFO: [VRFC 10-311] analyzing module CFGLUT5_HD78
INFO: [VRFC 10-311] analyzing module CFGLUT5_HD79
INFO: [VRFC 10-311] analyzing module CFGLUT5_HD8
INFO: [VRFC 10-311] analyzing module CFGLUT5_HD80
INFO: [VRFC 10-311] analyzing module CFGLUT5_HD81
INFO: [VRFC 10-311] analyzing module CFGLUT5_HD82
INFO: [VRFC 10-311] analyzing module CFGLUT5_HD83
INFO: [VRFC 10-311] analyzing module CFGLUT5_HD9
INFO: [VRFC 10-311] analyzing module design_1_system_ila_0_2_ila_v6_2_12_ila
INFO: [VRFC 10-311] analyzing module design_1_system_ila_0_2_ila_v6_2_12_ila_cap_addrgen
INFO: [VRFC 10-311] analyzing module design_1_system_ila_0_2_ila_v6_2_12_ila_cap_ctrl_legacy
INFO: [VRFC 10-311] analyzing module design_1_system_ila_0_2_ila_v6_2_12_ila_cap_sample_counter
INFO: [VRFC 10-311] analyzing module design_1_system_ila_0_2_ila_v6_2_12_ila_cap_window_counter
INFO: [VRFC 10-311] analyzing module design_1_system_ila_0_2_ila_v6_2_12_ila_core
INFO: [VRFC 10-311] analyzing module design_1_system_ila_0_2_ila_v6_2_12_ila_register
INFO: [VRFC 10-311] analyzing module design_1_system_ila_0_2_ila_v6_2_12_ila_reset_ctrl
INFO: [VRFC 10-311] analyzing module design_1_system_ila_0_2_ila_v6_2_12_ila_trace_memory
INFO: [VRFC 10-311] analyzing module design_1_system_ila_0_2_ila_v6_2_12_ila_trig_match
INFO: [VRFC 10-311] analyzing module design_1_system_ila_0_2_ila_v6_2_12_ila_trigger
INFO: [VRFC 10-311] analyzing module design_1_system_ila_0_2_ltlib_v1_0_0_all_typeA
INFO: [VRFC 10-311] analyzing module design_1_system_ila_0_2_ltlib_v1_0_0_all_typeA_1
INFO: [VRFC 10-311] analyzing module design_1_system_ila_0_2_ltlib_v1_0_0_all_typeA_10
INFO: [VRFC 10-311] analyzing module design_1_system_ila_0_2_ltlib_v1_0_0_all_typeA_13
INFO: [VRFC 10-311] analyzing module design_1_system_ila_0_2_ltlib_v1_0_0_all_typeA_16
INFO: [VRFC 10-311] analyzing module design_1_system_ila_0_2_ltlib_v1_0_0_all_typeA_24
INFO: [VRFC 10-311] analyzing module design_1_system_ila_0_2_ltlib_v1_0_0_all_typeA_4
INFO: [VRFC 10-311] analyzing module design_1_system_ila_0_2_ltlib_v1_0_0_all_typeA__parameterized0
INFO: [VRFC 10-311] analyzing module design_1_system_ila_0_2_ltlib_v1_0_0_all_typeA__parameterized0_19
INFO: [VRFC 10-311] analyzing module design_1_system_ila_0_2_ltlib_v1_0_0_all_typeA__parameterized1
INFO: [VRFC 10-311] analyzing module design_1_system_ila_0_2_ltlib_v1_0_0_all_typeA__parameterized1_44
INFO: [VRFC 10-311] analyzing module design_1_system_ila_0_2_ltlib_v1_0_0_all_typeA__parameterized1_48
INFO: [VRFC 10-311] analyzing module design_1_system_ila_0_2_ltlib_v1_0_0_all_typeA_slice
INFO: [VRFC 10-311] analyzing module design_1_system_ila_0_2_ltlib_v1_0_0_all_typeA_slice_11
INFO: [VRFC 10-311] analyzing module design_1_system_ila_0_2_ltlib_v1_0_0_all_typeA_slice_14
INFO: [VRFC 10-311] analyzing module design_1_system_ila_0_2_ltlib_v1_0_0_all_typeA_slice_17
INFO: [VRFC 10-311] analyzing module design_1_system_ila_0_2_ltlib_v1_0_0_all_typeA_slice_2
INFO: [VRFC 10-311] analyzing module design_1_system_ila_0_2_ltlib_v1_0_0_all_typeA_slice_23
INFO: [VRFC 10-311] analyzing module design_1_system_ila_0_2_ltlib_v1_0_0_all_typeA_slice_25
INFO: [VRFC 10-311] analyzing module design_1_system_ila_0_2_ltlib_v1_0_0_all_typeA_slice_5
INFO: [VRFC 10-311] analyzing module design_1_system_ila_0_2_ltlib_v1_0_0_all_typeA_slice_8
INFO: [VRFC 10-311] analyzing module design_1_system_ila_0_2_ltlib_v1_0_0_all_typeA_slice__parameterized0
INFO: [VRFC 10-311] analyzing module design_1_system_ila_0_2_ltlib_v1_0_0_all_typeA_slice__parameterized0_20
INFO: [VRFC 10-311] analyzing module design_1_system_ila_0_2_ltlib_v1_0_0_all_typeA_slice__parameterized0_21
INFO: [VRFC 10-311] analyzing module design_1_system_ila_0_2_ltlib_v1_0_0_all_typeA_slice__parameterized0_22
INFO: [VRFC 10-311] analyzing module design_1_system_ila_0_2_ltlib_v1_0_0_all_typeA_slice__parameterized0_6
INFO: [VRFC 10-311] analyzing module design_1_system_ila_0_2_ltlib_v1_0_0_all_typeA_slice__parameterized0_7
INFO: [VRFC 10-311] analyzing module design_1_system_ila_0_2_ltlib_v1_0_0_all_typeA_slice__parameterized1
INFO: [VRFC 10-311] analyzing module design_1_system_ila_0_2_ltlib_v1_0_0_all_typeA_slice__parameterized1_45
INFO: [VRFC 10-311] analyzing module design_1_system_ila_0_2_ltlib_v1_0_0_all_typeA_slice__parameterized1_49
INFO: [VRFC 10-311] analyzing module design_1_system_ila_0_2_ltlib_v1_0_0_all_typeA_slice__parameterized2
INFO: [VRFC 10-311] analyzing module design_1_system_ila_0_2_ltlib_v1_0_0_all_typeA_slice__parameterized2_46
INFO: [VRFC 10-311] analyzing module design_1_system_ila_0_2_ltlib_v1_0_0_all_typeA_slice__parameterized2_50
INFO: [VRFC 10-311] analyzing module design_1_system_ila_0_2_ltlib_v1_0_0_allx_typeA
INFO: [VRFC 10-311] analyzing module design_1_system_ila_0_2_ltlib_v1_0_0_allx_typeA__parameterized0
INFO: [VRFC 10-311] analyzing module design_1_system_ila_0_2_ltlib_v1_0_0_allx_typeA__parameterized0_18
INFO: [VRFC 10-311] analyzing module design_1_system_ila_0_2_ltlib_v1_0_0_allx_typeA__parameterized1
INFO: [VRFC 10-311] analyzing module design_1_system_ila_0_2_ltlib_v1_0_0_allx_typeA__parameterized1_0
INFO: [VRFC 10-311] analyzing module design_1_system_ila_0_2_ltlib_v1_0_0_allx_typeA__parameterized1_12
INFO: [VRFC 10-311] analyzing module design_1_system_ila_0_2_ltlib_v1_0_0_allx_typeA__parameterized1_15
INFO: [VRFC 10-311] analyzing module design_1_system_ila_0_2_ltlib_v1_0_0_allx_typeA__parameterized1_3
INFO: [VRFC 10-311] analyzing module design_1_system_ila_0_2_ltlib_v1_0_0_allx_typeA__parameterized1_9
INFO: [VRFC 10-311] analyzing module design_1_system_ila_0_2_ltlib_v1_0_0_allx_typeA_nodelay
INFO: [VRFC 10-311] analyzing module design_1_system_ila_0_2_ltlib_v1_0_0_allx_typeA_nodelay_43
INFO: [VRFC 10-311] analyzing module design_1_system_ila_0_2_ltlib_v1_0_0_allx_typeA_nodelay_47
INFO: [VRFC 10-311] analyzing module design_1_system_ila_0_2_ltlib_v1_0_0_async_edge_xfer
INFO: [VRFC 10-311] analyzing module design_1_system_ila_0_2_ltlib_v1_0_0_async_edge_xfer__1
INFO: [VRFC 10-311] analyzing module design_1_system_ila_0_2_ltlib_v1_0_0_async_edge_xfer__2
INFO: [VRFC 10-311] analyzing module design_1_system_ila_0_2_ltlib_v1_0_0_async_edge_xfer__3
INFO: [VRFC 10-311] analyzing module design_1_system_ila_0_2_ltlib_v1_0_0_cfglut4
INFO: [VRFC 10-311] analyzing module design_1_system_ila_0_2_ltlib_v1_0_0_cfglut4__1
INFO: [VRFC 10-311] analyzing module design_1_system_ila_0_2_ltlib_v1_0_0_cfglut5
INFO: [VRFC 10-311] analyzing module design_1_system_ila_0_2_ltlib_v1_0_0_cfglut5__1
INFO: [VRFC 10-311] analyzing module design_1_system_ila_0_2_ltlib_v1_0_0_cfglut5__2
INFO: [VRFC 10-311] analyzing module design_1_system_ila_0_2_ltlib_v1_0_0_cfglut6
INFO: [VRFC 10-311] analyzing module design_1_system_ila_0_2_ltlib_v1_0_0_cfglut6__1
INFO: [VRFC 10-311] analyzing module design_1_system_ila_0_2_ltlib_v1_0_0_cfglut6__parameterized0
INFO: [VRFC 10-311] analyzing module design_1_system_ila_0_2_ltlib_v1_0_0_cfglut7
INFO: [VRFC 10-311] analyzing module design_1_system_ila_0_2_ltlib_v1_0_0_cfglut7__1
INFO: [VRFC 10-311] analyzing module design_1_system_ila_0_2_ltlib_v1_0_0_generic_memrd
INFO: [VRFC 10-311] analyzing module design_1_system_ila_0_2_ltlib_v1_0_0_match
INFO: [VRFC 10-311] analyzing module design_1_system_ila_0_2_ltlib_v1_0_0_match__parameterized0
INFO: [VRFC 10-311] analyzing module design_1_system_ila_0_2_ltlib_v1_0_0_match__parameterized0__1
INFO: [VRFC 10-311] analyzing module design_1_system_ila_0_2_ltlib_v1_0_0_match__parameterized1
INFO: [VRFC 10-311] analyzing module design_1_system_ila_0_2_ltlib_v1_0_0_match__parameterized1__1
INFO: [VRFC 10-311] analyzing module design_1_system_ila_0_2_ltlib_v1_0_0_match__parameterized1__2
INFO: [VRFC 10-311] analyzing module design_1_system_ila_0_2_ltlib_v1_0_0_match__parameterized1__3
INFO: [VRFC 10-311] analyzing module design_1_system_ila_0_2_ltlib_v1_0_0_match__parameterized1__4
INFO: [VRFC 10-311] analyzing module design_1_system_ila_0_2_ltlib_v1_0_0_match__parameterized1__5
INFO: [VRFC 10-311] analyzing module design_1_system_ila_0_2_ltlib_v1_0_0_match_nodelay
INFO: [VRFC 10-311] analyzing module design_1_system_ila_0_2_ltlib_v1_0_0_match_nodelay__1
INFO: [VRFC 10-311] analyzing module design_1_system_ila_0_2_ltlib_v1_0_0_match_nodelay__2
INFO: [VRFC 10-311] analyzing module design_1_system_ila_0_2_ltlib_v1_0_0_rising_edge_detection
INFO: [VRFC 10-311] analyzing module design_1_system_ila_0_2_ltlib_v1_0_0_rising_edge_detection__1
INFO: [VRFC 10-311] analyzing module design_1_system_ila_0_2_xsdbs_v1_0_2_reg__parameterized25
INFO: [VRFC 10-311] analyzing module design_1_system_ila_0_2_xsdbs_v1_0_2_reg__parameterized26
INFO: [VRFC 10-311] analyzing module design_1_system_ila_0_2_xsdbs_v1_0_2_reg__parameterized27
INFO: [VRFC 10-311] analyzing module design_1_system_ila_0_2_xsdbs_v1_0_2_reg__parameterized28
INFO: [VRFC 10-311] analyzing module design_1_system_ila_0_2_xsdbs_v1_0_2_reg__parameterized40
INFO: [VRFC 10-311] analyzing module design_1_system_ila_0_2_xsdbs_v1_0_2_reg__parameterized41
INFO: [VRFC 10-311] analyzing module design_1_system_ila_0_2_xsdbs_v1_0_2_reg__parameterized42
INFO: [VRFC 10-311] analyzing module design_1_system_ila_0_2_xsdbs_v1_0_2_reg__parameterized43
INFO: [VRFC 10-311] analyzing module design_1_system_ila_0_2_xsdbs_v1_0_2_reg__parameterized44
INFO: [VRFC 10-311] analyzing module design_1_system_ila_0_2_xsdbs_v1_0_2_reg__parameterized45
INFO: [VRFC 10-311] analyzing module design_1_system_ila_0_2_xsdbs_v1_0_2_reg__parameterized46
INFO: [VRFC 10-311] analyzing module design_1_system_ila_0_2_xsdbs_v1_0_2_reg__parameterized47
INFO: [VRFC 10-311] analyzing module design_1_system_ila_0_2_xsdbs_v1_0_2_reg__parameterized48
INFO: [VRFC 10-311] analyzing module design_1_system_ila_0_2_xsdbs_v1_0_2_reg__parameterized49
INFO: [VRFC 10-311] analyzing module design_1_system_ila_0_2_xsdbs_v1_0_2_reg__parameterized50
INFO: [VRFC 10-311] analyzing module design_1_system_ila_0_2_xsdbs_v1_0_2_reg__parameterized51
INFO: [VRFC 10-311] analyzing module design_1_system_ila_0_2_xsdbs_v1_0_2_reg__parameterized53
INFO: [VRFC 10-311] analyzing module design_1_system_ila_0_2_xsdbs_v1_0_2_reg__parameterized55
INFO: [VRFC 10-311] analyzing module design_1_system_ila_0_2_xsdbs_v1_0_2_reg__parameterized58
INFO: [VRFC 10-311] analyzing module design_1_system_ila_0_2_xsdbs_v1_0_2_reg_ctl
INFO: [VRFC 10-311] analyzing module design_1_system_ila_0_2_xsdbs_v1_0_2_reg_ctl_29
INFO: [VRFC 10-311] analyzing module design_1_system_ila_0_2_xsdbs_v1_0_2_reg_ctl_30
INFO: [VRFC 10-311] analyzing module design_1_system_ila_0_2_xsdbs_v1_0_2_reg_ctl_31
INFO: [VRFC 10-311] analyzing module design_1_system_ila_0_2_xsdbs_v1_0_2_reg_ctl_32
INFO: [VRFC 10-311] analyzing module design_1_system_ila_0_2_xsdbs_v1_0_2_reg_ctl_35
INFO: [VRFC 10-311] analyzing module design_1_system_ila_0_2_xsdbs_v1_0_2_reg_ctl_36
INFO: [VRFC 10-311] analyzing module design_1_system_ila_0_2_xsdbs_v1_0_2_reg_ctl_37
INFO: [VRFC 10-311] analyzing module design_1_system_ila_0_2_xsdbs_v1_0_2_reg_ctl_38
INFO: [VRFC 10-311] analyzing module design_1_system_ila_0_2_xsdbs_v1_0_2_reg_ctl_39
INFO: [VRFC 10-311] analyzing module design_1_system_ila_0_2_xsdbs_v1_0_2_reg_ctl_42
INFO: [VRFC 10-311] analyzing module design_1_system_ila_0_2_xsdbs_v1_0_2_reg_ctl__parameterized0
INFO: [VRFC 10-311] analyzing module design_1_system_ila_0_2_xsdbs_v1_0_2_reg_ctl__parameterized1
INFO: [VRFC 10-311] analyzing module design_1_system_ila_0_2_xsdbs_v1_0_2_reg_ctl__parameterized1_33
INFO: [VRFC 10-311] analyzing module design_1_system_ila_0_2_xsdbs_v1_0_2_reg_ctl__parameterized1_34
INFO: [VRFC 10-311] analyzing module design_1_system_ila_0_2_xsdbs_v1_0_2_reg_p2s
INFO: [VRFC 10-311] analyzing module design_1_system_ila_0_2_xsdbs_v1_0_2_reg_p2s__parameterized0
INFO: [VRFC 10-311] analyzing module design_1_system_ila_0_2_xsdbs_v1_0_2_reg_p2s__parameterized1
INFO: [VRFC 10-311] analyzing module design_1_system_ila_0_2_xsdbs_v1_0_2_reg_p2s__parameterized2
INFO: [VRFC 10-311] analyzing module design_1_system_ila_0_2_xsdbs_v1_0_2_reg_p2s__parameterized3
INFO: [VRFC 10-311] analyzing module design_1_system_ila_0_2_xsdbs_v1_0_2_reg_p2s__parameterized4
INFO: [VRFC 10-311] analyzing module design_1_system_ila_0_2_xsdbs_v1_0_2_reg_p2s__parameterized5
INFO: [VRFC 10-311] analyzing module design_1_system_ila_0_2_xsdbs_v1_0_2_reg_p2s__parameterized6
INFO: [VRFC 10-311] analyzing module design_1_system_ila_0_2_xsdbs_v1_0_2_reg_p2s__parameterized7
INFO: [VRFC 10-311] analyzing module design_1_system_ila_0_2_xsdbs_v1_0_2_reg_p2s__parameterized8
INFO: [VRFC 10-311] analyzing module design_1_system_ila_0_2_xsdbs_v1_0_2_reg_stat
INFO: [VRFC 10-311] analyzing module design_1_system_ila_0_2_xsdbs_v1_0_2_reg_stat_26
INFO: [VRFC 10-311] analyzing module design_1_system_ila_0_2_xsdbs_v1_0_2_reg_stat_27
INFO: [VRFC 10-311] analyzing module design_1_system_ila_0_2_xsdbs_v1_0_2_reg_stat_28
INFO: [VRFC 10-311] analyzing module design_1_system_ila_0_2_xsdbs_v1_0_2_reg_stat_40
INFO: [VRFC 10-311] analyzing module design_1_system_ila_0_2_xsdbs_v1_0_2_reg_stat_41
INFO: [VRFC 10-311] analyzing module design_1_system_ila_0_2_xsdbs_v1_0_2_reg_stream
INFO: [VRFC 10-311] analyzing module design_1_system_ila_0_2_xsdbs_v1_0_2_reg_stream__parameterized0
INFO: [VRFC 10-311] analyzing module design_1_system_ila_0_2_xsdbs_v1_0_2_xsdbs
INFO: [VRFC 10-311] analyzing module design_1_system_ila_0_2_blk_mem_gen_v8_4_5
INFO: [VRFC 10-311] analyzing module design_1_system_ila_0_2_blk_mem_gen_v8_4_5_blk_mem_gen_generic_cstr
INFO: [VRFC 10-311] analyzing module design_1_system_ila_0_2_blk_mem_gen_v8_4_5_blk_mem_gen_prim_width
INFO: [VRFC 10-311] analyzing module design_1_system_ila_0_2_blk_mem_gen_v8_4_5_blk_mem_gen_prim_width__parameterized0
INFO: [VRFC 10-311] analyzing module design_1_system_ila_0_2_blk_mem_gen_v8_4_5_blk_mem_gen_prim_wrapper
INFO: [VRFC 10-311] analyzing module design_1_system_ila_0_2_blk_mem_gen_v8_4_5_blk_mem_gen_prim_wrapper__parameterized0
INFO: [VRFC 10-311] analyzing module design_1_system_ila_0_2_blk_mem_gen_v8_4_5_blk_mem_gen_top
INFO: [VRFC 10-311] analyzing module design_1_system_ila_0_2_blk_mem_gen_v8_4_5_synth
INFO: [VRFC 10-311] analyzing module glbl
